[2026-06-26T20:15:40.039Z] [INFO] 🚀 InnoFaso backend démarré sur le port 5000 (development)
[2026-06-26T20:15:40.437Z] [INFO] ⏰ Cron des alertes démarré.
[2026-06-26T20:15:40.041Z] [INFO]    CORS autorisé : http://localhost:3000
[2026-06-26T20:15:46.019Z] [INFO] [0mPOST /api/v1/auth/login [32m200[0m 1715.576 ms - 551[0m
[2026-06-26T20:15:47.681Z] [INFO] [0mGET /api/v1/planning/lignes [32m200[0m 27.919 ms - 472[0m
[2026-06-26T20:15:47.707Z] [INFO] [0mGET /api/v1/alertes/non-lues/count [32m200[0m 59.207 ms - 12[0m
[2026-06-26T20:15:47.761Z] [INFO] [0mGET /api/v1/planning/lignes [36m304[0m 21.034 ms - -[0m
[2026-06-26T20:15:47.763Z] [INFO] [0mGET /api/v1/alertes/non-lues/count [36m304[0m 17.944 ms - -[0m
[2026-06-26T20:15:47.874Z] [INFO] [0mGET /api/v1/planning/suivi-equipements?mois=6&annee=2026 [32m200[0m 204.004 ms - 7604[0m
[2026-06-26T20:15:47.891Z] [INFO] [0mGET /api/v1/planning/suivi-equipements?mois=6&annee=2026 [36m304[0m 7.121 ms - -[0m
[2026-06-26T20:15:47.947Z] [INFO] [0mGET /api/v1/planning/graphiques?mois=6&annee=2026 [32m200[0m 286.019 ms - 2902[0m
[2026-06-26T20:15:47.976Z] [INFO] [0mGET /api/v1/planning/graphiques?mois=6&annee=2026 [36m304[0m 18.577 ms - -[0m
[2026-06-26T20:15:47.984Z] [INFO] [0mGET /api/v1/planning/synthese?mois=6&annee=2026 [32m200[0m 326.762 ms - 2023[0m
[2026-06-26T20:15:48.042Z] [INFO] [0mGET /api/v1/planning/synthese?mois=6&annee=2026 [36m304[0m 50.425 ms - -[0m
[2026-06-26T20:16:01.841Z] [INFO] [0mGET /api/v1/planning/equipements/courbe-correctives?type=mois&date=2026-06-01 [32m200[0m 10.093 ms - 409[0m
[2026-06-26T20:16:01.843Z] [INFO] [0mGET /api/v1/alertes/non-lues/count [36m304[0m 7.536 ms - -[0m
[2026-06-26T20:16:01.855Z] [INFO] [0mGET /api/v1/equipements [32m200[0m 20.622 ms - 8247[0m
[2026-06-26T20:16:01.875Z] [INFO] [0mGET /api/v1/planning/equipements/courbe-correctives?type=mois&date=2026-06-01 [36m304[0m 12.477 ms - -[0m
[2026-06-26T20:16:01.903Z] [INFO] [0mGET /api/v1/equipements [36m304[0m 30.584 ms - -[0m
[2026-06-26T20:16:02.069Z] [ERROR] Cannot find module 'axios'
Require stack:
- D:\Dossiers\INNOFASO\innofasopro1\innofaso_backend\src\services\ia.service.js
- D:\Dossiers\INNOFASO\innofasopro1\innofaso_backend\src\modules\equipements\equipements.routes.js
- D:\Dossiers\INNOFASO\innofasopro1\innofaso_backend\app.js {"stack":"Error: Cannot find module 'axios'\nRequire stack:\n- D:\\Dossiers\\INNOFASO\\innofasopro1\\innofaso_backend\\src\\services\\ia.service.js\n- D:\\Dossiers\\INNOFASO\\innofasopro1\\innofaso_backend\\src\\modules\\equipements\\equipements.routes.js\n- D:\\Dossiers\\INNOFASO\\innofasopro1\\innofaso_backend\\app.js\n    at Module._resolveFilename (node:internal/modules/cjs/loader:1475:15)\n    at wrapResolveFilename (node:internal/modules/cjs/loader:1048:27)\n    at defaultResolveImplForCJSLoading (node:internal/modules/cjs/loader:1072:10)\n    at resolveForCJSWithHooks (node:internal/modules/cjs/loader:1093:12)\n    at Module._load (node:internal/modules/cjs/loader:1261:25)\n    at wrapModuleLoad (node:internal/modules/cjs/loader:255:19)\n    at Module.require (node:internal/modules/cjs/loader:1575:12)\n    at require (node:internal/modules/helpers:191:16)\n    at Object.<anonymous> (D:\\Dossiers\\INNOFASO\\innofasopro1\\innofaso_backend\\src\\services\\ia.service.js:1:15)\n    at Module._compile (node:internal/modules/cjs/loader:1829:14)\n    at Object..js (node:internal/modules/cjs/loader:1969:10)\n    at Module.load (node:internal/modules/cjs/loader:1552:32)\n    at Module._load (node:internal/modules/cjs/loader:1354:12)\n    at wrapModuleLoad (node:internal/modules/cjs/loader:255:19)\n    at Module.require (node:internal/modules/cjs/loader:1575:12)\n    at require (node:internal/modules/helpers:191:16)","method":"GET","url":"/api/v1/equipements/ia/predictions?mois=6&annee=2026","ip":"127.0.0.1","user":"admin@innofaso.com"}
[2026-06-26T20:16:02.073Z] [INFO] [0mGET /api/v1/equipements/ia/predictions?mois=6&annee=2026 [31m500[0m 8.643 ms - 1754[0m
[2026-06-26T20:17:01.706Z] [INFO] [0mGET /api/v1/alertes/non-lues/count [36m304[0m 2.525 ms - -[0m
[2026-06-26T20:17:30.134Z] [INFO] [0mGET /api/v1/alertes/non-lues/count [36m304[0m 18.623 ms - -[0m
[2026-06-26T20:17:30.249Z] [INFO] [0mGET /api/v1/planning/lignes [36m304[0m 131.324 ms - -[0m
[2026-06-26T20:17:30.262Z] [INFO] [0mGET /api/v1/planning/lignes [36m304[0m 4.564 ms - -[0m
[2026-06-26T20:17:30.287Z] [INFO] [0mGET /api/v1/planning/suivi-equipements?mois=6&annee=2026 [36m304[0m 156.804 ms - -[0m
[2026-06-26T20:17:30.305Z] [INFO] [0mGET /api/v1/planning/suivi-equipements?mois=6&annee=2026 [36m304[0m 7.839 ms - -[0m
[2026-06-26T20:17:30.318Z] [INFO] [0mGET /api/v1/planning/graphiques?mois=6&annee=2026 [36m304[0m 195.429 ms - -[0m
[2026-06-26T20:17:30.341Z] [INFO] [0mGET /api/v1/planning/synthese?mois=6&annee=2026 [36m304[0m 220.636 ms - -[0m
[2026-06-26T20:17:30.356Z] [INFO] [0mGET /api/v1/planning/graphiques?mois=6&annee=2026 [36m304[0m 31.640 ms - -[0m
[2026-06-26T20:17:30.417Z] [INFO] [0mGET /api/v1/planning/synthese?mois=6&annee=2026 [36m304[0m 65.360 ms - -[0m
[2026-06-26T20:17:36.107Z] [INFO] 🚀 InnoFaso backend démarré sur le port 5000 (development)
[2026-06-26T20:17:36.109Z] [INFO]    CORS autorisé : http://localhost:3000
[2026-06-26T20:17:36.134Z] [INFO] ⏰ Cron des alertes démarré.
[2026-06-26T20:17:46.063Z] [INFO] [0mGET /api/v1/rapports/mensuel-indicateurs?annee=2026&mois=6 [32m200[0m 136.591 ms - 1381[0m
[2026-06-26T20:18:30.111Z] [INFO] [0mGET /api/v1/alertes/non-lues/count [36m304[0m 12.454 ms - -[0m
[2026-06-26T20:19:06.909Z] [INFO] [0mGET /api/v1/planning/equipements/courbe-correctives?type=mois&date=2026-06-01 [36m304[0m 17.201 ms - -[0m
[2026-06-26T20:19:06.928Z] [INFO] [0mGET /api/v1/planning/equipements/courbe-correctives?type=mois&date=2026-06-01 [36m304[0m 7.721 ms - -[0m
[2026-06-26T20:19:07.017Z] [INFO] [0mGET /api/v1/alertes/non-lues/count [36m304[0m 121.874 ms - -[0m
[2026-06-26T20:19:07.031Z] [INFO] [0mGET /api/v1/equipements [36m304[0m 134.006 ms - -[0m
[2026-06-26T20:19:07.048Z] [INFO] [0mGET /api/v1/equipements [36m304[0m 7.395 ms - -[0m
[2026-06-26T20:20:07.777Z] [INFO] [0mGET /api/v1/alertes/non-lues/count [36m304[0m 78.076 ms - -[0m
[2026-06-26T20:21:07.720Z] [INFO] [0mGET /api/v1/alertes/non-lues/count [36m304[0m 6.606 ms - -[0m
[2026-06-26T20:22:07.712Z] [INFO] [0mGET /api/v1/alertes/non-lues/count [36m304[0m 5.576 ms - -[0m
[2026-06-26T20:23:07.913Z] [INFO] [0mGET /api/v1/alertes/non-lues/count [36m304[0m 192.952 ms - -[0m
[2026-06-26T20:28:16.811Z] [INFO] 🚀 InnoFaso backend démarré sur le port 5000 (development)
[2026-06-26T20:28:16.812Z] [INFO]    CORS autorisé : http://localhost:3000
[2026-06-26T20:28:16.955Z] [INFO] ⏰ Cron des alertes démarré.
[2026-06-26T20:30:13.703Z] [INFO] [0mGET /api/v1/alertes/non-lues/count [36m304[0m 99.481 ms - -[0m
[2026-06-26T20:30:16.766Z] [INFO] [0mGET /api/v1/auth/me [32m200[0m 3.814 ms - 145[0m
[2026-06-26T20:30:16.782Z] [INFO] [0mGET /api/v1/auth/me [36m304[0m 2.756 ms - -[0m
[2026-06-26T20:30:16.883Z] [INFO] [0mGET /api/v1/alertes/non-lues/count [36m304[0m 14.308 ms - -[0m
[2026-06-26T20:30:16.903Z] [INFO] [0mGET /api/v1/alertes/non-lues/count [36m304[0m 3.649 ms - -[0m
[2026-06-26T20:30:17.023Z] [INFO] [0mGET /api/v1/equipements [36m304[0m 143.415 ms - -[0m
[2026-06-26T20:30:17.030Z] [INFO] [0mGET /api/v1/planning/equipements/courbe-correctives?type=mois&date=2026-06-01 [36m304[0m 157.403 ms - -[0m
[2026-06-26T20:30:17.065Z] [INFO] [0mGET /api/v1/planning/equipements/courbe-correctives?type=mois&date=2026-06-01 [36m304[0m 14.757 ms - -[0m
[2026-06-26T20:30:17.073Z] [INFO] [0mGET /api/v1/equipements [36m304[0m 28.708 ms - -[0m
[2026-06-26T20:30:18.378Z] [INFO] [0mGET /api/v1/equipements/ia/predictions?mois=6&annee=2026 [32m200[0m 1165.147 ms - 1954[0m
[2026-06-26T20:30:22.070Z] [INFO] [0mGET /api/v1/auth/me [36m304[0m 2.750 ms - -[0m
[2026-06-26T20:30:22.081Z] [INFO] [0mGET /api/v1/auth/me [36m304[0m 1.752 ms - -[0m
[2026-06-26T20:30:22.170Z] [INFO] [0mGET /api/v1/alertes/non-lues/count [36m304[0m 7.916 ms - -[0m
[2026-06-26T20:30:22.185Z] [INFO] [0mGET /api/v1/planning/equipements/courbe-correctives?type=mois&date=2026-06-01 [36m304[0m 16.869 ms - -[0m
[2026-06-26T20:30:22.191Z] [INFO] [0mGET /api/v1/equipements [36m304[0m 12.385 ms - -[0m
[2026-06-26T20:30:22.199Z] [INFO] [0mGET /api/v1/alertes/non-lues/count [36m304[0m 16.659 ms - -[0m
[2026-06-26T20:30:22.221Z] [INFO] [0mGET /api/v1/equipements [36m304[0m 8.805 ms - -[0m
[2026-06-26T20:30:22.224Z] [INFO] [0mGET /api/v1/planning/equipements/courbe-correctives?type=mois&date=2026-06-01 [36m304[0m 14.841 ms - -[0m
[2026-06-26T20:30:22.775Z] [INFO] [0mGET /api/v1/equipements/ia/predictions?mois=6&annee=2026 [36m304[0m 455.755 ms - -[0m
[2026-06-26T20:31:22.165Z] [INFO] [0mGET /api/v1/alertes/non-lues/count [36m304[0m 6.522 ms - -[0m
[2026-06-26T20:31:48.026Z] [INFO] [0mPOST /api/v1/equipements/ia/classify [32m200[0m 49.573 ms - 105[0m
[2026-06-26T20:32:22.153Z] [INFO] [0mGET /api/v1/alertes/non-lues/count [36m304[0m 5.885 ms - -[0m
[2026-06-26T20:32:59.390Z] [INFO] [0mGET /api/v1/alertes/non-lues/count [36m304[0m 4.405 ms - -[0m
[2026-06-26T20:32:59.401Z] [INFO] [0mGET /api/v1/planning/lignes [36m304[0m 8.040 ms - -[0m
[2026-06-26T20:32:59.437Z] [INFO] [0mGET /api/v1/planning/suivi-equipements?mois=6&annee=2026 [36m304[0m 30.123 ms - -[0m
[2026-06-26T20:32:59.455Z] [INFO] [0mGET /api/v1/planning/suivi-equipements?mois=6&annee=2026 [36m304[0m 10.797 ms - -[0m
[2026-06-26T20:32:59.538Z] [INFO] [0mGET /api/v1/planning/lignes [36m304[0m 126.946 ms - -[0m
[2026-06-26T20:32:59.572Z] [INFO] [0mGET /api/v1/planning/graphiques?mois=6&annee=2026 [36m304[0m 164.672 ms - -[0m
[2026-06-26T20:32:59.600Z] [INFO] [0mGET /api/v1/planning/synthese?mois=6&annee=2026 [36m304[0m 201.784 ms - -[0m
[2026-06-26T20:32:59.602Z] [INFO] [0mGET /api/v1/planning/graphiques?mois=6&annee=2026 [36m304[0m 21.343 ms - -[0m
[2026-06-26T20:32:59.661Z] [INFO] [0mGET /api/v1/planning/synthese?mois=6&annee=2026 [36m304[0m 52.757 ms - -[0m
[2026-06-26T20:33:31.005Z] [INFO] [0mGET /api/v1/alertes/non-lues/count [36m304[0m 10.528 ms - -[0m
[2026-06-26T20:33:31.009Z] [INFO] [0mGET /api/v1/planning/equipements/courbe-correctives?type=mois&date=2026-06-01 [36m304[0m 12.388 ms - -[0m
[2026-06-26T20:33:31.020Z] [INFO] [0mGET /api/v1/equipements [36m304[0m 17.979 ms - -[0m
[2026-06-26T20:33:31.032Z] [INFO] [0mGET /api/v1/planning/equipements/courbe-correctives?type=mois&date=2026-06-01 [36m304[0m 8.898 ms - -[0m
[2026-06-26T20:33:31.038Z] [INFO] [0mGET /api/v1/equipements [36m304[0m 9.693 ms - -[0m
[2026-06-26T20:33:47.672Z] [INFO] [0mGET /api/v1/alertes/non-lues/count [36m304[0m 5.120 ms - -[0m
[2026-06-26T20:33:47.695Z] [INFO] [0mGET /api/v1/formulaires?module=MAINTENANCE&actif=true [32m200[0m 29.589 ms - 15650[0m
[2026-06-26T20:33:47.714Z] [INFO] [0mGET /api/v1/formulaires?module=MAINTENANCE&actif=true [36m304[0m 8.589 ms - -[0m
[2026-06-26T20:34:41.562Z] [INFO] [0mGET /api/v1/alertes/non-lues/count [36m304[0m 5.486 ms - -[0m
[2026-06-26T20:34:41.573Z] [INFO] [0mGET /api/v1/alertes?statut=NON_LUE&module=MAINTENANCE&page=1&limit=20 [32m200[0m 15.184 ms - 9701[0m
[2026-06-26T20:34:41.591Z] [INFO] [0mGET /api/v1/alertes?statut=NON_LUE&module=MAINTENANCE&page=1&limit=20 [36m304[0m 7.564 ms - -[0m
[2026-06-26T20:34:56.446Z] [INFO] [0mGET /api/v1/alertes/non-lues/count [36m304[0m 6.289 ms - -[0m
[2026-06-26T20:34:56.452Z] [INFO] [0mGET /api/v1/equipements [36m304[0m 10.332 ms - -[0m
[2026-06-26T20:34:56.496Z] [INFO] [0mGET /api/v1/equipements [36m304[0m 31.390 ms - -[0m
[2026-06-26T20:34:56.594Z] [INFO] [0mGET /api/v1/planning/equipements/courbe-correctives?type=mois&date=2026-06-01 [36m304[0m 150.825 ms - -[0m
[2026-06-26T20:34:56.604Z] [INFO] [0mGET /api/v1/planning/equipements/courbe-correctives?type=mois&date=2026-06-01 [36m304[0m 2.814 ms - -[0m
[2026-06-26T20:34:57.801Z] [INFO] [0mGET /api/v1/alertes/non-lues/count [36m304[0m 11.558 ms - -[0m
[2026-06-26T20:34:57.804Z] [INFO] [0mGET /api/v1/planning/lignes [36m304[0m 13.139 ms - -[0m
[2026-06-26T20:34:57.819Z] [INFO] [0mGET /api/v1/planning/lignes [36m304[0m 3.010 ms - -[0m
[2026-06-26T20:34:57.822Z] [INFO] [0mGET /api/v1/planning/suivi-equipements?mois=6&annee=2026 [36m304[0m 19.007 ms - -[0m
[2026-06-26T20:34:57.842Z] [INFO] [0mGET /api/v1/planning/suivi-equipements?mois=6&annee=2026 [36m304[0m 7.941 ms - -[0m
[2026-06-26T20:34:57.883Z] [INFO] [0mGET /api/v1/planning/synthese?mois=6&annee=2026 [36m304[0m 88.378 ms - -[0m
[2026-06-26T20:34:57.949Z] [INFO] [0mGET /api/v1/planning/graphiques?mois=6&annee=2026 [36m304[0m 151.765 ms - -[0m
[2026-06-26T20:34:57.953Z] [INFO] [0mGET /api/v1/planning/synthese?mois=6&annee=2026 [36m304[0m 62.465 ms - -[0m
[2026-06-26T20:34:57.984Z] [INFO] [0mGET /api/v1/planning/graphiques?mois=6&annee=2026 [36m304[0m 24.595 ms - -[0m
[2026-06-26T20:35:04.294Z] [INFO] [0mGET /api/v1/alertes/non-lues/count [36m304[0m 6.180 ms - -[0m
[2026-06-26T20:35:04.298Z] [INFO] [0mGET /api/v1/planning/equipements/courbe-correctives?type=mois&date=2026-06-01 [36m304[0m 7.613 ms - -[0m
[2026-06-26T20:35:04.305Z] [INFO] [0mGET /api/v1/equipements [36m304[0m 14.078 ms - -[0m
[2026-06-26T20:35:04.316Z] [INFO] [0mGET /api/v1/planning/equipements/courbe-correctives?type=mois&date=2026-06-01 [36m304[0m 4.398 ms - -[0m
[2026-06-26T20:35:04.325Z] [INFO] [0mGET /api/v1/equipements [36m304[0m 6.143 ms - -[0m
[2026-06-26T20:35:42.772Z] [INFO] [0mGET /api/v1/alertes/non-lues/count [36m304[0m 4.570 ms - -[0m
[2026-06-26T20:35:42.782Z] [INFO] [0mGET /api/v1/formulaires?module=MAINTENANCE&actif=true [36m304[0m 12.676 ms - -[0m
[2026-06-26T20:35:42.800Z] [INFO] [0mGET /api/v1/formulaires?module=MAINTENANCE&actif=true [36m304[0m 7.361 ms - -[0m
[2026-06-26T20:35:47.631Z] [INFO] [0mGET /api/v1/alertes/non-lues/count [36m304[0m 2.871 ms - -[0m
[2026-06-26T20:35:47.652Z] [INFO] [0mGET /api/v1/processus/counts?utilisateur_id=fba3654e-c170-476f-94f7-cc2332a3a660 [32m200[0m 24.651 ms - 159[0m
[2026-06-26T20:35:47.664Z] [INFO] [0mGET /api/v1/processus/counts?utilisateur_id=fba3654e-c170-476f-94f7-cc2332a3a660 [36m304[0m 3.021 ms - -[0m
[2026-06-26T20:35:49.001Z] [INFO] [0mGET /api/v1/alertes/non-lues/count [36m304[0m 8.895 ms - -[0m
[2026-06-26T20:35:49.004Z] [INFO] [0mGET /api/v1/planning/lignes [36m304[0m 9.196 ms - -[0m
[2026-06-26T20:35:49.003Z] [INFO] [0mGET /api/v1/planning/maintenanciers/lister [32m200[0m 8.987 ms - 695[0m
[2026-06-26T20:35:49.008Z] [INFO] [0mGET /api/v1/planning/formulaires/disponibles [32m200[0m 10.159 ms - 8743[0m
[2026-06-26T20:35:49.026Z] [INFO] [0mGET /api/v1/planning/maintenanciers/lister [36m304[0m 5.680 ms - -[0m
[2026-06-26T20:35:49.031Z] [INFO] [0mGET /api/v1/planning/lignes [36m304[0m 6.427 ms - -[0m
[2026-06-26T20:35:49.038Z] [INFO] [0mGET /api/v1/planning/formulaires/disponibles [36m304[0m 14.482 ms - -[0m
[2026-06-26T20:35:49.095Z] [INFO] [0mGET /api/v1/utilisateurs/liste-signataires [32m200[0m 96.214 ms - 650[0m
[2026-06-26T20:35:49.104Z] [INFO] [0mGET /api/v1/utilisateurs/liste-signataires [36m304[0m 1.384 ms - -[0m
[2026-06-26T20:35:49.172Z] [INFO] [0mGET /api/v1/planning/mois?ligne_id=c3e56289-afb2-44b8-b9da-be7deda29242&mois=6&annee=2026&semaine_index=4 [32m200[0m 59.566 ms - 47440[0m
[2026-06-26T20:36:42.661Z] [INFO] [0mPOST /api/v1/planning/quart/formulaire/toggle [32m200[0m 29.499 ms - 213[0m
[2026-06-26T20:36:42.694Z] [INFO] [0mGET /api/v1/planning/mois?ligne_id=c3e56289-afb2-44b8-b9da-be7deda29242&mois=6&annee=2026&semaine_index=4 [32m200[0m 17.430 ms - 47579[0m
[2026-06-26T20:36:44.534Z] [INFO] [0mPOST /api/v1/planning/quart/formulaire/toggle [32m200[0m 5.795 ms - 213[0m
[2026-06-26T20:36:44.557Z] [INFO] [0mGET /api/v1/planning/mois?ligne_id=c3e56289-afb2-44b8-b9da-be7deda29242&mois=6&annee=2026&semaine_index=4 [32m200[0m 12.798 ms - 47735[0m
[2026-06-26T20:36:46.971Z] [INFO] [0mPOST /api/v1/planning/quart/formulaire/toggle [32m200[0m 11.805 ms - 20[0m
[2026-06-26T20:36:46.994Z] [INFO] [0mGET /api/v1/planning/mois?ligne_id=c3e56289-afb2-44b8-b9da-be7deda29242&mois=6&annee=2026&semaine_index=4 [32m200[0m 12.884 ms - 47595[0m
[2026-06-26T20:36:47.813Z] [INFO] [0mPOST /api/v1/planning/quart/formulaire/toggle [32m200[0m 4.487 ms - 20[0m
[2026-06-26T20:36:47.838Z] [INFO] [0mGET /api/v1/planning/mois?ligne_id=c3e56289-afb2-44b8-b9da-be7deda29242&mois=6&annee=2026&semaine_index=4 [32m200[0m 14.759 ms - 47440[0m
[2026-06-26T20:36:49.015Z] [INFO] [0mGET /api/v1/alertes/non-lues/count [36m304[0m 9.750 ms - -[0m
[2026-06-26T20:37:19.913Z] [INFO] [0mGET /api/v1/planning/lignes [36m304[0m 9.857 ms - -[0m
[2026-06-26T20:37:19.925Z] [INFO] [0mGET /api/v1/planning/lignes [36m304[0m 2.951 ms - -[0m
[2026-06-26T20:37:20.033Z] [INFO] [0mGET /api/v1/utilisateurs/liste-signataires [36m304[0m 127.340 ms - -[0m
[2026-06-26T20:37:20.038Z] [INFO] [0mGET /api/v1/planning/equipements-et-lignes [32m200[0m 131.570 ms - 2786[0m
[2026-06-26T20:37:20.043Z] [INFO] [0mGET /api/v1/utilisateurs/liste-signataires [36m304[0m 1.104 ms - -[0m
[2026-06-26T20:37:20.045Z] [INFO] [0mGET /api/v1/planning/maintenanciers/lister [36m304[0m 137.652 ms - -[0m
[2026-06-26T20:37:20.052Z] [INFO] [0mGET /api/v1/planning/formulaires/disponibles [36m304[0m 142.829 ms - -[0m
[2026-06-26T20:37:20.057Z] [INFO] [0mGET /api/v1/planning/equipements-et-lignes [36m304[0m 7.422 ms - -[0m
[2026-06-26T20:37:20.061Z] [INFO] [0mGET /api/v1/planning/maintenanciers/lister [36m304[0m 5.065 ms - -[0m
[2026-06-26T20:37:20.067Z] [INFO] [0mGET /api/v1/planning/formulaires/disponibles [36m304[0m 5.187 ms - -[0m
[2026-06-26T20:37:22.666Z] [INFO] [0mGET /api/v1/planning/maintenanciers/lister [36m304[0m 3.889 ms - -[0m
[2026-06-26T20:37:22.668Z] [INFO] [0mGET /api/v1/utilisateurs/liste-signataires [36m304[0m 3.047 ms - -[0m
[2026-06-26T20:37:22.681Z] [INFO] [0mGET /api/v1/planning/formulaires/disponibles [36m304[0m 10.919 ms - -[0m
[2026-06-26T20:37:22.685Z] [INFO] [0mGET /api/v1/planning/autre/lister [32m200[0m 13.967 ms - 2[0m
[2026-06-26T20:37:22.687Z] [INFO] [0mGET /api/v1/utilisateurs/liste-signataires [36m304[0m 3.932 ms - -[0m
[2026-06-26T20:37:22.690Z] [INFO] [0mGET /api/v1/planning/maintenanciers/lister [36m304[0m 13.539 ms - -[0m
[2026-06-26T20:37:22.702Z] [INFO] [0mGET /api/v1/planning/formulaires/disponibles [36m304[0m 4.202 ms - -[0m
[2026-06-26T20:37:22.706Z] [INFO] [0mGET /api/v1/planning/autre/lister [36m304[0m 6.342 ms - -[0m
[2026-06-26T20:37:34.025Z] [INFO] [0mGET /api/v1/utilisateurs/liste-signataires [36m304[0m 1.641 ms - -[0m
[2026-06-26T20:37:38.654Z] [INFO] [0mGET /api/v1/alertes/non-lues/count [36m304[0m 5.522 ms - -[0m
[2026-06-26T20:37:38.668Z] [INFO] [0mGET /api/v1/planning/lignes [36m304[0m 10.927 ms - -[0m
[2026-06-26T20:37:38.682Z] [INFO] [0mGET /api/v1/planning/lignes [36m304[0m 2.871 ms - -[0m
[2026-06-26T20:37:38.685Z] [INFO] [0mGET /api/v1/planning/suivi-equipements?mois=6&annee=2026 [36m304[0m 21.480 ms - -[0m
[2026-06-26T20:37:38.703Z] [INFO] [0mGET /api/v1/planning/suivi-equipements?mois=6&annee=2026 [36m304[0m 8.860 ms - -[0m
[2026-06-26T20:37:38.715Z] [INFO] [0mGET /api/v1/planning/graphiques?mois=6&annee=2026 [36m304[0m 53.658 ms - -[0m
[2026-06-26T20:37:38.747Z] [INFO] [0mGET /api/v1/planning/graphiques?mois=6&annee=2026 [36m304[0m 24.239 ms - -[0m
[2026-06-26T20:37:38.761Z] [INFO] [0mGET /api/v1/planning/synthese?mois=6&annee=2026 [36m304[0m 101.270 ms - -[0m
[2026-06-26T20:37:38.826Z] [INFO] [0mGET /api/v1/planning/synthese?mois=6&annee=2026 [36m304[0m 58.146 ms - -[0m
[2026-06-26T20:38:38.700Z] [INFO] [0mGET /api/v1/alertes/non-lues/count [36m304[0m 5.376 ms - -[0m
[2026-06-26T20:39:38.701Z] [INFO] [0mGET /api/v1/alertes/non-lues/count [36m304[0m 2.535 ms - -[0m
[2026-06-26T20:40:38.703Z] [INFO] [0mGET /api/v1/alertes/non-lues/count [36m304[0m 4.505 ms - -[0m
[2026-06-26T20:41:38.703Z] [INFO] [0mGET /api/v1/alertes/non-lues/count [36m304[0m 4.463 ms - -[0m
[2026-06-26T20:42:38.702Z] [INFO] [0mGET /api/v1/alertes/non-lues/count [36m304[0m 5.642 ms - -[0m
[2026-06-26T20:43:38.697Z] [INFO] [0mGET /api/v1/alertes/non-lues/count [36m304[0m 3.390 ms - -[0m
[2026-06-26T20:44:38.646Z] [INFO] [0mGET /api/v1/alertes/non-lues/count [36m304[0m 2.206 ms - -[0m
[2026-06-26T20:45:08.884Z] [INFO] [0mGET /api/v1/alertes/non-lues/count [36m304[0m 3.581 ms - -[0m
[2026-06-26T20:45:08.990Z] [INFO] [0mGET /api/v1/formulaires?module=MAINTENANCE&actif=true [36m304[0m 107.409 ms - -[0m
[2026-06-26T20:45:09.007Z] [INFO] [0mGET /api/v1/formulaires?module=MAINTENANCE&actif=true [36m304[0m 8.800 ms - -[0m
[2026-06-26T20:45:13.449Z] [INFO] [0mGET /api/v1/alertes/non-lues/count [36m304[0m 6.137 ms - -[0m
[2026-06-26T20:45:13.465Z] [INFO] [0mGET /api/v1/soumissions?page=1&limit=15&module=MAINTENANCE [32m200[0m 22.769 ms - 7502[0m
[2026-06-26T20:45:13.485Z] [INFO] [0mGET /api/v1/soumissions?page=1&limit=15&module=MAINTENANCE [36m304[0m 10.288 ms - -[0m
[2026-06-26T20:45:13.656Z] [INFO] [0mGET /api/v1/formulaires?actif=true&module=MAINTENANCE [32m200[0m 212.286 ms - 15650[0m
[2026-06-26T20:45:13.670Z] [INFO] [0mGET /api/v1/formulaires?actif=true&module=MAINTENANCE [36m304[0m 6.112 ms - -[0m
[2026-06-26T20:45:15.784Z] [INFO] [0mGET /api/v1/alertes/non-lues/count [36m304[0m 5.096 ms - -[0m
[2026-06-26T20:45:15.789Z] [INFO] [0mGET /api/v1/soumissions?page=1&limit=20&module=MAINTENANCE [32m200[0m 11.105 ms - 9968[0m
[2026-06-26T20:45:15.805Z] [INFO] [0mGET /api/v1/soumissions?page=1&limit=20&module=MAINTENANCE [36m304[0m 8.402 ms - -[0m
[2026-06-26T20:45:20.437Z] [INFO] [0mGET /api/v1/alertes/non-lues/count [36m304[0m 5.332 ms - -[0m
[2026-06-26T20:45:20.444Z] [INFO] [0mGET /api/v1/alertes?statut=NON_LUE&module=MAINTENANCE&page=1&limit=20 [36m304[0m 10.111 ms - -[0m
[2026-06-26T20:45:20.463Z] [INFO] [0mGET /api/v1/alertes?statut=NON_LUE&module=MAINTENANCE&page=1&limit=20 [36m304[0m 8.711 ms - -[0m
[2026-06-26T20:46:20.818Z] [INFO] [0mGET /api/v1/alertes/non-lues/count [36m304[0m 117.646 ms - -[0m
[2026-06-26T20:47:20.725Z] [INFO] [0mGET /api/v1/alertes/non-lues/count [36m304[0m 3.844 ms - -[0m
[2026-06-26T20:48:20.709Z] [INFO] [0mGET /api/v1/alertes/non-lues/count [36m304[0m 3.646 ms - -[0m
[2026-06-26T20:49:20.706Z] [INFO] [0mGET /api/v1/alertes/non-lues/count [36m304[0m 5.176 ms - -[0m
[2026-06-26T20:53:53.248Z] [INFO] 🚀 InnoFaso backend démarré sur le port 5000 (development)
[2026-06-26T20:53:53.249Z] [INFO]    CORS autorisé : http://localhost:3000
[2026-06-26T20:53:53.402Z] [INFO] ⏰ Cron des alertes démarré.
[2026-06-26T20:54:15.830Z] [INFO] [0mGET /api/v1/alertes/non-lues/count [36m304[0m 39.823 ms - -[0m
[2026-06-26T20:55:15.713Z] [INFO] [0mGET /api/v1/alertes/non-lues/count [36m304[0m 6.651 ms - -[0m
[2026-06-26T20:56:15.703Z] [INFO] [0mGET /api/v1/alertes/non-lues/count [36m304[0m 2.788 ms - -[0m
[2026-06-26T20:56:31.515Z] [INFO] [0mGET /api/v1/alertes/non-lues/count [36m304[0m 9.077 ms - -[0m
[2026-06-26T20:56:39.136Z] [INFO] [0mGET /api/v1/auth/me [36m304[0m 2.834 ms - -[0m
[2026-06-26T20:56:39.150Z] [INFO] [0mGET /api/v1/auth/me [36m304[0m 2.635 ms - -[0m
[2026-06-26T20:56:39.227Z] [INFO] [0mGET /api/v1/alertes/non-lues/count [36m304[0m 5.630 ms - -[0m
[2026-06-26T20:56:39.241Z] [INFO] [0mGET /api/v1/alertes/non-lues/count [36m304[0m 3.031 ms - -[0m
[2026-06-26T20:56:39.364Z] [INFO] [0mGET /api/v1/alertes?statut=NON_LUE&module=MAINTENANCE&page=1&limit=20 [36m304[0m 139.844 ms - -[0m
[2026-06-26T20:56:39.384Z] [INFO] [0mGET /api/v1/alertes?statut=NON_LUE&module=MAINTENANCE&page=1&limit=20 [36m304[0m 10.925 ms - -[0m
[2026-06-26T20:56:40.780Z] [INFO] [0mGET /api/v1/alertes/non-lues/count [36m304[0m 5.326 ms - -[0m
[2026-06-26T20:56:40.803Z] [INFO] [0mGET /api/v1/formulaires?module=MAINTENANCE&actif=true [36m304[0m 28.030 ms - -[0m
[2026-06-26T20:56:40.822Z] [INFO] [0mGET /api/v1/formulaires?module=MAINTENANCE&actif=true [36m304[0m 11.264 ms - -[0m
[2026-06-26T20:56:41.404Z] [INFO] [0mGET /api/v1/alertes/non-lues/count [36m304[0m 3.243 ms - -[0m
[2026-06-26T20:56:41.440Z] [INFO] [0mGET /api/v1/planning/lignes [36m304[0m 33.543 ms - -[0m
[2026-06-26T20:56:41.459Z] [INFO] [0mGET /api/v1/planning/lignes [36m304[0m 4.275 ms - -[0m
[2026-06-26T20:56:41.567Z] [INFO] [0mGET /api/v1/planning/synthese?mois=6&annee=2026 [36m304[0m 158.249 ms - -[0m
[2026-06-26T20:56:41.608Z] [INFO] [0mGET /api/v1/planning/suivi-equipements?mois=6&annee=2026 [36m304[0m 187.291 ms - -[0m
[2026-06-26T20:56:41.624Z] [INFO] [0mGET /api/v1/planning/synthese?mois=6&annee=2026 [36m304[0m 50.416 ms - -[0m
[2026-06-26T20:56:41.626Z] [INFO] [0mGET /api/v1/planning/suivi-equipements?mois=6&annee=2026 [36m304[0m 7.647 ms - -[0m
[2026-06-26T20:56:41.717Z] [INFO] [0mGET /api/v1/planning/graphiques?mois=6&annee=2026 [36m304[0m 305.455 ms - -[0m
[2026-06-26T20:56:41.750Z] [INFO] [0mGET /api/v1/planning/graphiques?mois=6&annee=2026 [36m304[0m 25.628 ms - -[0m
[2026-06-26T20:56:45.672Z] [INFO] [0mGET /api/v1/alertes/non-lues/count [36m304[0m 8.320 ms - -[0m
[2026-06-26T20:56:45.681Z] [INFO] [0mGET /api/v1/planning/equipements/courbe-correctives?type=mois&date=2026-06-01 [36m304[0m 13.149 ms - -[0m
[2026-06-26T20:56:45.684Z] [INFO] [0mGET /api/v1/equipements [36m304[0m 14.261 ms - -[0m
[2026-06-26T20:56:45.716Z] [INFO] [0mGET /api/v1/planning/equipements/courbe-correctives?type=mois&date=2026-06-01 [36m304[0m 12.298 ms - -[0m
[2026-06-26T20:56:45.726Z] [INFO] [0mGET /api/v1/equipements [36m304[0m 20.549 ms - -[0m
[2026-06-26T20:56:47.459Z] [INFO] [0mGET /api/v1/equipements/ia/predictions?mois=6&annee=2026 [32m200[0m 1670.877 ms - 37[0m
[2026-06-26T20:56:55.251Z] [INFO] [0mGET /api/v1/auth/me [36m304[0m 3.800 ms - -[0m
[2026-06-26T20:56:55.267Z] [INFO] [0mGET /api/v1/auth/me [36m304[0m 1.850 ms - -[0m
[2026-06-26T20:56:55.455Z] [INFO] [0mGET /api/v1/alertes/non-lues/count [36m304[0m 8.834 ms - -[0m
[2026-06-26T20:56:55.457Z] [INFO] [0mGET /api/v1/planning/equipements/courbe-correctives?type=mois&date=2026-06-01 [36m304[0m 9.721 ms - -[0m
[2026-06-26T20:56:55.464Z] [INFO] [0mGET /api/v1/equipements [36m304[0m 14.635 ms - -[0m
[2026-06-26T20:56:55.474Z] [INFO] [0mGET /api/v1/alertes/non-lues/count [36m304[0m 3.653 ms - -[0m
[2026-06-26T20:56:55.484Z] [INFO] [0mGET /api/v1/planning/equipements/courbe-correctives?type=mois&date=2026-06-01 [36m304[0m 7.799 ms - -[0m
[2026-06-26T20:56:55.491Z] [INFO] [0mGET /api/v1/equipements [36m304[0m 8.607 ms - -[0m
[2026-06-26T20:56:56.502Z] [INFO] [0mGET /api/v1/equipements/ia/predictions?mois=6&annee=2026 [36m304[0m 913.948 ms - -[0m
[2026-06-26T20:57:55.442Z] [INFO] [0mGET /api/v1/alertes/non-lues/count [36m304[0m 5.503 ms - -[0m
[2026-06-26T20:57:56.014Z] [INFO] [0mGET /api/v1/alertes/non-lues/count [36m304[0m 3.370 ms - -[0m
[2026-06-26T20:57:56.021Z] [INFO] [0mGET /api/v1/planning/lignes [36m304[0m 5.696 ms - -[0m
[2026-06-26T20:57:56.125Z] [INFO] [0mGET /api/v1/planning/synthese?mois=6&annee=2026 [36m304[0m 94.252 ms - -[0m
[2026-06-26T20:57:56.172Z] [INFO] [0mGET /api/v1/planning/lignes [36m304[0m 129.909 ms - -[0m
[2026-06-26T20:57:56.180Z] [INFO] [0mGET /api/v1/planning/suivi-equipements?mois=6&annee=2026 [36m304[0m 148.374 ms - -[0m
[2026-06-26T20:57:56.194Z] [INFO] [0mGET /api/v1/planning/suivi-equipements?mois=6&annee=2026 [36m304[0m 7.111 ms - -[0m
[2026-06-26T20:57:56.219Z] [INFO] [0mGET /api/v1/planning/graphiques?mois=6&annee=2026 [36m304[0m 186.097 ms - -[0m
[2026-06-26T20:57:56.225Z] [INFO] [0mGET /api/v1/planning/synthese?mois=6&annee=2026 [36m304[0m 91.217 ms - -[0m
[2026-06-26T20:57:56.256Z] [INFO] [0mGET /api/v1/planning/graphiques?mois=6&annee=2026 [36m304[0m 23.224 ms - -[0m
[2026-06-26T20:58:04.379Z] [INFO] [0mGET /api/v1/alertes/non-lues/count [36m304[0m 3.267 ms - -[0m
[2026-06-26T20:58:04.391Z] [INFO] [0mGET /api/v1/alertes?statut=NON_LUE&module=MAINTENANCE&page=1&limit=20 [36m304[0m 13.751 ms - -[0m
[2026-06-26T20:58:04.410Z] [INFO] [0mGET /api/v1/alertes?statut=NON_LUE&module=MAINTENANCE&page=1&limit=20 [36m304[0m 9.705 ms - -[0m
[2026-06-26T20:58:10.387Z] [INFO] [0mGET /api/v1/alertes/non-lues/count [36m304[0m 3.291 ms - -[0m
[2026-06-26T20:58:10.392Z] [INFO] [0mGET /api/v1/stock [32m200[0m 10.097 ms - 2[0m
[2026-06-26T20:58:10.401Z] [INFO] [0mGET /api/v1/equipements [36m304[0m 15.421 ms - -[0m
[2026-06-26T20:58:10.409Z] [INFO] [0mGET /api/v1/stock [36m304[0m 6.192 ms - -[0m
[2026-06-26T20:58:10.418Z] [INFO] [0mGET /api/v1/equipements [36m304[0m 7.083 ms - -[0m
[2026-06-26T20:58:11.926Z] [INFO] [0mGET /api/v1/utilisateurs/liste-signataires [36m304[0m 2.332 ms - -[0m
[2026-06-26T20:58:18.122Z] [INFO] [0mGET /api/v1/alertes/non-lues/count [36m304[0m 4.720 ms - -[0m
[2026-06-26T20:58:18.132Z] [INFO] [0mGET /api/v1/alertes?statut=NON_LUE&module=MAINTENANCE&page=1&limit=20 [36m304[0m 12.469 ms - -[0m
[2026-06-26T20:58:18.149Z] [INFO] [0mGET /api/v1/alertes?statut=NON_LUE&module=MAINTENANCE&page=1&limit=20 [36m304[0m 9.086 ms - -[0m
[2026-06-26T20:58:19.534Z] [INFO] [0mGET /api/v1/alertes/non-lues/count [36m304[0m 6.415 ms - -[0m
[2026-06-26T20:58:19.547Z] [INFO] [0mGET /api/v1/formulaires?actif=true&module=MAINTENANCE [36m304[0m 14.156 ms - -[0m
[2026-06-26T20:58:19.550Z] [INFO] [0mGET /api/v1/soumissions?page=1&limit=15&module=MAINTENANCE [36m304[0m 18.671 ms - -[0m
[2026-06-26T20:58:19.566Z] [INFO] [0mGET /api/v1/formulaires?actif=true&module=MAINTENANCE [36m304[0m 9.154 ms - -[0m
[2026-06-26T20:58:19.569Z] [INFO] [0mGET /api/v1/soumissions?page=1&limit=15&module=MAINTENANCE [36m304[0m 10.263 ms - -[0m
[2026-06-26T20:58:20.365Z] [INFO] [0mGET /api/v1/alertes/non-lues/count [36m304[0m 3.330 ms - -[0m
[2026-06-26T20:58:20.386Z] [INFO] [0mGET /api/v1/formulaires?module=MAINTENANCE&actif=true [36m304[0m 22.732 ms - -[0m
[2026-06-26T20:58:20.407Z] [INFO] [0mGET /api/v1/formulaires?module=MAINTENANCE&actif=true [36m304[0m 8.059 ms - -[0m
[2026-06-26T20:58:21.902Z] [INFO] [0mGET /api/v1/alertes/non-lues/count [36m304[0m 3.511 ms - -[0m
[2026-06-26T20:58:21.912Z] [INFO] [0mGET /api/v1/planning/lignes [36m304[0m 5.668 ms - -[0m
[2026-06-26T20:58:21.930Z] [INFO] [0mGET /api/v1/planning/lignes [36m304[0m 3.289 ms - -[0m
[2026-06-26T20:58:21.935Z] [INFO] [0mGET /api/v1/planning/suivi-equipements?mois=6&annee=2026 [36m304[0m 16.310 ms - -[0m
[2026-06-26T20:58:21.949Z] [INFO] [0mGET /api/v1/planning/suivi-equipements?mois=6&annee=2026 [36m304[0m 4.709 ms - -[0m
[2026-06-26T20:58:21.963Z] [INFO] [0mGET /api/v1/planning/graphiques?mois=6&annee=2026 [36m304[0m 45.686 ms - -[0m
[2026-06-26T20:58:21.992Z] [INFO] [0mGET /api/v1/planning/graphiques?mois=6&annee=2026 [36m304[0m 22.213 ms - -[0m
[2026-06-26T20:58:21.998Z] [INFO] [0mGET /api/v1/planning/synthese?mois=6&annee=2026 [36m304[0m 89.329 ms - -[0m
[2026-06-26T20:58:22.061Z] [INFO] [0mGET /api/v1/planning/synthese?mois=6&annee=2026 [36m304[0m 55.022 ms - -[0m
[2026-06-26T20:58:23.883Z] [INFO] [0mGET /api/v1/alertes/non-lues/count [36m304[0m 5.045 ms - -[0m
[2026-06-26T20:58:23.887Z] [INFO] [0mGET /api/v1/planning/equipements/courbe-correctives?type=mois&date=2026-06-01 [36m304[0m 6.830 ms - -[0m
[2026-06-26T20:58:23.894Z] [INFO] [0mGET /api/v1/equipements [36m304[0m 11.926 ms - -[0m
[2026-06-26T20:58:23.907Z] [INFO] [0mGET /api/v1/planning/equipements/courbe-correctives?type=mois&date=2026-06-01 [36m304[0m 7.294 ms - -[0m
[2026-06-26T20:58:23.914Z] [INFO] [0mGET /api/v1/equipements [36m304[0m 8.482 ms - -[0m
[2026-06-26T20:58:26.530Z] [INFO] [0mGET /api/v1/planning/equipement/779bb17c-ae7f-42ed-b65b-45360ed1a95d/detail?type=mois&date=2026-06-01 [31m500[0m 18.775 ms - 87[0m
[2026-06-26T20:58:26.573Z] [INFO] [0mGET /api/v1/planning/equipement/779bb17c-ae7f-42ed-b65b-45360ed1a95d/detail?type=mois&date=2026-06-01 [31m500[0m 34.003 ms - 87[0m
[2026-06-26T20:59:24.707Z] [INFO] [0mGET /api/v1/alertes/non-lues/count [36m304[0m 6.299 ms - -[0m
[2026-06-26T21:00:00.028Z] [INFO] Cron [Deadline quart — alerte responsables] démarré
[2026-06-26T21:00:00.079Z] [INFO] Cron [Deadline quart — alerte responsables] terminé
[2026-06-26T21:00:24.711Z] [INFO] [0mGET /api/v1/alertes/non-lues/count [36m304[0m 4.954 ms - -[0m
[2026-06-26T21:01:24.709Z] [INFO] [0mGET /api/v1/alertes/non-lues/count [36m304[0m 11.274 ms - -[0m
[2026-06-26T21:02:21.764Z] [INFO] [0mGET /api/v1/alertes/non-lues/count [36m304[0m 4.424 ms - -[0m
[2026-06-26T21:02:21.960Z] [INFO] [0mGET /api/v1/processus/counts?utilisateur_id=fba3654e-c170-476f-94f7-cc2332a3a660 [36m304[0m 201.174 ms - -[0m
[2026-06-26T21:02:21.975Z] [INFO] [0mGET /api/v1/processus/counts?utilisateur_id=fba3654e-c170-476f-94f7-cc2332a3a660 [36m304[0m 2.768 ms - -[0m
[2026-06-26T21:02:22.939Z] [INFO] [0mGET /api/v1/processus?etape=EXECUTION [32m200[0m 17.131 ms - 2[0m
[2026-06-26T21:02:23.731Z] [INFO] [0mGET /api/v1/processus?etape=VERIFICATION [32m200[0m 11.147 ms - 2[0m
[2026-06-26T21:02:24.641Z] [INFO] [0mGET /api/v1/processus?etape=VALIDATION [32m200[0m 9.648 ms - 2[0m
[2026-06-26T21:02:25.390Z] [INFO] [0mGET /api/v1/processus?etape=EXECUTION [36m304[0m 7.498 ms - -[0m
[2026-06-26T21:02:27.248Z] [INFO] [0mGET /api/v1/processus?etape=EXECUTION [36m304[0m 8.042 ms - -[0m
[2026-06-26T21:02:27.878Z] [INFO] [0mGET /api/v1/processus?etape=VERIFICATION [36m304[0m 7.453 ms - -[0m
[2026-06-26T21:02:28.490Z] [INFO] [0mGET /api/v1/processus?etape=VALIDATION [36m304[0m 7.228 ms - -[0m
[2026-06-26T21:02:29.135Z] [INFO] [0mGET /api/v1/processus?etape=VERIFICATION [36m304[0m 8.045 ms - -[0m
[2026-06-26T21:02:29.631Z] [INFO] [0mGET /api/v1/processus?etape=EXECUTION [36m304[0m 8.449 ms - -[0m
[2026-06-26T21:03:03.622Z] [INFO] [0mGET /api/v1/alertes/non-lues/count [36m304[0m 26.614 ms - -[0m
[2026-06-26T21:03:03.635Z] [INFO] [0mGET /api/v1/dashboard/adoption [32m200[0m 24.659 ms - 70[0m
[2026-06-26T21:03:03.704Z] [INFO] [0mGET /api/v1/alertes/non-lues/count [36m304[0m 9.459 ms - -[0m
[2026-06-26T21:03:03.711Z] [INFO] [0mGET /api/v1/dashboard/adoption [36m304[0m 21.211 ms - -[0m
[2026-06-26T21:03:03.879Z] [INFO] [0mGET /api/v1/dashboard/production [32m200[0m 281.944 ms - 144[0m
[2026-06-26T21:03:03.880Z] [INFO] [0mGET /api/v1/dashboard/stats [32m200[0m 293.157 ms - 525[0m
[2026-06-26T21:03:03.904Z] [INFO] [0mGET /api/v1/dashboard/production [36m304[0m 15.492 ms - -[0m
[2026-06-26T21:03:03.909Z] [INFO] [0mGET /api/v1/soumissions?module=PRODUCTION&limit=8&page=1 [32m200[0m 294.822 ms - 114[0m
[2026-06-26T21:03:03.929Z] [INFO] [0mGET /api/v1/soumissions?module=PRODUCTION&limit=8&page=1 [36m304[0m 7.488 ms - -[0m
[2026-06-26T21:03:03.978Z] [INFO] [0mGET /api/v1/dashboard/activite [32m200[0m 365.715 ms - 1090[0m
[2026-06-26T21:03:03.990Z] [INFO] [0mGET /api/v1/dashboard/activite [36m304[0m 4.622 ms - -[0m
[2026-06-26T21:03:04.055Z] [INFO] [0mGET /api/v1/dashboard/stats [36m304[0m 161.429 ms - -[0m
[2026-06-26T21:03:21.777Z] [INFO] [0mGET /api/v1/alertes/non-lues/count [36m304[0m 10.400 ms - -[0m
[2026-06-26T21:03:21.788Z] [INFO] [0mGET /api/v1/planning/lignes [36m304[0m 15.923 ms - -[0m
[2026-06-26T21:03:21.810Z] [INFO] [0mGET /api/v1/alertes/non-lues/count [36m304[0m 7.926 ms - -[0m
[2026-06-26T21:03:21.817Z] [INFO] [0mGET /api/v1/planning/lignes [36m304[0m 12.684 ms - -[0m
[2026-06-26T21:03:21.822Z] [INFO] [0mGET /api/v1/planning/suivi-equipements?mois=6&annee=2026 [32m200[0m 23.553 ms - 7594[0m
[2026-06-26T21:03:21.842Z] [INFO] [0mGET /api/v1/planning/suivi-equipements?mois=6&annee=2026 [36m304[0m 8.269 ms - -[0m
[2026-06-26T21:03:21.865Z] [INFO] [0mGET /api/v1/planning/graphiques?mois=6&annee=2026 [32m200[0m 81.824 ms - 2901[0m
[2026-06-26T21:03:21.910Z] [INFO] [0mGET /api/v1/planning/graphiques?mois=6&annee=2026 [36m304[0m 34.477 ms - -[0m
[2026-06-26T21:03:21.919Z] [INFO] [0mGET /api/v1/planning/synthese?mois=6&annee=2026 [36m304[0m 139.046 ms - -[0m
[2026-06-26T21:03:21.991Z] [INFO] [0mGET /api/v1/planning/synthese?mois=6&annee=2026 [36m304[0m 60.008 ms - -[0m
[2026-06-26T21:04:22.841Z] [INFO] [0mGET /api/v1/alertes/non-lues/count [36m304[0m 144.950 ms - -[0m
[2026-06-26T21:05:21.774Z] [INFO] [0mGET /api/v1/alertes/non-lues/count [36m304[0m 4.889 ms - -[0m
[2026-06-26T21:05:26.018Z] [INFO] [0mGET /api/v1/planning/equipement/c27fcafd-511b-4e3d-8acf-33628eb1f984/detail?type=mois&date=2026-06-01 [31m500[0m 26.185 ms - 87[0m
[2026-06-26T21:05:26.046Z] [INFO] [0mGET /api/v1/planning/equipement/c27fcafd-511b-4e3d-8acf-33628eb1f984/detail?type=mois&date=2026-06-01 [31m500[0m 14.405 ms - 87[0m
[2026-06-26T21:05:38.835Z] [INFO] [0mGET /api/v1/rapports/mensuel-indicateurs?annee=2026&mois=6 [32m200[0m 134.924 ms - 1380[0m
[2026-06-26T21:06:22.709Z] [INFO] [0mGET /api/v1/alertes/non-lues/count [36m304[0m 7.896 ms - -[0m
[2026-06-26T21:07:22.695Z] [INFO] [0mGET /api/v1/alertes/non-lues/count [36m304[0m 2.374 ms - -[0m
[2026-06-26T21:08:22.807Z] [INFO] [0mGET /api/v1/alertes/non-lues/count [36m304[0m 94.187 ms - -[0m
[2026-06-26T21:09:22.717Z] [INFO] [0mGET /api/v1/alertes/non-lues/count [36m304[0m 7.909 ms - -[0m
[2026-06-26T21:10:44.376Z] [INFO] [0mGET /api/v1/alertes/non-lues/count [36m304[0m 175.936 ms - -[0m
[2026-06-26T21:11:22.721Z] [INFO] [0mGET /api/v1/alertes/non-lues/count [36m304[0m 5.903 ms - -[0m
[2026-06-26T21:13:15.819Z] [INFO] [0mGET /api/v1/alertes/non-lues/count [36m304[0m 118.565 ms - -[0m
[2026-06-26T21:14:15.714Z] [INFO] [0mGET /api/v1/alertes/non-lues/count [36m304[0m 5.915 ms - -[0m
[2026-06-26T21:15:15.734Z] [INFO] [0mGET /api/v1/alertes/non-lues/count [36m304[0m 6.642 ms - -[0m
[2026-06-26T21:16:15.709Z] [INFO] [0mGET /api/v1/alertes/non-lues/count [33m401[0m 3.119 ms - 58[0m
[2026-06-26T21:44:32.723Z] [INFO] [0mPOST /api/v1/auth/login [32m200[0m 507.201 ms - 551[0m
[2026-06-26T21:44:32.846Z] [INFO] [0mGET /api/v1/planning/lignes [36m304[0m 15.623 ms - -[0m
[2026-06-26T21:44:32.856Z] [INFO] [0mGET /api/v1/planning/lignes [36m304[0m 2.805 ms - -[0m
[2026-06-26T21:44:32.945Z] [INFO] [0mGET /api/v1/alertes/non-lues/count [36m304[0m 114.232 ms - -[0m
[2026-06-26T21:44:32.955Z] [INFO] [0mGET /api/v1/alertes/non-lues/count [36m304[0m 1.981 ms - -[0m
[2026-06-26T21:44:32.974Z] [INFO] [0mGET /api/v1/planning/suivi-equipements?mois=6&annee=2026 [36m304[0m 137.572 ms - -[0m
[2026-06-26T21:44:32.986Z] [INFO] [0mGET /api/v1/planning/suivi-equipements?mois=6&annee=2026 [36m304[0m 4.242 ms - -[0m
[2026-06-26T21:44:32.999Z] [INFO] [0mGET /api/v1/planning/graphiques?mois=6&annee=2026 [36m304[0m 164.396 ms - -[0m
[2026-06-26T21:44:33.027Z] [INFO] [0mGET /api/v1/planning/graphiques?mois=6&annee=2026 [36m304[0m 20.013 ms - -[0m
[2026-06-26T21:44:33.029Z] [INFO] [0mGET /api/v1/planning/synthese?mois=6&annee=2026 [36m304[0m 194.423 ms - -[0m
[2026-06-26T21:44:33.077Z] [INFO] [0mGET /api/v1/planning/synthese?mois=6&annee=2026 [36m304[0m 41.818 ms - -[0m
[2026-06-26T21:44:35.525Z] [INFO] [0mGET /api/v1/alertes/non-lues/count [36m304[0m 7.749 ms - -[0m
[2026-06-26T21:44:35.529Z] [INFO] [0mGET /api/v1/planning/equipements/courbe-correctives?type=mois&date=2026-06-01 [32m200[0m 7.790 ms - 408[0m
[2026-06-26T21:44:35.537Z] [INFO] [0mGET /api/v1/equipements [32m200[0m 12.892 ms - 8237[0m
[2026-06-26T21:44:35.544Z] [INFO] [0mGET /api/v1/planning/equipements/courbe-correctives?type=mois&date=2026-06-01 [36m304[0m 9.008 ms - -[0m
[2026-06-26T21:44:35.586Z] [INFO] [0mGET /api/v1/equipements [36m304[0m 36.076 ms - -[0m
[2026-06-26T21:44:35.813Z] [INFO] [0mGET /api/v1/equipements/ia/predictions?mois=6&annee=2026 [32m200[0m 196.720 ms - 1942[0m
[2026-06-26T21:45:04.468Z] [INFO] [0mGET /api/v1/equipements/7fed37d2-a920-45a5-ab4a-8a747dcd1d2c/historique [32m200[0m 4.282 ms - 50[0m
[2026-06-26T21:45:26.613Z] [INFO] [0mPOST /api/v1/equipements/ia/bot-chat [32m200[0m 8.720 ms - 334[0m
[2026-06-26T21:45:35.523Z] [INFO] [0mGET /api/v1/alertes/non-lues/count [36m304[0m 2.230 ms - -[0m
[2026-06-26T21:46:35.509Z] [INFO] [0mGET /api/v1/alertes/non-lues/count [36m304[0m 1.965 ms - -[0m
[2026-06-26T21:47:35.518Z] [INFO] [0mGET /api/v1/alertes/non-lues/count [36m304[0m 1.556 ms - -[0m
[2026-06-26T21:48:35.506Z] [INFO] [0mGET /api/v1/alertes/non-lues/count [36m304[0m 1.647 ms - -[0m
[2026-06-26T21:48:54.921Z] [INFO] [0mGET /api/v1/planning/lignes [36m304[0m 5.880 ms - -[0m
[2026-06-26T21:48:55.000Z] [INFO] [0mGET /api/v1/planning/synthese?mois=6&annee=2026 [36m304[0m 76.747 ms - -[0m
[2026-06-26T21:48:55.032Z] [INFO] [0mGET /api/v1/alertes/non-lues/count [36m304[0m 112.124 ms - -[0m
[2026-06-26T21:48:55.039Z] [INFO] [0mGET /api/v1/planning/lignes [36m304[0m 107.012 ms - -[0m
[2026-06-26T21:48:55.042Z] [INFO] [0mGET /api/v1/planning/suivi-equipements?mois=6&annee=2026 [36m304[0m 116.073 ms - -[0m
[2026-06-26T21:48:55.055Z] [INFO] [0mGET /api/v1/planning/suivi-equipements?mois=6&annee=2026 [36m304[0m 5.723 ms - -[0m
[2026-06-26T21:48:55.067Z] [INFO] [0mGET /api/v1/planning/graphiques?mois=6&annee=2026 [36m304[0m 142.073 ms - -[0m
[2026-06-26T21:48:55.068Z] [INFO] [0mGET /api/v1/planning/synthese?mois=6&annee=2026 [36m304[0m 61.851 ms - -[0m
[2026-06-26T21:48:55.091Z] [INFO] [0mGET /api/v1/planning/graphiques?mois=6&annee=2026 [36m304[0m 17.015 ms - -[0m
[2026-06-26T21:49:00.492Z] [INFO] [0mGET /api/v1/alertes/non-lues/count [36m304[0m 2.816 ms - -[0m
[2026-06-26T21:49:00.503Z] [INFO] [0mGET /api/v1/formulaires?module=MAINTENANCE&actif=true [36m304[0m 12.402 ms - -[0m
[2026-06-26T21:49:00.517Z] [INFO] [0mGET /api/v1/formulaires?module=MAINTENANCE&actif=true [36m304[0m 7.251 ms - -[0m
[2026-06-26T21:49:04.595Z] [INFO] [0mGET /api/v1/alertes/non-lues/count [36m304[0m 3.885 ms - -[0m
[2026-06-26T21:49:04.600Z] [INFO] [0mGET /api/v1/processus/counts?utilisateur_id=fba3654e-c170-476f-94f7-cc2332a3a660 [36m304[0m 7.950 ms - -[0m
[2026-06-26T21:49:04.610Z] [INFO] [0mGET /api/v1/processus/counts?utilisateur_id=fba3654e-c170-476f-94f7-cc2332a3a660 [36m304[0m 1.437 ms - -[0m
[2026-06-26T21:49:06.016Z] [INFO] [0mGET /api/v1/processus?etape=EXECUTION [36m304[0m 6.076 ms - -[0m
[2026-06-26T21:49:06.670Z] [INFO] [0mGET /api/v1/processus?etape=VERIFICATION [36m304[0m 5.125 ms - -[0m
[2026-06-26T21:49:07.438Z] [INFO] [0mGET /api/v1/processus?etape=VALIDATION [36m304[0m 3.824 ms - -[0m
[2026-06-26T21:49:08.702Z] [INFO] [0mGET /api/v1/processus?etape=EXECUTION [36m304[0m 4.590 ms - -[0m
[2026-06-26T21:49:09.297Z] [INFO] [0mGET /api/v1/processus?etape=VERIFICATION [36m304[0m 5.838 ms - -[0m
[2026-06-26T21:49:09.813Z] [INFO] [0mGET /api/v1/processus?etape=VALIDATION [36m304[0m 3.935 ms - -[0m
[2026-06-26T21:49:12.625Z] [INFO] [0mGET /api/v1/alertes/non-lues/count [36m304[0m 2.317 ms - -[0m
[2026-06-26T21:49:12.630Z] [INFO] [0mGET /api/v1/planning/equipements/courbe-correctives?type=mois&date=2026-06-01 [36m304[0m 3.937 ms - -[0m
[2026-06-26T21:49:12.633Z] [INFO] [0mGET /api/v1/equipements [36m304[0m 4.916 ms - -[0m
[2026-06-26T21:49:12.645Z] [INFO] [0mGET /api/v1/planning/equipements/courbe-correctives?type=mois&date=2026-06-01 [36m304[0m 4.692 ms - -[0m
[2026-06-26T21:49:12.648Z] [INFO] [0mGET /api/v1/equipements [36m304[0m 6.044 ms - -[0m
[2026-06-26T21:50:12.621Z] [INFO] [0mGET /api/v1/alertes/non-lues/count [36m304[0m 1.496 ms - -[0m
[2026-06-26T21:51:12.750Z] [INFO] [0mGET /api/v1/alertes/non-lues/count [36m304[0m 54.907 ms - -[0m
[2026-06-26T21:52:12.706Z] [INFO] [0mGET /api/v1/alertes/non-lues/count [36m304[0m 1.711 ms - -[0m
[2026-06-26T21:52:58.845Z] [INFO] [0mGET /api/v1/planning/equipements/courbe-correctives?type=mois&date=2026-06-01 [36m304[0m 76.411 ms - -[0m
[2026-06-26T21:52:58.853Z] [INFO] [0mGET /api/v1/equipements [36m304[0m 84.080 ms - -[0m
[2026-06-26T21:52:59.000Z] [INFO] [0mGET /api/v1/equipements/ia/predictions?mois=6&annee=2026 [36m304[0m 232.945 ms - -[0m
[2026-06-26T21:53:12.619Z] [INFO] [0mGET /api/v1/alertes/non-lues/count [36m304[0m 1.424 ms - -[0m
[2026-06-26T21:53:26.462Z] [INFO] [0mGET /api/v1/alertes/non-lues/count [36m304[0m 1.766 ms - -[0m
[2026-06-26T21:53:26.468Z] [INFO] [0mGET /api/v1/planning/lignes [36m304[0m 4.731 ms - -[0m
[2026-06-26T21:53:26.487Z] [INFO] [0mGET /api/v1/planning/suivi-equipements?mois=6&annee=2026 [36m304[0m 12.290 ms - -[0m
[2026-06-26T21:53:26.502Z] [INFO] [0mGET /api/v1/planning/suivi-equipements?mois=6&annee=2026 [36m304[0m 5.398 ms - -[0m
[2026-06-26T21:53:26.510Z] [INFO] [0mGET /api/v1/planning/graphiques?mois=6&annee=2026 [36m304[0m 40.067 ms - -[0m
[2026-06-26T21:53:26.533Z] [INFO] [0mGET /api/v1/planning/graphiques?mois=6&annee=2026 [36m304[0m 17.433 ms - -[0m
[2026-06-26T21:53:26.534Z] [INFO] [0mGET /api/v1/planning/synthese?mois=6&annee=2026 [36m304[0m 69.459 ms - -[0m
[2026-06-26T21:53:26.559Z] [INFO] [0mGET /api/v1/planning/lignes [36m304[0m 80.542 ms - -[0m
[2026-06-26T21:53:26.580Z] [INFO] [0mGET /api/v1/planning/synthese?mois=6&annee=2026 [36m304[0m 37.233 ms - -[0m
[2026-06-26T21:54:26.473Z] [INFO] [0mGET /api/v1/alertes/non-lues/count [36m304[0m 2.338 ms - -[0m
[2026-06-26T21:55:26.469Z] [INFO] [0mGET /api/v1/alertes/non-lues/count [36m304[0m 2.217 ms - -[0m
[2026-06-26T21:56:23.778Z] [INFO] [0mGET /api/v1/alertes/non-lues/count [36m304[0m 2.397 ms - -[0m
[2026-06-26T21:56:23.846Z] [INFO] [0mGET /api/v1/formulaires?module=MAINTENANCE&actif=true [36m304[0m 69.033 ms - -[0m
[2026-06-26T21:56:23.857Z] [INFO] [0mGET /api/v1/formulaires?module=MAINTENANCE&actif=true [36m304[0m 6.294 ms - -[0m
[2026-06-26T21:56:28.745Z] [INFO] [0mGET /api/v1/alertes/non-lues/count [36m304[0m 5.596 ms - -[0m
[2026-06-26T21:56:28.744Z] [INFO] [0mGET /api/v1/planning/lignes [36m304[0m 3.875 ms - -[0m
[2026-06-26T21:56:28.752Z] [INFO] [0mGET /api/v1/planning/lignes [36m304[0m 2.097 ms - -[0m
[2026-06-26T21:56:28.761Z] [INFO] [0mGET /api/v1/planning/suivi-equipements?mois=6&annee=2026 [36m304[0m 14.133 ms - -[0m
[2026-06-26T21:56:28.774Z] [INFO] [0mGET /api/v1/planning/suivi-equipements?mois=6&annee=2026 [36m304[0m 6.901 ms - -[0m
[2026-06-26T21:56:28.846Z] [INFO] [0mGET /api/v1/planning/graphiques?mois=6&annee=2026 [36m304[0m 102.482 ms - -[0m
[2026-06-26T21:56:28.864Z] [INFO] [0mGET /api/v1/planning/synthese?mois=6&annee=2026 [36m304[0m 121.124 ms - -[0m
[2026-06-26T21:56:28.865Z] [INFO] [0mGET /api/v1/planning/graphiques?mois=6&annee=2026 [36m304[0m 13.730 ms - -[0m
[2026-06-26T21:56:28.901Z] [INFO] [0mGET /api/v1/planning/synthese?mois=6&annee=2026 [36m304[0m 31.577 ms - -[0m
[2026-06-26T21:57:28.739Z] [INFO] [0mGET /api/v1/alertes/non-lues/count [36m304[0m 2.452 ms - -[0m
[2026-06-26T21:58:28.804Z] [INFO] [0mGET /api/v1/alertes/non-lues/count [36m304[0m 56.958 ms - -[0m
[2026-06-26T21:58:54.892Z] [INFO] [0mGET /api/v1/alertes/non-lues/count [36m304[0m 4.424 ms - -[0m
[2026-06-26T21:58:54.970Z] [INFO] [0mGET /api/v1/soumissions?page=1&limit=15&module=MAINTENANCE [32m200[0m 80.881 ms - 7500[0m
[2026-06-26T21:58:54.977Z] [INFO] [0mGET /api/v1/formulaires?actif=true&module=MAINTENANCE [36m304[0m 87.646 ms - -[0m
[2026-06-26T21:58:54.993Z] [INFO] [0mGET /api/v1/soumissions?page=1&limit=15&module=MAINTENANCE [36m304[0m 10.195 ms - -[0m
[2026-06-26T21:58:54.997Z] [INFO] [0mGET /api/v1/formulaires?actif=true&module=MAINTENANCE [36m304[0m 11.166 ms - -[0m
[2026-06-26T21:58:57.623Z] [INFO] [0mGET /api/v1/alertes/non-lues/count [36m304[0m 4.443 ms - -[0m
[2026-06-26T21:58:57.625Z] [INFO] [0mGET /api/v1/formulaires?module=MAINTENANCE&actif=true [36m304[0m 6.165 ms - -[0m
[2026-06-26T21:58:57.635Z] [INFO] [0mGET /api/v1/formulaires?module=MAINTENANCE&actif=true [36m304[0m 3.968 ms - -[0m
[2026-06-26T21:58:58.813Z] [INFO] [0mGET /api/v1/alertes/non-lues/count [36m304[0m 3.697 ms - -[0m
[2026-06-26T21:58:58.817Z] [INFO] [0mGET /api/v1/planning/equipements/courbe-correctives?type=mois&date=2026-06-01 [36m304[0m 5.930 ms - -[0m
[2026-06-26T21:58:58.823Z] [INFO] [0mGET /api/v1/equipements [36m304[0m 10.222 ms - -[0m
[2026-06-26T21:58:58.831Z] [INFO] [0mGET /api/v1/planning/equipements/courbe-correctives?type=mois&date=2026-06-01 [36m304[0m 4.434 ms - -[0m
[2026-06-26T21:58:58.832Z] [INFO] [0mGET /api/v1/equipements [36m304[0m 3.370 ms - -[0m
[2026-06-26T21:59:27.656Z] [INFO] [0mPOST /api/v1/equipements/ia/bot-chat [32m200[0m 13.814 ms - 343[0m
[2026-06-26T21:59:51.714Z] [INFO] [0mPOST /api/v1/equipements/ia/bot-chat [32m200[0m 10.617 ms - 350[0m
[2026-06-26T21:59:58.824Z] [INFO] [0mGET /api/v1/alertes/non-lues/count [36m304[0m 3.470 ms - -[0m
[2026-06-26T22:00:00.038Z] [INFO] Cron [Deadline quart — alerte responsables] démarré
[2026-06-26T22:00:00.041Z] [INFO] Cron [Planning non couvert — formulaires manquants] démarré
[2026-06-26T22:00:00.065Z] [INFO] Deadline quart non couvert : Quart B Ligne L1
[2026-06-26T22:00:00.071Z] [INFO] Deadline quart non couvert : Quart B Ligne L2
[2026-06-26T22:00:00.073Z] [INFO] Cron [Deadline quart — alerte responsables] terminé
[2026-06-26T22:00:00.210Z] [INFO] Planning non couvert : 0 formulaire(s) manquant(s)
[2026-06-26T22:00:00.211Z] [INFO] Cron [Planning non couvert — formulaires manquants] terminé
[2026-06-26T22:00:51.949Z] [INFO] [0mPOST /api/v1/equipements/ia/classify [32m200[0m 12.987 ms - 105[0m
[2026-06-26T22:00:58.826Z] [INFO] [0mGET /api/v1/alertes/non-lues/count [32m200[0m 9.270 ms - 12[0m
[2026-06-26T22:01:07.271Z] [INFO] [0mGET /api/v1/alertes/non-lues/count [36m304[0m 1.780 ms - -[0m
[2026-06-26T22:01:07.278Z] [INFO] [0mGET /api/v1/planning/lignes [36m304[0m 4.913 ms - -[0m
[2026-06-26T22:01:07.300Z] [INFO] [0mGET /api/v1/planning/suivi-equipements?mois=6&annee=2026 [36m304[0m 15.615 ms - -[0m
[2026-06-26T22:01:07.313Z] [INFO] [0mGET /api/v1/planning/suivi-equipements?mois=6&annee=2026 [36m304[0m 6.694 ms - -[0m
[2026-06-26T22:01:07.371Z] [INFO] [0mGET /api/v1/planning/lignes [36m304[0m 83.648 ms - -[0m
[2026-06-26T22:01:07.392Z] [INFO] [0mGET /api/v1/planning/graphiques?mois=6&annee=2026 [36m304[0m 116.499 ms - -[0m
[2026-06-26T22:01:07.403Z] [INFO] [0mGET /api/v1/planning/synthese?mois=6&annee=2026 [36m304[0m 128.976 ms - -[0m
[2026-06-26T22:01:07.414Z] [INFO] [0mGET /api/v1/planning/graphiques?mois=6&annee=2026 [36m304[0m 14.390 ms - -[0m
[2026-06-26T22:01:07.442Z] [INFO] [0mGET /api/v1/planning/synthese?mois=6&annee=2026 [36m304[0m 34.456 ms - -[0m
[2026-06-26T22:01:18.001Z] [INFO] [0mGET /api/v1/alertes/non-lues/count [36m304[0m 4.977 ms - -[0m
[2026-06-26T22:01:18.003Z] [INFO] [0mGET /api/v1/planning/equipements/courbe-correctives?type=mois&date=2026-06-01 [36m304[0m 5.353 ms - -[0m
[2026-06-26T22:01:18.013Z] [INFO] [0mGET /api/v1/equipements [36m304[0m 14.740 ms - -[0m
[2026-06-26T22:01:18.018Z] [INFO] [0mGET /api/v1/planning/equipements/courbe-correctives?type=mois&date=2026-06-01 [36m304[0m 6.460 ms - -[0m
[2026-06-26T22:01:18.028Z] [INFO] [0mGET /api/v1/equipements [36m304[0m 6.507 ms - -[0m
[2026-06-26T22:01:23.395Z] [INFO] [0mPOST /api/v1/equipements/ia/classify [32m200[0m 12.172 ms - 88[0m
[2026-06-26T22:02:18.701Z] [INFO] [0mGET /api/v1/alertes/non-lues/count [36m304[0m 1.442 ms - -[0m
[2026-06-26T22:03:18.700Z] [INFO] [0mGET /api/v1/alertes/non-lues/count [36m304[0m 1.345 ms - -[0m
[2026-06-26T22:03:59.808Z] [INFO] [0mGET /api/v1/alertes/non-lues/count [36m304[0m 4.892 ms - -[0m
[2026-06-26T22:03:59.822Z] [INFO] [0mGET /api/v1/planning/lignes [36m304[0m 6.706 ms - -[0m
[2026-06-26T22:03:59.835Z] [INFO] [0mGET /api/v1/planning/lignes [36m304[0m 2.373 ms - -[0m
[2026-06-26T22:03:59.930Z] [INFO] [0mGET /api/v1/planning/suivi-equipements?mois=6&annee=2026 [36m304[0m 109.993 ms - -[0m
[2026-06-26T22:03:59.941Z] [INFO] [0mGET /api/v1/planning/suivi-equipements?mois=6&annee=2026 [36m304[0m 5.202 ms - -[0m
[2026-06-26T22:03:59.948Z] [INFO] [0mGET /api/v1/planning/graphiques?mois=6&annee=2026 [36m304[0m 130.247 ms - -[0m
[2026-06-26T22:03:59.963Z] [INFO] [0mGET /api/v1/planning/synthese?mois=6&annee=2026 [36m304[0m 146.842 ms - -[0m
[2026-06-26T22:03:59.972Z] [INFO] [0mGET /api/v1/planning/graphiques?mois=6&annee=2026 [36m304[0m 18.213 ms - -[0m
[2026-06-26T22:04:00.007Z] [INFO] [0mGET /api/v1/planning/synthese?mois=6&annee=2026 [36m304[0m 37.940 ms - -[0m
[2026-06-26T22:04:19.621Z] [INFO] [0mGET /api/v1/alertes/non-lues/count [36m304[0m 9.829 ms - -[0m
[2026-06-26T22:04:19.632Z] [INFO] [0mGET /api/v1/planning/equipements/courbe-correctives?type=mois&date=2026-06-01 [36m304[0m 12.914 ms - -[0m
[2026-06-26T22:04:19.635Z] [INFO] [0mGET /api/v1/equipements [36m304[0m 17.262 ms - -[0m
[2026-06-26T22:04:19.647Z] [INFO] [0mGET /api/v1/planning/equipements/courbe-correctives?type=mois&date=2026-06-01 [36m304[0m 5.482 ms - -[0m
[2026-06-26T22:04:19.654Z] [INFO] [0mGET /api/v1/equipements [36m304[0m 9.592 ms - -[0m
[2026-06-26T22:04:28.263Z] [INFO] [0mPOST /api/v1/equipements/ia/classify [32m200[0m 2353.416 ms - 113[0m
[2026-06-26T22:05:19.272Z] [INFO] 🚀 InnoFaso backend démarré sur le port 5000 (development)
[2026-06-26T22:05:19.273Z] [INFO]    CORS autorisé : http://localhost:3000
[2026-06-26T22:05:19.453Z] [INFO] ⏰ Cron des alertes démarré.
[2026-06-26T22:05:41.715Z] [INFO] [0mPOST /api/v1/auth/login [32m200[0m 268.142 ms - 551[0m
[2026-06-26T22:05:41.788Z] [INFO] [0mGET /api/v1/alertes/non-lues/count [32m200[0m 15.437 ms - 12[0m
[2026-06-26T22:05:41.796Z] [INFO] [0mGET /api/v1/planning/lignes [32m200[0m 18.498 ms - 472[0m
[2026-06-26T22:05:41.813Z] [INFO] [0mGET /api/v1/alertes/non-lues/count [36m304[0m 8.236 ms - -[0m
[2026-06-26T22:05:41.842Z] [INFO] [0mGET /api/v1/planning/lignes [36m304[0m 31.775 ms - -[0m
[2026-06-26T22:05:41.911Z] [INFO] [0mGET /api/v1/planning/suivi-equipements?mois=6&annee=2026 [32m200[0m 124.021 ms - 7594[0m
[2026-06-26T22:05:41.923Z] [INFO] [0mGET /api/v1/planning/graphiques?mois=6&annee=2026 [32m200[0m 143.132 ms - 2901[0m
[2026-06-26T22:05:41.928Z] [INFO] [0mGET /api/v1/planning/suivi-equipements?mois=6&annee=2026 [36m304[0m 7.595 ms - -[0m
[2026-06-26T22:05:41.950Z] [INFO] [0mGET /api/v1/planning/synthese?mois=6&annee=2026 [32m200[0m 165.666 ms - 2023[0m
[2026-06-26T22:05:41.961Z] [INFO] [0mGET /api/v1/planning/graphiques?mois=6&annee=2026 [36m304[0m 27.702 ms - -[0m
[2026-06-26T22:05:41.994Z] [INFO] [0mGET /api/v1/planning/synthese?mois=6&annee=2026 [36m304[0m 37.707 ms - -[0m
[2026-06-26T22:05:46.564Z] [INFO] [0mGET /api/v1/planning/equipements/courbe-correctives?type=mois&date=2026-06-01 [36m304[0m 5.505 ms - -[0m
[2026-06-26T22:05:46.568Z] [INFO] [0mGET /api/v1/alertes/non-lues/count [36m304[0m 11.163 ms - -[0m
[2026-06-26T22:05:46.573Z] [INFO] [0mGET /api/v1/equipements [36m304[0m 12.778 ms - -[0m
[2026-06-26T22:05:46.583Z] [INFO] [0mGET /api/v1/planning/equipements/courbe-correctives?type=mois&date=2026-06-01 [36m304[0m 6.728 ms - -[0m
[2026-06-26T22:05:46.591Z] [INFO] [0mGET /api/v1/equipements [36m304[0m 9.985 ms - -[0m
[2026-06-26T22:05:47.297Z] [INFO] [0mGET /api/v1/equipements/ia/predictions?mois=6&annee=2026 [36m304[0m 649.921 ms - -[0m
[2026-06-26T22:05:50.912Z] [INFO] [0mGET /api/v1/auth/me [32m200[0m 3.973 ms - 145[0m
[2026-06-26T22:05:50.921Z] [INFO] [0mGET /api/v1/auth/me [36m304[0m 1.804 ms - -[0m
[2026-06-26T22:05:51.018Z] [INFO] [0mGET /api/v1/alertes/non-lues/count [36m304[0m 9.592 ms - -[0m
[2026-06-26T22:05:51.020Z] [INFO] [0mGET /api/v1/planning/equipements/courbe-correctives?type=mois&date=2026-06-01 [36m304[0m 10.087 ms - -[0m
[2026-06-26T22:05:51.025Z] [INFO] [0mGET /api/v1/equipements [36m304[0m 14.455 ms - -[0m
[2026-06-26T22:05:51.034Z] [INFO] [0mGET /api/v1/alertes/non-lues/count [36m304[0m 6.037 ms - -[0m
[2026-06-26T22:05:51.042Z] [INFO] [0mGET /api/v1/planning/equipements/courbe-correctives?type=mois&date=2026-06-01 [36m304[0m 10.158 ms - -[0m
[2026-06-26T22:05:51.050Z] [INFO] [0mGET /api/v1/equipements [36m304[0m 8.997 ms - -[0m
[2026-06-26T22:05:51.367Z] [INFO] [0mGET /api/v1/equipements/ia/predictions?mois=6&annee=2026 [36m304[0m 246.652 ms - -[0m
[2026-06-26T22:06:20.842Z] [INFO] [0mGET /api/v1/planning/equipements/courbe-correctives?type=mois&date=2026-06-01 [36m304[0m 6.673 ms - -[0m
[2026-06-26T22:06:20.844Z] [INFO] [0mGET /api/v1/equipements [36m304[0m 8.766 ms - -[0m
[2026-06-26T22:06:21.047Z] [INFO] [0mGET /api/v1/equipements/ia/predictions?mois=6&annee=2026 [36m304[0m 213.536 ms - -[0m
[2026-06-26T22:06:51.701Z] [INFO] [0mGET /api/v1/alertes/non-lues/count [36m304[0m 1.618 ms - -[0m
[2026-06-26T22:07:42.291Z] [INFO] [0mPOST /api/v1/equipements/ia/bot-chat-stream [33m401[0m 0.446 ms - 43[0m
[2026-06-26T22:07:51.691Z] [INFO] [0mGET /api/v1/alertes/non-lues/count [36m304[0m 2.295 ms - -[0m
[2026-06-26T22:08:16.472Z] [INFO] 🚀 InnoFaso backend démarré sur le port 5000 (development)
[2026-06-26T22:08:16.489Z] [INFO] ⏰ Cron des alertes démarré.
[2026-06-26T22:08:16.472Z] [INFO]    CORS autorisé : http://localhost:3000
[2026-06-26T22:08:21.875Z] [INFO] [0mGET /api/v1/auth/me [36m304[0m 13.259 ms - -[0m
[2026-06-26T22:08:21.892Z] [INFO] [0mGET /api/v1/auth/me [36m304[0m 4.483 ms - -[0m
[2026-06-26T22:08:21.976Z] [INFO] [0mGET /api/v1/alertes/non-lues/count [36m304[0m 24.601 ms - -[0m
[2026-06-26T22:08:21.977Z] [INFO] [0mGET /api/v1/planning/equipements/courbe-correctives?type=mois&date=2026-06-01 [36m304[0m 17.966 ms - -[0m
[2026-06-26T22:08:21.994Z] [INFO] [0mGET /api/v1/alertes/non-lues/count [36m304[0m 10.149 ms - -[0m
[2026-06-26T22:08:22.007Z] [INFO] [0mGET /api/v1/planning/equipements/courbe-correctives?type=mois&date=2026-06-01 [36m304[0m 7.632 ms - -[0m
[2026-06-26T22:08:22.076Z] [INFO] [0mGET /api/v1/equipements [36m304[0m 113.477 ms - -[0m
[2026-06-26T22:08:22.088Z] [INFO] [0mGET /api/v1/equipements [36m304[0m 6.156 ms - -[0m
[2026-06-26T22:08:22.418Z] [INFO] [0mGET /api/v1/equipements/ia/predictions?mois=6&annee=2026 [36m304[0m 272.914 ms - -[0m
[2026-06-26T22:08:27.910Z] [INFO] [0mPOST /api/v1/equipements/ia/bot-chat-stream [33m401[0m 0.396 ms - 43[0m
[2026-06-26T22:08:35.637Z] [INFO] [0mPOST /api/v1/equipements/ia/bot-chat-stream [33m401[0m 0.391 ms - 43[0m
[2026-06-26T22:09:11.707Z] [INFO] [0mGET /api/v1/auth/me [36m304[0m 6.080 ms - -[0m
[2026-06-26T22:09:11.727Z] [INFO] [0mGET /api/v1/auth/me [36m304[0m 6.152 ms - -[0m
[2026-06-26T22:09:11.843Z] [INFO] [0mGET /api/v1/alertes/non-lues/count [36m304[0m 4.028 ms - -[0m
[2026-06-26T22:09:11.863Z] [INFO] [0mGET /api/v1/planning/equipements/courbe-correctives?type=mois&date=2026-06-01 [36m304[0m 10.012 ms - -[0m
[2026-06-26T22:09:11.868Z] [INFO] [0mGET /api/v1/alertes/non-lues/count [36m304[0m 8.489 ms - -[0m
[2026-06-26T22:09:11.873Z] [INFO] [0mGET /api/v1/equipements [36m304[0m 15.214 ms - -[0m
[2026-06-26T22:09:11.889Z] [INFO] [0mGET /api/v1/planning/equipements/courbe-correctives?type=mois&date=2026-06-01 [36m304[0m 12.455 ms - -[0m
[2026-06-26T22:09:11.901Z] [INFO] [0mGET /api/v1/equipements [36m304[0m 17.208 ms - -[0m
[2026-06-26T22:09:12.377Z] [INFO] [0mGET /api/v1/equipements/ia/predictions?mois=6&annee=2026 [36m304[0m 242.800 ms - -[0m
[2026-06-26T22:09:19.026Z] [INFO] [0mGET /api/v1/auth/me [36m304[0m 2.239 ms - -[0m
[2026-06-26T22:09:19.041Z] [INFO] [0mGET /api/v1/auth/me [36m304[0m 5.848 ms - -[0m
[2026-06-26T22:09:19.157Z] [INFO] [0mGET /api/v1/alertes/non-lues/count [36m304[0m 2.918 ms - -[0m
[2026-06-26T22:09:19.169Z] [INFO] [0mGET /api/v1/equipements [36m304[0m 8.384 ms - -[0m
[2026-06-26T22:09:19.171Z] [INFO] [0mGET /api/v1/planning/equipements/courbe-correctives?type=mois&date=2026-06-01 [36m304[0m 12.009 ms - -[0m
[2026-06-26T22:09:19.177Z] [INFO] [0mGET /api/v1/alertes/non-lues/count [36m304[0m 2.789 ms - -[0m
[2026-06-26T22:09:19.195Z] [INFO] [0mGET /api/v1/planning/equipements/courbe-correctives?type=mois&date=2026-06-01 [36m304[0m 4.836 ms - -[0m
[2026-06-26T22:09:19.204Z] [INFO] [0mGET /api/v1/equipements [36m304[0m 20.116 ms - -[0m
[2026-06-26T22:09:19.575Z] [INFO] [0mGET /api/v1/equipements/ia/predictions?mois=6&annee=2026 [36m304[0m 273.820 ms - -[0m
[2026-06-26T22:09:41.690Z] [INFO]    CORS autorisé : http://localhost:3000
[2026-06-26T22:09:41.689Z] [INFO] 🚀 InnoFaso backend démarré sur le port 5000 (development)
[2026-06-26T22:09:41.708Z] [INFO] ⏰ Cron des alertes démarré.
[2026-06-26T22:09:49.633Z] [INFO] 🚀 InnoFaso backend démarré sur le port 5000 (development)
[2026-06-26T22:09:49.634Z] [INFO]    CORS autorisé : http://localhost:3000
[2026-06-26T22:09:49.652Z] [INFO] ⏰ Cron des alertes démarré.
[2026-06-26T22:10:19.729Z] [INFO] [0mGET /api/v1/alertes/non-lues/count [36m304[0m 17.658 ms - -[0m
[2026-06-26T22:11:19.700Z] [INFO] [0mGET /api/v1/alertes/non-lues/count [36m304[0m 5.222 ms - -[0m
[2026-06-26T22:12:19.163Z] [INFO] [0mGET /api/v1/alertes/non-lues/count [36m304[0m 1.984 ms - -[0m
[2026-06-26T22:12:20.160Z] [INFO] [0mPOST /api/v1/equipements/ia/bot-chat-stream [32m200[0m 2.081 ms - -[0m
[2026-06-26T22:13:19.699Z] [INFO] [0mGET /api/v1/alertes/non-lues/count [36m304[0m 2.118 ms - -[0m
[2026-06-26T22:14:07.362Z] [INFO] [0mPOST /api/v1/equipements/ia/bot-chat-stream [32m200[0m 2.338 ms - -[0m
[2026-06-26T22:14:19.708Z] [INFO] [0mGET /api/v1/alertes/non-lues/count [36m304[0m 4.064 ms - -[0m
[2026-06-26T22:15:00.474Z] [INFO] [0mPOST /api/v1/equipements/ia/bot-chat-stream [32m200[0m 2.255 ms - -[0m
[2026-06-26T22:15:12.305Z] [INFO] [0mPOST /api/v1/equipements/ia/bot-chat-stream [32m200[0m 3.259 ms - -[0m
[2026-06-26T22:15:19.163Z] [INFO] [0mGET /api/v1/alertes/non-lues/count [36m304[0m 2.199 ms - -[0m
[2026-06-26T22:16:19.868Z] [INFO] [0mGET /api/v1/alertes/non-lues/count [36m304[0m 175.263 ms - -[0m
[2026-06-26T22:17:19.706Z] [INFO] [0mGET /api/v1/alertes/non-lues/count [36m304[0m 2.116 ms - -[0m
[2026-06-26T22:18:19.695Z] [INFO] [0mGET /api/v1/alertes/non-lues/count [36m304[0m 2.572 ms - -[0m
[2026-06-26T22:19:19.694Z] [INFO] [0mGET /api/v1/alertes/non-lues/count [36m304[0m 2.694 ms - -[0m
[2026-06-26T22:20:13.068Z] [INFO] [0mPOST /api/v1/equipements/ia/bot-chat-stream [32m200[0m 2.475 ms - -[0m
[2026-06-26T22:20:19.162Z] [INFO] [0mGET /api/v1/alertes/non-lues/count [36m304[0m 2.941 ms - -[0m
[2026-06-26T22:20:20.121Z] [INFO] [0mGET /api/v1/auth/me [36m304[0m 2.551 ms - -[0m
[2026-06-26T22:20:20.130Z] [INFO] [0mGET /api/v1/auth/me [36m304[0m 2.471 ms - -[0m
[2026-06-26T22:20:20.276Z] [INFO] [0mGET /api/v1/alertes/non-lues/count [36m304[0m 41.668 ms - -[0m
[2026-06-26T22:20:20.294Z] [INFO] [0mGET /api/v1/alertes/non-lues/count [36m304[0m 4.958 ms - -[0m
[2026-06-26T22:20:20.394Z] [INFO] [0mGET /api/v1/planning/equipements/courbe-correctives?type=mois&date=2026-06-01 [36m304[0m 142.124 ms - -[0m
[2026-06-26T22:20:20.407Z] [INFO] [0mGET /api/v1/planning/equipements/courbe-correctives?type=mois&date=2026-06-01 [36m304[0m 3.551 ms - -[0m
[2026-06-26T22:20:20.413Z] [INFO] [0mGET /api/v1/equipements [36m304[0m 156.444 ms - -[0m
[2026-06-26T22:20:20.428Z] [INFO] [0mGET /api/v1/equipements [36m304[0m 5.621 ms - -[0m
[2026-06-26T22:20:21.176Z] [INFO] [0mGET /api/v1/equipements/ia/predictions?mois=6&annee=2026 [36m304[0m 639.681 ms - -[0m
[2026-06-26T22:20:25.080Z] [INFO] [0mPOST /api/v1/equipements/ia/bot-chat-stream [32m200[0m 1.856 ms - -[0m
[2026-06-26T22:21:20.700Z] [INFO] [0mGET /api/v1/alertes/non-lues/count [36m304[0m 1.848 ms - -[0m
[2026-06-26T22:22:20.701Z] [INFO] [0mGET /api/v1/alertes/non-lues/count [36m304[0m 1.913 ms - -[0m
[2026-06-26T22:23:20.704Z] [INFO] [0mGET /api/v1/alertes/non-lues/count [36m304[0m 6.722 ms - -[0m
[2026-06-26T22:24:20.904Z] [INFO] [0mGET /api/v1/alertes/non-lues/count [36m304[0m 190.598 ms - -[0m
[2026-06-26T22:25:20.696Z] [INFO] [0mGET /api/v1/alertes/non-lues/count [36m304[0m 2.532 ms - -[0m
[2026-06-26T22:26:20.760Z] [INFO] [0mGET /api/v1/alertes/non-lues/count [36m304[0m 61.804 ms - -[0m
[2026-06-26T22:27:40.444Z] [INFO] [0mGET /api/v1/alertes/non-lues/count [36m304[0m 69.610 ms - -[0m
[2026-06-26T22:27:48.785Z] [INFO] [0mPOST /api/v1/equipements/ia/bot-chat-stream [32m200[0m 2.018 ms - -[0m
[2026-06-26T22:28:20.694Z] [INFO] [0mGET /api/v1/alertes/non-lues/count [36m304[0m 2.196 ms - -[0m
[2026-06-26T22:29:20.770Z] [INFO] [0mGET /api/v1/alertes/non-lues/count [36m304[0m 68.972 ms - -[0m
[2026-06-26T22:30:57.767Z] [INFO] [0mGET /api/v1/alertes/non-lues/count [36m304[0m 61.084 ms - -[0m
[2026-06-26T22:31:17.161Z] [INFO] [0mGET /api/v1/auth/me [36m304[0m 2.261 ms - -[0m
[2026-06-26T22:31:17.171Z] [INFO] [0mGET /api/v1/auth/me [36m304[0m 3.674 ms - -[0m
[2026-06-26T22:31:17.262Z] [INFO] [0mGET /api/v1/alertes/non-lues/count [36m304[0m 5.779 ms - -[0m
[2026-06-26T22:31:17.287Z] [INFO] [0mGET /api/v1/alertes/non-lues/count [36m304[0m 4.951 ms - -[0m
[2026-06-26T22:31:17.380Z] [INFO] [0mGET /api/v1/equipements [36m304[0m 118.681 ms - -[0m
[2026-06-26T22:31:17.393Z] [INFO] [0mGET /api/v1/planning/equipements/courbe-correctives?type=mois&date=2026-06-01 [36m304[0m 133.841 ms - -[0m
[2026-06-26T22:31:17.396Z] [INFO] [0mGET /api/v1/equipements [36m304[0m 5.282 ms - -[0m
[2026-06-26T22:31:17.413Z] [INFO] [0mGET /api/v1/planning/equipements/courbe-correctives?type=mois&date=2026-06-01 [36m304[0m 9.039 ms - -[0m
[2026-06-26T22:31:17.818Z] [INFO] [0mGET /api/v1/equipements/ia/predictions?mois=6&annee=2026 [36m304[0m 361.747 ms - -[0m
[2026-06-26T22:31:23.989Z] [INFO] [0mPOST /api/v1/equipements/ia/bot-chat-stream [32m200[0m 3.560 ms - -[0m
[2026-06-26T22:31:57.007Z] [INFO] [0mPOST /api/v1/equipements/ia/bot-chat-stream [32m200[0m 2.673 ms - -[0m
[2026-06-26T22:32:17.232Z] [INFO] [0mGET /api/v1/alertes/non-lues/count [36m304[0m 1.429 ms - -[0m
[2026-06-26T22:33:17.780Z] [INFO] [0mGET /api/v1/alertes/non-lues/count [36m304[0m 84.222 ms - -[0m
