[2026-06-27T11:21:02.088Z] [INFO] 🚀 InnoFaso backend démarré sur le port 5000 (development)
[2026-06-27T11:21:02.372Z] [INFO] ⏰ Cron des alertes démarré.
[2026-06-27T11:21:02.089Z] [INFO]    CORS autorisé : http://localhost:3000
[2026-06-27T11:21:37.893Z] [INFO] [0mPOST /api/v1/auth/login [32m200[0m 522.736 ms - 551[0m
[2026-06-27T11:21:38.009Z] [INFO] [0mGET /api/v1/alertes/non-lues/count [32m200[0m 22.220 ms - 12[0m
[2026-06-27T11:21:38.012Z] [INFO] [0mGET /api/v1/planning/lignes [36m304[0m 18.221 ms - -[0m
[2026-06-27T11:21:38.062Z] [INFO] [0mGET /api/v1/planning/lignes [36m304[0m 13.598 ms - -[0m
[2026-06-27T11:21:38.067Z] [INFO] [0mGET /api/v1/alertes/non-lues/count [36m304[0m 22.529 ms - -[0m
[2026-06-27T11:21:38.170Z] [INFO] [0mGET /api/v1/planning/suivi-equipements?mois=6&annee=2026 [36m304[0m 160.212 ms - -[0m
[2026-06-27T11:21:38.191Z] [INFO] [0mGET /api/v1/planning/suivi-equipements?mois=6&annee=2026 [36m304[0m 11.609 ms - -[0m
[2026-06-27T11:21:38.226Z] [INFO] [0mGET /api/v1/planning/graphiques?mois=6&annee=2026 [36m304[0m 226.696 ms - -[0m
[2026-06-27T11:21:38.248Z] [INFO] [0mGET /api/v1/planning/synthese?mois=6&annee=2026 [36m304[0m 250.235 ms - -[0m
[2026-06-27T11:21:38.273Z] [INFO] [0mGET /api/v1/planning/graphiques?mois=6&annee=2026 [36m304[0m 35.058 ms - -[0m
[2026-06-27T11:21:38.324Z] [INFO] [0mGET /api/v1/planning/synthese?mois=6&annee=2026 [36m304[0m 65.509 ms - -[0m
[2026-06-27T11:21:41.192Z] [INFO] [0mGET /api/v1/alertes/non-lues/count [36m304[0m 5.619 ms - -[0m
[2026-06-27T11:21:41.209Z] [INFO] [0mGET /api/v1/planning/equipements/courbe-correctives?type=mois&date=2026-06-01 [36m304[0m 9.693 ms - -[0m
[2026-06-27T11:21:41.221Z] [INFO] [0mGET /api/v1/equipements [36m304[0m 17.872 ms - -[0m
[2026-06-27T11:21:41.235Z] [INFO] [0mGET /api/v1/planning/equipements/courbe-correctives?type=mois&date=2026-06-01 [36m304[0m 9.152 ms - -[0m
[2026-06-27T11:21:41.247Z] [INFO] [0mGET /api/v1/equipements [36m304[0m 7.957 ms - -[0m
[2026-06-27T11:21:41.925Z] [INFO] [0mGET /api/v1/equipements/ia/predictions?mois=6&annee=2026 [32m200[0m 602.268 ms - 37[0m
[2026-06-27T11:22:33.809Z] [INFO] [0mGET /api/v1/alertes/non-lues/count [36m304[0m 17.396 ms - -[0m
[2026-06-27T11:22:33.812Z] [INFO] [0mGET /api/v1/planning/lignes [36m304[0m 18.988 ms - -[0m
[2026-06-27T11:22:33.818Z] [INFO] [0mGET /api/v1/planning/suivi-equipements?mois=6&annee=2026 [36m304[0m 20.847 ms - -[0m
[2026-06-27T11:22:33.836Z] [INFO] [0mGET /api/v1/planning/lignes [36m304[0m 5.092 ms - -[0m
[2026-06-27T11:22:33.847Z] [INFO] [0mGET /api/v1/planning/suivi-equipements?mois=6&annee=2026 [36m304[0m 14.716 ms - -[0m
[2026-06-27T11:22:33.866Z] [INFO] [0mGET /api/v1/planning/graphiques?mois=6&annee=2026 [36m304[0m 66.374 ms - -[0m
[2026-06-27T11:22:33.896Z] [INFO] [0mGET /api/v1/planning/graphiques?mois=6&annee=2026 [36m304[0m 22.502 ms - -[0m
[2026-06-27T11:22:33.923Z] [INFO] [0mGET /api/v1/planning/synthese?mois=6&annee=2026 [36m304[0m 129.237 ms - -[0m
[2026-06-27T11:22:34.077Z] [INFO] [0mGET /api/v1/planning/synthese?mois=6&annee=2026 [36m304[0m 143.520 ms - -[0m
[2026-06-27T11:23:33.791Z] [INFO] [0mGET /api/v1/alertes/non-lues/count [36m304[0m 7.215 ms - -[0m
[2026-06-27T11:24:34.081Z] [INFO] [0mGET /api/v1/alertes/non-lues/count [36m304[0m 247.551 ms - -[0m
[2026-06-27T11:24:53.435Z] [INFO] [0mGET /api/v1/alertes/non-lues/count [36m304[0m 3.867 ms - -[0m
[2026-06-27T11:24:53.463Z] [INFO] [0mGET /api/v1/planning/equipements/courbe-correctives?type=mois&date=2026-06-01 [36m304[0m 14.070 ms - -[0m
[2026-06-27T11:24:53.483Z] [INFO] [0mGET /api/v1/planning/equipements/courbe-correctives?type=mois&date=2026-06-01 [36m304[0m 4.515 ms - -[0m
[2026-06-27T11:24:53.582Z] [INFO] [0mGET /api/v1/equipements [36m304[0m 130.909 ms - -[0m
[2026-06-27T11:24:53.595Z] [INFO] [0mGET /api/v1/equipements [36m304[0m 5.777 ms - -[0m
[2026-06-27T11:25:06.140Z] [INFO] [0mGET /api/v1/auth/me [32m200[0m 2.449 ms - 145[0m
[2026-06-27T11:25:06.157Z] [INFO] [0mGET /api/v1/auth/me [36m304[0m 6.506 ms - -[0m
[2026-06-27T11:25:06.241Z] [INFO] [0mGET /api/v1/alertes/non-lues/count [36m304[0m 7.772 ms - -[0m
[2026-06-27T11:25:06.253Z] [INFO] [0mGET /api/v1/planning/equipements/courbe-correctives?type=mois&date=2026-06-01 [36m304[0m 19.202 ms - -[0m
[2026-06-27T11:25:06.265Z] [INFO] [0mGET /api/v1/alertes/non-lues/count [36m304[0m 7.209 ms - -[0m
[2026-06-27T11:25:06.281Z] [INFO] [0mGET /api/v1/planning/equipements/courbe-correctives?type=mois&date=2026-06-01 [36m304[0m 6.393 ms - -[0m
[2026-06-27T11:25:06.388Z] [INFO] [0mGET /api/v1/equipements [36m304[0m 152.102 ms - -[0m
[2026-06-27T11:25:06.405Z] [INFO] [0mGET /api/v1/equipements [36m304[0m 8.506 ms - -[0m
[2026-06-27T11:25:07.193Z] [INFO] [0mGET /api/v1/equipements/ia/predictions?mois=6&annee=2026 [32m200[0m 684.937 ms - 1942[0m
[2026-06-27T11:25:32.715Z] [INFO] [0mPOST /api/v1/equipements/ia/bot-chat-stream [32m200[0m 3.397 ms - -[0m
[2026-06-27T11:26:06.212Z] [INFO] [0mGET /api/v1/alertes/non-lues/count [36m304[0m 2.867 ms - -[0m
[2026-06-27T11:26:30.708Z] [INFO] [0mPOST /api/v1/equipements/ia/bot-chat-stream [32m200[0m 4.902 ms - -[0m
[2026-06-27T11:27:06.221Z] [INFO] [0mGET /api/v1/alertes/non-lues/count [36m304[0m 3.271 ms - -[0m
[2026-06-27T11:28:06.217Z] [INFO] [0mGET /api/v1/alertes/non-lues/count [36m304[0m 2.800 ms - -[0m
[2026-06-27T11:29:06.217Z] [INFO] [0mGET /api/v1/alertes/non-lues/count [36m304[0m 3.802 ms - -[0m
[2026-06-27T11:30:06.221Z] [INFO] [0mGET /api/v1/alertes/non-lues/count [36m304[0m 3.784 ms - -[0m
[2026-06-27T11:31:06.224Z] [INFO] [0mGET /api/v1/alertes/non-lues/count [36m304[0m 3.889 ms - -[0m
[2026-06-27T11:32:06.700Z] [INFO] [0mGET /api/v1/alertes/non-lues/count [36m304[0m 220.138 ms - -[0m
[2026-06-27T11:33:07.396Z] [INFO] [0mGET /api/v1/alertes/non-lues/count [36m304[0m 81.925 ms - -[0m
[2026-06-27T11:34:07.324Z] [INFO] [0mGET /api/v1/alertes/non-lues/count [36m304[0m 1.843 ms - -[0m
[2026-06-27T11:35:07.318Z] [INFO] [0mGET /api/v1/alertes/non-lues/count [36m304[0m 1.886 ms - -[0m
[2026-06-27T11:36:06.327Z] [INFO] [0mGET /api/v1/alertes/non-lues/count [36m304[0m 5.400 ms - -[0m
[2026-06-27T11:37:07.388Z] [INFO] [0mGET /api/v1/alertes/non-lues/count [36m304[0m 72.305 ms - -[0m
[2026-06-27T11:38:07.322Z] [INFO] [0mGET /api/v1/alertes/non-lues/count [36m304[0m 1.872 ms - -[0m
[2026-06-27T11:39:07.325Z] [INFO] [0mGET /api/v1/alertes/non-lues/count [36m304[0m 1.901 ms - -[0m
[2026-06-27T11:40:07.443Z] [INFO] [0mGET /api/v1/alertes/non-lues/count [36m304[0m 83.631 ms - -[0m
[2026-06-27T11:41:07.323Z] [INFO] [0mGET /api/v1/alertes/non-lues/count [36m304[0m 2.120 ms - -[0m
[2026-06-27T11:42:07.316Z] [INFO] [0mGET /api/v1/alertes/non-lues/count [36m304[0m 2.131 ms - -[0m
[2026-06-27T11:43:07.318Z] [INFO] [0mGET /api/v1/alertes/non-lues/count [36m304[0m 2.279 ms - -[0m
[2026-06-27T11:44:07.314Z] [INFO] [0mGET /api/v1/alertes/non-lues/count [36m304[0m 1.812 ms - -[0m
[2026-06-27T11:45:07.503Z] [INFO] [0mGET /api/v1/alertes/non-lues/count [36m304[0m 169.843 ms - -[0m
[2026-06-27T11:46:07.332Z] [INFO] [0mGET /api/v1/alertes/non-lues/count [36m304[0m 3.713 ms - -[0m
[2026-06-27T11:47:07.328Z] [INFO] [0mGET /api/v1/alertes/non-lues/count [36m304[0m 3.650 ms - -[0m
[2026-06-27T11:48:07.327Z] [INFO] [0mGET /api/v1/alertes/non-lues/count [36m304[0m 1.814 ms - -[0m
[2026-06-27T11:49:07.323Z] [INFO] [0mGET /api/v1/alertes/non-lues/count [36m304[0m 1.703 ms - -[0m
[2026-06-27T11:50:07.323Z] [INFO] [0mGET /api/v1/alertes/non-lues/count [36m304[0m 2.083 ms - -[0m
[2026-06-27T11:51:07.320Z] [INFO] [0mGET /api/v1/alertes/non-lues/count [36m304[0m 2.352 ms - -[0m
[2026-06-27T11:52:07.314Z] [INFO] [0mGET /api/v1/alertes/non-lues/count [36m304[0m 2.736 ms - -[0m
[2026-06-27T11:53:07.313Z] [INFO] [0mGET /api/v1/alertes/non-lues/count [36m304[0m 2.004 ms - -[0m
[2026-06-27T11:54:07.442Z] [INFO] [0mGET /api/v1/alertes/non-lues/count [36m304[0m 114.147 ms - -[0m
[2026-06-27T11:55:12.930Z] [INFO] [0mGET /api/v1/alertes/non-lues/count [36m304[0m 106.226 ms - -[0m
[2026-06-27T11:56:07.335Z] [INFO] [0mGET /api/v1/alertes/non-lues/count [36m304[0m 2.558 ms - -[0m
[2026-06-27T11:57:07.441Z] [INFO] [0mGET /api/v1/alertes/non-lues/count [36m304[0m 94.672 ms - -[0m
[2026-06-27T11:58:07.322Z] [INFO] [0mGET /api/v1/alertes/non-lues/count [36m304[0m 2.381 ms - -[0m
[2026-06-27T11:59:07.319Z] [INFO] [0mGET /api/v1/alertes/non-lues/count [36m304[0m 2.769 ms - -[0m
[2026-06-27T12:00:00.041Z] [INFO] Cron [Planning non couvert — formulaires manquants] démarré
[2026-06-27T12:00:00.045Z] [INFO] Cron [Deadline quart — alerte responsables] démarré
[2026-06-27T12:00:00.070Z] [INFO] Planning non couvert : 0 formulaire(s) manquant(s)
[2026-06-27T12:00:00.070Z] [INFO] Cron [Planning non couvert — formulaires manquants] terminé
[2026-06-27T12:00:00.122Z] [INFO] Cron [Deadline quart — alerte responsables] terminé
[2026-06-27T12:00:14.270Z] [INFO] [0mGET /api/v1/alertes/non-lues/count [36m304[0m 5.940 ms - -[0m
[2026-06-27T12:01:10.569Z] [INFO] [0mGET /api/v1/alertes/non-lues/count [36m304[0m 2.031 ms - -[0m
[2026-06-27T12:02:07.349Z] [INFO] [0mGET /api/v1/alertes/non-lues/count [36m304[0m 2.642 ms - -[0m
[2026-06-27T12:03:07.327Z] [INFO] [0mGET /api/v1/alertes/non-lues/count [36m304[0m 2.477 ms - -[0m
[2026-06-27T12:04:07.332Z] [INFO] [0mGET /api/v1/alertes/non-lues/count [36m304[0m 3.748 ms - -[0m
[2026-06-27T12:05:07.329Z] [INFO] [0mGET /api/v1/alertes/non-lues/count [36m304[0m 3.800 ms - -[0m
[2026-06-27T12:14:47.264Z] [INFO] [0mGET /api/v1/alertes/non-lues/count [36m304[0m 133.702 ms - -[0m
[2026-06-27T12:14:47.789Z] [INFO] [0mGET /api/v1/auth/me [36m304[0m 3.385 ms - -[0m
[2026-06-27T12:14:47.831Z] [INFO] [0mGET /api/v1/auth/me [36m304[0m 3.187 ms - -[0m
[2026-06-27T12:14:47.926Z] [INFO] [0mGET /api/v1/alertes/non-lues/count [32m200[0m 4.083 ms - 12[0m
[2026-06-27T12:14:47.984Z] [INFO] [0mGET /api/v1/planning/equipements/courbe-correctives?type=mois&date=2026-06-01 [36m304[0m 38.892 ms - -[0m
[2026-06-27T12:14:48.014Z] [INFO] [0mGET /api/v1/planning/equipements/courbe-correctives?type=mois&date=2026-06-01 [36m304[0m 10.411 ms - -[0m
[2026-06-27T12:14:48.119Z] [INFO] [0mGET /api/v1/alertes/non-lues/count [36m304[0m 139.239 ms - -[0m
[2026-06-27T12:14:48.124Z] [INFO] [0mGET /api/v1/equipements [36m304[0m 172.038 ms - -[0m
[2026-06-27T12:14:48.142Z] [INFO] [0mGET /api/v1/equipements [36m304[0m 5.431 ms - -[0m
[2026-06-27T12:14:48.402Z] [INFO] [0mGET /api/v1/equipements/ia/predictions?mois=6&annee=2026 [36m304[0m 179.691 ms - -[0m
[2026-06-27T12:15:21.150Z] [INFO] [0mPOST /api/v1/equipements/ia/bot-chat-stream [32m200[0m 3.788 ms - -[0m
[2026-06-27T12:15:47.909Z] [INFO] [0mGET /api/v1/alertes/non-lues/count [36m304[0m 7.159 ms - -[0m
[2026-06-27T12:16:05.417Z] [INFO] [0mPOST /api/v1/equipements/ia/bot-chat-stream [32m200[0m 5.468 ms - -[0m
[2026-06-27T12:16:47.903Z] [INFO] [0mGET /api/v1/alertes/non-lues/count [36m304[0m 3.944 ms - -[0m
[2026-06-27T12:17:47.911Z] [INFO] [0mGET /api/v1/alertes/non-lues/count [36m304[0m 4.974 ms - -[0m
[2026-06-27T12:18:47.930Z] [INFO] [0mGET /api/v1/alertes/non-lues/count [36m304[0m 6.356 ms - -[0m
[2026-06-27T12:19:47.916Z] [INFO] [0mGET /api/v1/alertes/non-lues/count [36m304[0m 3.169 ms - -[0m
[2026-06-27T12:20:47.904Z] [INFO] [0mGET /api/v1/alertes/non-lues/count [36m304[0m 4.846 ms - -[0m
[2026-06-27T12:21:47.906Z] [INFO] [0mGET /api/v1/alertes/non-lues/count [33m401[0m 2.600 ms - 58[0m
[2026-06-27T12:30:41.114Z] [INFO] [0mPOST /api/v1/auth/login [32m200[0m 342.933 ms - 551[0m
[2026-06-27T12:30:41.165Z] [INFO] [0mGET /api/v1/alertes/non-lues/count [36m304[0m 4.801 ms - -[0m
[2026-06-27T12:30:41.195Z] [INFO] [0mGET /api/v1/planning/suivi-equipements?mois=6&annee=2026 [36m304[0m 27.581 ms - -[0m
[2026-06-27T12:30:41.237Z] [INFO] [0mGET /api/v1/planning/suivi-equipements?mois=6&annee=2026 [36m304[0m 20.734 ms - -[0m
[2026-06-27T12:30:41.277Z] [INFO] [0mGET /api/v1/planning/lignes [36m304[0m 114.548 ms - -[0m
[2026-06-27T12:30:41.284Z] [INFO] [0mGET /api/v1/planning/lignes [36m304[0m 1.909 ms - -[0m
[2026-06-27T12:30:41.302Z] [INFO] [0mGET /api/v1/alertes/non-lues/count [36m304[0m 122.204 ms - -[0m
[2026-06-27T12:30:41.324Z] [INFO] [0mGET /api/v1/planning/graphiques?mois=6&annee=2026 [36m304[0m 152.906 ms - -[0m
[2026-06-27T12:30:41.344Z] [INFO] [0mGET /api/v1/planning/synthese?mois=6&annee=2026 [36m304[0m 174.677 ms - -[0m
[2026-06-27T12:30:41.345Z] [INFO] [0mGET /api/v1/planning/graphiques?mois=6&annee=2026 [36m304[0m 14.917 ms - -[0m
[2026-06-27T12:30:41.383Z] [INFO] [0mGET /api/v1/planning/synthese?mois=6&annee=2026 [36m304[0m 32.273 ms - -[0m
[2026-06-27T12:31:41.157Z] [INFO] [0mGET /api/v1/alertes/non-lues/count [36m304[0m 2.354 ms - -[0m
[2026-06-27T12:32:41.220Z] [INFO] [0mGET /api/v1/alertes/non-lues/count [36m304[0m 60.112 ms - -[0m
[2026-06-27T12:33:41.172Z] [INFO] [0mGET /api/v1/alertes/non-lues/count [36m304[0m 1.387 ms - -[0m
[2026-06-27T12:34:41.170Z] [INFO] [0mGET /api/v1/alertes/non-lues/count [36m304[0m 2.191 ms - -[0m
[2026-06-27T12:35:41.169Z] [INFO] [0mGET /api/v1/alertes/non-lues/count [36m304[0m 2.774 ms - -[0m
[2026-06-27T12:36:41.167Z] [INFO] [0mGET /api/v1/alertes/non-lues/count [36m304[0m 1.784 ms - -[0m
[2026-06-27T12:37:41.170Z] [INFO] [0mGET /api/v1/alertes/non-lues/count [36m304[0m 1.726 ms - -[0m
[2026-06-27T12:38:41.165Z] [INFO] [0mGET /api/v1/alertes/non-lues/count [36m304[0m 1.437 ms - -[0m
[2026-06-27T12:39:41.157Z] [INFO] [0mGET /api/v1/alertes/non-lues/count [36m304[0m 1.492 ms - -[0m
[2026-06-27T12:40:41.229Z] [INFO] [0mGET /api/v1/alertes/non-lues/count [36m304[0m 56.820 ms - -[0m
[2026-06-27T12:41:41.336Z] [INFO] [0mGET /api/v1/alertes/non-lues/count [36m304[0m 62.087 ms - -[0m
[2026-06-27T12:43:07.344Z] [INFO] [0mGET /api/v1/alertes/non-lues/count [36m304[0m 55.646 ms - -[0m
[2026-06-27T12:44:07.295Z] [INFO] [0mGET /api/v1/alertes/non-lues/count [36m304[0m 2.281 ms - -[0m
[2026-06-27T12:45:07.290Z] [INFO] [0mGET /api/v1/alertes/non-lues/count [36m304[0m 1.575 ms - -[0m
[2026-06-27T12:46:07.290Z] [INFO] [0mGET /api/v1/alertes/non-lues/count [36m304[0m 1.589 ms - -[0m
[2026-06-27T12:47:03.072Z] [INFO] [0mGET /api/v1/alertes/non-lues/count [36m304[0m 2.543 ms - -[0m
[2026-06-27T12:47:41.162Z] [INFO] [0mGET /api/v1/alertes/non-lues/count [36m304[0m 1.797 ms - -[0m
[2026-06-27T12:48:41.156Z] [INFO] [0mGET /api/v1/alertes/non-lues/count [36m304[0m 1.419 ms - -[0m
[2026-06-27T12:49:41.226Z] [INFO] [0mGET /api/v1/alertes/non-lues/count [36m304[0m 60.109 ms - -[0m
[2026-06-27T12:50:41.160Z] [INFO] [0mGET /api/v1/alertes/non-lues/count [36m304[0m 1.513 ms - -[0m
[2026-06-27T12:51:41.167Z] [INFO] [0mGET /api/v1/alertes/non-lues/count [36m304[0m 1.484 ms - -[0m
[2026-06-27T12:52:41.159Z] [INFO] [0mGET /api/v1/alertes/non-lues/count [36m304[0m 1.613 ms - -[0m
[2026-06-27T12:53:41.455Z] [INFO] [0mGET /api/v1/alertes/non-lues/count [36m304[0m 172.300 ms - -[0m
[2026-06-27T12:54:02.208Z] [INFO] [0mGET /api/v1/alertes/non-lues/count [36m304[0m 2.617 ms - -[0m
[2026-06-27T12:54:02.223Z] [INFO] [0mGET /api/v1/planning/equipements/courbe-correctives?type=mois&date=2026-06-01 [36m304[0m 12.101 ms - -[0m
[2026-06-27T12:54:02.233Z] [INFO] [0mGET /api/v1/planning/equipements/courbe-correctives?type=mois&date=2026-06-01 [36m304[0m 4.144 ms - -[0m
[2026-06-27T12:54:02.293Z] [INFO] [0mGET /api/v1/equipements [36m304[0m 81.178 ms - -[0m
[2026-06-27T12:54:02.307Z] [INFO] [0mGET /api/v1/equipements [36m304[0m 7.509 ms - -[0m
[2026-06-27T12:54:02.536Z] [INFO] [0mGET /api/v1/equipements/ia/predictions?mois=6&annee=2026 [36m304[0m 156.228 ms - -[0m
[2026-06-27T12:54:10.107Z] [INFO] [0mGET /api/v1/planning/equipement/4fcb856d-6e1f-410c-8048-dc4c8b51439b/detail?type=mois&date=2026-06-01 [31m500[0m 25.253 ms - 87[0m
[2026-06-27T12:54:10.125Z] [INFO] [0mGET /api/v1/planning/equipement/4fcb856d-6e1f-410c-8048-dc4c8b51439b/detail?type=mois&date=2026-06-01 [31m500[0m 12.375 ms - 87[0m
[2026-06-27T12:55:02.211Z] [INFO] [0mGET /api/v1/alertes/non-lues/count [36m304[0m 4.175 ms - -[0m
[2026-06-27T12:56:02.193Z] [INFO] [0mGET /api/v1/alertes/non-lues/count [36m304[0m 1.665 ms - -[0m
[2026-06-27T12:57:02.207Z] [INFO] [0mGET /api/v1/alertes/non-lues/count [36m304[0m 5.101 ms - -[0m
[2026-06-27T12:58:02.201Z] [INFO] [0mGET /api/v1/alertes/non-lues/count [36m304[0m 1.346 ms - -[0m
[2026-06-27T12:59:02.206Z] [INFO] [0mGET /api/v1/alertes/non-lues/count [36m304[0m 1.511 ms - -[0m
[2026-06-27T13:00:00.028Z] [INFO] Cron [Deadline quart — alerte responsables] démarré
[2026-06-27T13:00:00.032Z] [INFO] Cron [Deadline quart — alerte responsables] terminé
[2026-06-27T13:00:02.287Z] [INFO] [0mGET /api/v1/alertes/non-lues/count [36m304[0m 1.318 ms - -[0m
[2026-06-27T13:01:07.350Z] [INFO] [0mGET /api/v1/alertes/non-lues/count [36m304[0m 60.171 ms - -[0m
[2026-06-27T13:02:07.294Z] [INFO] [0mGET /api/v1/alertes/non-lues/count [36m304[0m 1.534 ms - -[0m
[2026-06-27T13:03:07.285Z] [INFO] [0mGET /api/v1/alertes/non-lues/count [36m304[0m 1.484 ms - -[0m
[2026-06-27T13:04:07.280Z] [INFO] [0mGET /api/v1/alertes/non-lues/count [36m304[0m 1.423 ms - -[0m
[2026-06-27T13:05:07.347Z] [INFO] [0mGET /api/v1/alertes/non-lues/count [36m304[0m 55.114 ms - -[0m
[2026-06-27T13:06:07.286Z] [INFO] [0mGET /api/v1/alertes/non-lues/count [36m304[0m 1.505 ms - -[0m
[2026-06-27T13:07:07.294Z] [INFO] [0mGET /api/v1/alertes/non-lues/count [36m304[0m 1.602 ms - -[0m
[2026-06-27T13:08:07.294Z] [INFO] [0mGET /api/v1/alertes/non-lues/count [36m304[0m 2.211 ms - -[0m
[2026-06-27T13:09:07.287Z] [INFO] [0mGET /api/v1/alertes/non-lues/count [36m304[0m 1.348 ms - -[0m
[2026-06-27T13:10:07.280Z] [INFO] [0mGET /api/v1/alertes/non-lues/count [36m304[0m 1.502 ms - -[0m
[2026-06-27T13:11:07.279Z] [INFO] [0mGET /api/v1/alertes/non-lues/count [36m304[0m 1.797 ms - -[0m
[2026-06-27T13:12:07.284Z] [INFO] [0mGET /api/v1/alertes/non-lues/count [36m304[0m 1.356 ms - -[0m
[2026-06-27T13:13:07.278Z] [INFO] [0mGET /api/v1/alertes/non-lues/count [36m304[0m 1.375 ms - -[0m
[2026-06-27T13:14:07.362Z] [INFO] [0mGET /api/v1/alertes/non-lues/count [36m304[0m 69.161 ms - -[0m
[2026-06-27T13:15:07.278Z] [INFO] [0mGET /api/v1/alertes/non-lues/count [36m304[0m 1.443 ms - -[0m
[2026-06-27T13:16:02.208Z] [INFO] [0mGET /api/v1/alertes/non-lues/count [36m304[0m 3.047 ms - -[0m
[2026-06-27T13:17:02.212Z] [INFO] [0mGET /api/v1/alertes/non-lues/count [36m304[0m 1.310 ms - -[0m
[2026-06-27T13:18:02.199Z] [INFO] [0mGET /api/v1/alertes/non-lues/count [36m304[0m 1.579 ms - -[0m
[2026-06-27T13:19:02.197Z] [INFO] [0mGET /api/v1/alertes/non-lues/count [36m304[0m 1.482 ms - -[0m
[2026-06-27T13:20:02.196Z] [INFO] [0mGET /api/v1/alertes/non-lues/count [36m304[0m 1.387 ms - -[0m
[2026-06-27T13:21:02.448Z] [INFO] [0mGET /api/v1/alertes/non-lues/count [36m304[0m 164.943 ms - -[0m
[2026-06-27T13:22:07.352Z] [INFO] [0mGET /api/v1/alertes/non-lues/count [36m304[0m 58.735 ms - -[0m
[2026-06-27T13:23:07.285Z] [INFO] [0mGET /api/v1/alertes/non-lues/count [36m304[0m 1.492 ms - -[0m
[2026-06-27T13:24:07.368Z] [INFO] [0mGET /api/v1/alertes/non-lues/count [36m304[0m 63.870 ms - -[0m
[2026-06-27T13:25:07.287Z] [INFO] [0mGET /api/v1/alertes/non-lues/count [36m304[0m 1.451 ms - -[0m
[2026-06-27T13:26:07.280Z] [INFO] [0mGET /api/v1/alertes/non-lues/count [36m304[0m 1.399 ms - -[0m
[2026-06-27T13:27:07.365Z] [INFO] [0mGET /api/v1/alertes/non-lues/count [36m304[0m 57.883 ms - -[0m
[2026-06-27T13:28:07.290Z] [INFO] [0mGET /api/v1/alertes/non-lues/count [36m304[0m 1.418 ms - -[0m
[2026-06-27T13:29:07.368Z] [INFO] [0mGET /api/v1/alertes/non-lues/count [36m304[0m 73.145 ms - -[0m
[2026-06-27T13:30:07.293Z] [INFO] [0mGET /api/v1/alertes/non-lues/count [36m304[0m 1.367 ms - -[0m
[2026-06-27T13:31:07.278Z] [INFO] [0mGET /api/v1/alertes/non-lues/count [33m401[0m 0.507 ms - 58[0m
[2026-06-27T14:19:47.719Z] [INFO] [0mPOST /api/v1/auth/login [32m200[0m 454.820 ms - 551[0m
[2026-06-27T14:19:47.825Z] [INFO] [0mGET /api/v1/alertes/non-lues/count [36m304[0m 7.866 ms - -[0m
[2026-06-27T14:19:47.965Z] [INFO] [0mGET /api/v1/planning/synthese?mois=6&annee=2026 [36m304[0m 138.786 ms - -[0m
[2026-06-27T14:19:48.003Z] [INFO] [0mGET /api/v1/planning/lignes [36m304[0m 178.938 ms - -[0m
[2026-06-27T14:19:48.015Z] [INFO] [0mGET /api/v1/planning/lignes [36m304[0m 2.258 ms - -[0m
[2026-06-27T14:19:48.046Z] [INFO] [0mGET /api/v1/alertes/non-lues/count [36m304[0m 191.506 ms - -[0m
[2026-06-27T14:19:48.062Z] [INFO] [0mGET /api/v1/planning/suivi-equipements?mois=6&annee=2026 [36m304[0m 232.341 ms - -[0m
[2026-06-27T14:19:48.067Z] [INFO] [0mGET /api/v1/planning/synthese?mois=6&annee=2026 [36m304[0m 90.022 ms - -[0m
[2026-06-27T14:19:48.083Z] [INFO] [0mGET /api/v1/planning/suivi-equipements?mois=6&annee=2026 [36m304[0m 8.862 ms - -[0m
[2026-06-27T14:19:48.087Z] [INFO] [0mGET /api/v1/planning/graphiques?mois=6&annee=2026 [36m304[0m 257.392 ms - -[0m
[2026-06-27T14:19:48.119Z] [INFO] [0mGET /api/v1/planning/graphiques?mois=6&annee=2026 [36m304[0m 24.563 ms - -[0m
[2026-06-27T14:20:18.289Z] [INFO] [0mGET /api/v1/alertes/non-lues/count [36m304[0m 6.004 ms - -[0m
[2026-06-27T14:20:18.303Z] [INFO] [0mGET /api/v1/planning/equipements/courbe-correctives?type=mois&date=2026-06-01 [36m304[0m 9.389 ms - -[0m
[2026-06-27T14:20:18.315Z] [INFO] [0mGET /api/v1/equipements [36m304[0m 11.269 ms - -[0m
[2026-06-27T14:20:18.333Z] [INFO] [0mGET /api/v1/planning/equipements/courbe-correctives?type=mois&date=2026-06-01 [36m304[0m 6.560 ms - -[0m
[2026-06-27T14:20:18.350Z] [INFO] [0mGET /api/v1/equipements [36m304[0m 11.222 ms - -[0m
[2026-06-27T14:20:18.921Z] [INFO] [0mGET /api/v1/equipements/ia/predictions?mois=6&annee=2026 [36m304[0m 494.104 ms - -[0m
[2026-06-27T14:21:19.364Z] [INFO] [0mGET /api/v1/alertes/non-lues/count [36m304[0m 92.661 ms - -[0m
[2026-06-27T14:22:19.269Z] [INFO] [0mGET /api/v1/alertes/non-lues/count [36m304[0m 2.036 ms - -[0m
[2026-06-27T14:23:18.293Z] [INFO] [0mGET /api/v1/alertes/non-lues/count [36m304[0m 2.795 ms - -[0m
[2026-06-27T14:23:36.081Z] [INFO] [0mPOST /api/v1/equipements/ia/bot-chat-stream [32m200[0m 2.226 ms - -[0m
[2026-06-27T14:24:19.296Z] [INFO] [0mGET /api/v1/alertes/non-lues/count [36m304[0m 3.401 ms - -[0m
[2026-06-27T14:24:49.141Z] [INFO] [0mGET /api/v1/alertes/non-lues/count [36m304[0m 9.868 ms - -[0m
[2026-06-27T14:24:49.265Z] [INFO] [0mGET /api/v1/planning/lignes [36m304[0m 133.301 ms - -[0m
[2026-06-27T14:24:49.277Z] [INFO] [0mGET /api/v1/planning/lignes [36m304[0m 2.618 ms - -[0m
[2026-06-27T14:24:49.292Z] [INFO] [0mGET /api/v1/planning/suivi-equipements?mois=6&annee=2026 [36m304[0m 154.070 ms - -[0m
[2026-06-27T14:24:49.306Z] [INFO] [0mGET /api/v1/planning/suivi-equipements?mois=6&annee=2026 [36m304[0m 6.511 ms - -[0m
[2026-06-27T14:24:49.313Z] [INFO] [0mGET /api/v1/planning/graphiques?mois=6&annee=2026 [36m304[0m 176.881 ms - -[0m
[2026-06-27T14:24:49.343Z] [INFO] [0mGET /api/v1/planning/graphiques?mois=6&annee=2026 [36m304[0m 21.443 ms - -[0m
[2026-06-27T14:24:49.346Z] [INFO] [0mGET /api/v1/planning/synthese?mois=6&annee=2026 [36m304[0m 212.582 ms - -[0m
[2026-06-27T14:24:49.397Z] [INFO] [0mGET /api/v1/planning/synthese?mois=6&annee=2026 [36m304[0m 44.950 ms - -[0m
[2026-06-27T14:25:01.584Z] [INFO] [0mGET /api/v1/alertes/non-lues/count [36m304[0m 5.528 ms - -[0m
[2026-06-27T14:25:01.596Z] [INFO] [0mGET /api/v1/processus/counts?utilisateur_id=fba3654e-c170-476f-94f7-cc2332a3a660 [36m304[0m 13.941 ms - -[0m
[2026-06-27T14:25:01.615Z] [INFO] [0mGET /api/v1/processus/counts?utilisateur_id=fba3654e-c170-476f-94f7-cc2332a3a660 [36m304[0m 4.518 ms - -[0m
[2026-06-27T14:25:03.148Z] [INFO] [0mGET /api/v1/planning/lignes [36m304[0m 4.105 ms - -[0m
[2026-06-27T14:25:03.151Z] [INFO] [0mGET /api/v1/alertes/non-lues/count [36m304[0m 7.841 ms - -[0m
[2026-06-27T14:25:03.163Z] [INFO] [0mGET /api/v1/utilisateurs/liste-signataires [36m304[0m 3.717 ms - -[0m
[2026-06-27T14:25:03.172Z] [INFO] [0mGET /api/v1/planning/maintenanciers/lister [36m304[0m 14.459 ms - -[0m
[2026-06-27T14:25:03.176Z] [INFO] [0mGET /api/v1/planning/formulaires/disponibles [36m304[0m 15.612 ms - -[0m
[2026-06-27T14:25:03.183Z] [INFO] [0mGET /api/v1/utilisateurs/liste-signataires [36m304[0m 4.428 ms - -[0m
[2026-06-27T14:25:03.188Z] [INFO] [0mGET /api/v1/planning/lignes [36m304[0m 14.208 ms - -[0m
[2026-06-27T14:25:03.195Z] [INFO] [0mGET /api/v1/planning/maintenanciers/lister [36m304[0m 13.181 ms - -[0m
[2026-06-27T14:25:03.202Z] [INFO] [0mGET /api/v1/planning/formulaires/disponibles [36m304[0m 9.080 ms - -[0m
[2026-06-27T14:25:03.255Z] [INFO] [0mGET /api/v1/planning/mois?ligne_id=c3e56289-afb2-44b8-b9da-be7deda29242&mois=6&annee=2026&semaine_index=4 [32m200[0m 47.890 ms - 47431[0m
[2026-06-27T14:25:22.812Z] [INFO] [0mGET /api/v1/alertes/non-lues/count [36m304[0m 4.928 ms - -[0m
[2026-06-27T14:25:22.820Z] [INFO] [0mGET /api/v1/planning/lignes [36m304[0m 10.182 ms - -[0m
[2026-06-27T14:25:22.839Z] [INFO] [0mGET /api/v1/planning/lignes [36m304[0m 7.886 ms - -[0m
[2026-06-27T14:25:22.848Z] [INFO] [0mGET /api/v1/planning/suivi-equipements?mois=6&annee=2026 [36m304[0m 31.343 ms - -[0m
[2026-06-27T14:25:22.864Z] [INFO] [0mGET /api/v1/planning/graphiques?mois=6&annee=2026 [36m304[0m 48.925 ms - -[0m
[2026-06-27T14:25:22.869Z] [INFO] [0mGET /api/v1/planning/suivi-equipements?mois=6&annee=2026 [36m304[0m 8.019 ms - -[0m
[2026-06-27T14:25:22.911Z] [INFO] [0mGET /api/v1/planning/graphiques?mois=6&annee=2026 [36m304[0m 35.848 ms - -[0m
[2026-06-27T14:25:22.927Z] [INFO] [0mGET /api/v1/planning/synthese?mois=6&annee=2026 [36m304[0m 116.565 ms - -[0m
[2026-06-27T14:25:23.079Z] [INFO] [0mGET /api/v1/planning/synthese?mois=6&annee=2026 [36m304[0m 142.345 ms - -[0m
[2026-06-27T14:26:23.399Z] [INFO] [0mGET /api/v1/alertes/non-lues/count [36m304[0m 119.549 ms - -[0m
[2026-06-27T14:27:23.281Z] [INFO] [0mGET /api/v1/alertes/non-lues/count [36m304[0m 3.520 ms - -[0m
[2026-06-27T14:28:23.269Z] [INFO] [0mGET /api/v1/alertes/non-lues/count [36m304[0m 1.735 ms - -[0m
[2026-06-27T14:29:23.274Z] [INFO] [0mGET /api/v1/alertes/non-lues/count [36m304[0m 2.486 ms - -[0m
[2026-06-27T14:30:23.279Z] [INFO] [0mGET /api/v1/alertes/non-lues/count [36m304[0m 3.517 ms - -[0m
[2026-06-27T14:31:23.277Z] [INFO] [0mGET /api/v1/alertes/non-lues/count [36m304[0m 4.305 ms - -[0m
[2026-06-27T14:33:07.358Z] [INFO] [0mGET /api/v1/alertes/non-lues/count [36m304[0m 79.998 ms - -[0m
[2026-06-27T14:34:07.283Z] [INFO] [0mGET /api/v1/alertes/non-lues/count [36m304[0m 3.629 ms - -[0m
[2026-06-27T14:35:07.275Z] [INFO] [0mGET /api/v1/alertes/non-lues/count [36m304[0m 2.547 ms - -[0m
[2026-06-27T14:36:07.425Z] [INFO] [0mGET /api/v1/alertes/non-lues/count [36m304[0m 112.103 ms - -[0m
[2026-06-27T14:36:21.399Z] [INFO] [0mGET /api/v1/alertes/non-lues/count [36m304[0m 2.062 ms - -[0m
[2026-06-27T14:36:21.409Z] [INFO] [0mGET /api/v1/alertes/non-lues/count [36m304[0m 2.393 ms - -[0m
[2026-06-27T14:36:21.418Z] [INFO] [0mGET /api/v1/alertes/non-lues/count [36m304[0m 2.151 ms - -[0m
[2026-06-27T14:36:21.429Z] [INFO] [0mGET /api/v1/alertes/non-lues/count [36m304[0m 2.263 ms - -[0m
