[2026-06-15T20:23:08.091Z] [INFO]    CORS autorisé : http://localhost:3000, https://crusher-ambition-drone.ngrok-free.dev, https://innofaso.netlify.app
[2026-06-15T20:23:08.090Z] [INFO] 🚀 InnoFaso backend démarré sur le port 5000 (development)
[2026-06-15T20:23:08.131Z] [INFO] ⏰ Cron des alertes démarré.
[2026-06-15T20:23:46.888Z] [INFO] [0mGET /api/v1/auth/me [33m401[0m 24.244 ms - 58[0m
[2026-06-15T20:23:46.904Z] [INFO] [0mGET /api/v1/auth/me [33m401[0m 5.061 ms - 58[0m
[2026-06-15T20:23:50.251Z] [INFO] [0mPOST /api/v1/auth/login [32m200[0m 932.103 ms - 551[0m
[2026-06-15T20:23:50.405Z] [INFO] [0mGET /api/v1/alertes/non-lues/count [32m200[0m 31.149 ms - 13[0m
[2026-06-15T20:23:50.480Z] [INFO] [0mGET /api/v1/dashboard/retard [36m304[0m 72.100 ms - -[0m
[2026-06-15T20:23:50.506Z] [INFO] [0mGET /api/v1/alertes/non-lues/count [36m304[0m 6.410 ms - -[0m
[2026-06-15T20:23:50.537Z] [INFO] [0mGET /api/v1/dashboard/retard [36m304[0m 9.133 ms - -[0m
[2026-06-15T20:23:50.587Z] [INFO] [0mGET /api/v1/dashboard/activite [36m304[0m 187.089 ms - -[0m
[2026-06-15T20:23:50.595Z] [INFO] [0mGET /api/v1/matieres/stats [36m304[0m 181.624 ms - -[0m
[2026-06-15T20:23:50.654Z] [INFO] [0mGET /api/v1/dashboard/activite [36m304[0m 34.793 ms - -[0m
[2026-06-15T20:23:50.685Z] [INFO] [0mGET /api/v1/soumissions?module=PRODUCTION&limit=8&page=1 [36m304[0m 244.288 ms - -[0m
[2026-06-15T20:23:50.719Z] [INFO] [0mGET /api/v1/matieres/stats [36m304[0m 20.743 ms - -[0m
[2026-06-15T20:23:50.743Z] [INFO] [0mGET /api/v1/soumissions?module=PRODUCTION&limit=8&page=1 [36m304[0m 34.857 ms - -[0m
[2026-06-15T20:23:50.760Z] [INFO] [0mGET /api/v1/dashboard/stats [32m200[0m 365.467 ms - 424[0m
[2026-06-15T20:23:50.790Z] [INFO] [0mGET /api/v1/dashboard/stats [36m304[0m 19.807 ms - -[0m
[2026-06-15T20:23:50.799Z] [INFO] [0mGET /api/v1/dashboard/kpi [32m200[0m 380.947 ms - 424[0m
[2026-06-15T20:23:50.833Z] [INFO] [0mGET /api/v1/dashboard/kpi [36m304[0m 21.397 ms - -[0m
[2026-06-15T20:24:00.360Z] [INFO] [0mGET /api/v1/alertes/non-lues/count [36m304[0m 9.983 ms - -[0m
[2026-06-15T20:24:00.422Z] [INFO] [0mGET /api/v1/planning/lignes [36m304[0m 22.677 ms - -[0m
[2026-06-15T20:24:00.425Z] [INFO] [0mGET /api/v1/alertes/non-lues/count [36m304[0m 16.120 ms - -[0m
[2026-06-15T20:24:00.444Z] [INFO] [0mGET /api/v1/planning/lignes [36m304[0m 7.287 ms - -[0m
[2026-06-15T20:24:00.473Z] [INFO] [0mGET /api/v1/planning/suivi-equipements?mois=6&annee=2026 [31m500[0m 64.957 ms - 72[0m
[2026-06-15T20:24:00.494Z] [INFO] [0mGET /api/v1/planning/suivi-equipements?mois=6&annee=2026 [31m500[0m 7.079 ms - 72[0m
[2026-06-15T20:24:00.507Z] [INFO] [0mGET /api/v1/planning/graphiques?mois=6&annee=2026 [36m304[0m 102.191 ms - -[0m
[2026-06-15T20:24:00.524Z] [INFO] [0mGET /api/v1/planning/synthese?mois=6&annee=2026 [36m304[0m 121.708 ms - -[0m
[2026-06-15T20:24:00.542Z] [INFO] [0mGET /api/v1/planning/graphiques?mois=6&annee=2026 [36m304[0m 21.257 ms - -[0m
[2026-06-15T20:24:00.555Z] [INFO] [0mGET /api/v1/planning/synthese?mois=6&annee=2026 [36m304[0m 17.905 ms - -[0m
[2026-06-15T20:24:02.663Z] [INFO] [0mGET /api/v1/alertes/non-lues/count [36m304[0m 16.467 ms - -[0m
[2026-06-15T20:24:02.677Z] [INFO] [0mGET /api/v1/equipements [36m304[0m 16.547 ms - -[0m
[2026-06-15T20:24:02.697Z] [INFO] [0mGET /api/v1/equipements [36m304[0m 9.596 ms - -[0m
[2026-06-15T20:24:06.980Z] [ERROR] Cannot find module 'axios'
Require stack:
- C:\Users\solan\OneDrive\Bureau\innofaso-final\backend\src\services\ia.service.js
- C:\Users\solan\OneDrive\Bureau\innofaso-final\backend\src\modules\equipements\equipements.routes.js
- C:\Users\solan\OneDrive\Bureau\innofaso-final\backend\app.js {"stack":"Error: Cannot find module 'axios'\nRequire stack:\n- C:\\Users\\solan\\OneDrive\\Bureau\\innofaso-final\\backend\\src\\services\\ia.service.js\n- C:\\Users\\solan\\OneDrive\\Bureau\\innofaso-final\\backend\\src\\modules\\equipements\\equipements.routes.js\n- C:\\Users\\solan\\OneDrive\\Bureau\\innofaso-final\\backend\\app.js\n    at Module._resolveFilename (node:internal/modules/cjs/loader:1476:15)\n    at wrapResolveFilename (node:internal/modules/cjs/loader:1049:27)\n    at defaultResolveImplForCJSLoading (node:internal/modules/cjs/loader:1073:10)\n    at resolveForCJSWithHooks (node:internal/modules/cjs/loader:1094:12)\n    at Module._load (node:internal/modules/cjs/loader:1262:25)\n    at wrapModuleLoad (node:internal/modules/cjs/loader:255:19)\n    at Module.require (node:internal/modules/cjs/loader:1576:12)\n    at require (node:internal/modules/helpers:153:16)\n    at Object.<anonymous> (C:\\Users\\solan\\OneDrive\\Bureau\\innofaso-final\\backend\\src\\services\\ia.service.js:1:15)\n    at Module._compile (node:internal/modules/cjs/loader:1830:14)\n    at Object..js (node:internal/modules/cjs/loader:1961:10)\n    at Module.load (node:internal/modules/cjs/loader:1553:32)\n    at Module._load (node:internal/modules/cjs/loader:1355:12)\n    at wrapModuleLoad (node:internal/modules/cjs/loader:255:19)\n    at Module.require (node:internal/modules/cjs/loader:1576:12)\n    at require (node:internal/modules/helpers:153:16)","method":"GET","url":"/api/v1/equipements/ia/predictions?mois=6&annee=2026","ip":"127.0.0.1","user":"admin@innofaso.com"}
[2026-06-15T20:24:06.983Z] [INFO] [0mGET /api/v1/equipements/ia/predictions?mois=6&annee=2026 [31m500[0m 13.211 ms - 1789[0m
