[2026-06-14T10:42:53.132Z] [INFO] 🚀 InnoFaso démarré sur http://localhost:5000
[2026-06-14T10:42:53.164Z] [INFO] ⏰ Cron des alertes démarré.
[2026-06-14T10:43:32.172Z] [INFO] [0mPOST /api/v1/auth/login [32m200[0m 1018.040 ms - 551[0m
[2026-06-14T10:43:32.391Z] [INFO] [0mGET /api/v1/alertes/non-lues/count [36m304[0m 65.780 ms - -[0m
[2026-06-14T10:43:32.499Z] [INFO] [0mGET /api/v1/soumissions?module=PRODUCTION&limit=8&page=1 [36m304[0m 84.357 ms - -[0m
[2026-06-14T10:43:32.562Z] [INFO] [0mGET /api/v1/dashboard/retard [36m304[0m 215.236 ms - -[0m
[2026-06-14T10:43:32.575Z] [INFO] [0mGET /api/v1/dashboard/activite [32m200[0m 230.286 ms - 2419[0m
[2026-06-14T10:43:32.616Z] [INFO] [0mGET /api/v1/alertes/non-lues/count [36m304[0m 25.077 ms - -[0m
[2026-06-14T10:43:32.641Z] [INFO] [0mGET /api/v1/dashboard/retard [36m304[0m 33.198 ms - -[0m
[2026-06-14T10:43:32.649Z] [INFO] [0mGET /api/v1/soumissions?module=PRODUCTION&limit=8&page=1 [36m304[0m 45.958 ms - -[0m
[2026-06-14T10:43:32.664Z] [INFO] [0mGET /api/v1/dashboard/activite [36m304[0m 30.781 ms - -[0m
[2026-06-14T10:43:32.696Z] [INFO] [0mGET /api/v1/matieres/stats [36m304[0m 335.536 ms - -[0m
[2026-06-14T10:43:32.708Z] [INFO] [0mGET /api/v1/dashboard/stats [32m200[0m 371.869 ms - 422[0m
[2026-06-14T10:43:32.744Z] [INFO] [0mGET /api/v1/dashboard/stats [36m304[0m 19.591 ms - -[0m
[2026-06-14T10:43:32.741Z] [INFO] [0mGET /api/v1/matieres/stats [36m304[0m 25.364 ms - -[0m
[2026-06-14T10:43:32.859Z] [INFO] [0mGET /api/v1/dashboard/kpi [32m200[0m 508.982 ms - 422[0m
[2026-06-14T10:43:32.893Z] [INFO] [0mGET /api/v1/dashboard/kpi [36m304[0m 20.758 ms - -[0m
[2026-06-14T10:44:22.046Z] [INFO] [0mGET /api/v1/alertes/non-lues/count [36m304[0m 18.474 ms - -[0m
[2026-06-14T10:44:22.068Z] [INFO] [0mGET /api/v1/alertes?statut=NON_LUE&module=PRODUCTION&page=1&limit=20 [36m304[0m 35.723 ms - -[0m
[2026-06-14T10:44:22.093Z] [INFO] [0mGET /api/v1/alertes?statut=NON_LUE&module=PRODUCTION&page=1&limit=20 [36m304[0m 13.070 ms - -[0m
[2026-06-14T10:44:25.350Z] [INFO] [0mGET /api/v1/alertes/non-lues/count [36m304[0m 10.188 ms - -[0m
[2026-06-14T10:44:25.367Z] [INFO] [0mGET /api/v1/soumissions?page=1&limit=20&module=PRODUCTION [36m304[0m 24.757 ms - -[0m
[2026-06-14T10:44:25.388Z] [INFO] [0mGET /api/v1/soumissions?page=1&limit=20&module=PRODUCTION [36m304[0m 8.529 ms - -[0m
[2026-06-14T10:44:35.558Z] [INFO] [0mGET /api/v1/alertes/non-lues/count [36m304[0m 27.576 ms - -[0m
[2026-06-14T10:44:35.570Z] [INFO] [0mGET /api/v1/matieres?actif=true [36m304[0m 36.479 ms - -[0m
[2026-06-14T10:44:35.593Z] [INFO] [0mGET /api/v1/matieres?actif=true [36m304[0m 5.274 ms - -[0m
[2026-06-14T10:44:35.656Z] [INFO] [0mGET /api/v1/matieres/stats [36m304[0m 112.327 ms - -[0m
[2026-06-14T10:44:35.660Z] [INFO] [0mGET /api/v1/matieres/categories [36m304[0m 113.593 ms - -[0m
[2026-06-14T10:44:35.685Z] [INFO] [0mGET /api/v1/matieres/stats [36m304[0m 12.577 ms - -[0m
[2026-06-14T10:44:35.689Z] [INFO] [0mGET /api/v1/matieres/categories [36m304[0m 9.512 ms - -[0m
[2026-06-14T10:45:02.460Z] [INFO] [0mGET /api/v1/alertes/non-lues/count [36m304[0m 25.620 ms - -[0m
[2026-06-14T10:45:02.488Z] [INFO] [0mGET /api/v1/formulaires?actif=true [36m304[0m 48.436 ms - -[0m
[2026-06-14T10:45:02.516Z] [INFO] [0mGET /api/v1/formulaires?actif=true [36m304[0m 10.630 ms - -[0m
[2026-06-14T10:45:27.296Z] [INFO] [0mGET /api/v1/alertes/non-lues/count [36m304[0m 30.069 ms - -[0m
[2026-06-14T10:45:27.306Z] [INFO] [0mGET /api/v1/dashboard/retard [36m304[0m 33.857 ms - -[0m
[2026-06-14T10:45:27.317Z] [INFO] [0mGET /api/v1/dashboard/activite [32m200[0m 37.251 ms - 2419[0m
[2026-06-14T10:45:27.447Z] [INFO] [0mGET /api/v1/soumissions?module=PRODUCTION&limit=8&page=1 [36m304[0m 67.017 ms - -[0m
[2026-06-14T10:45:27.452Z] [INFO] [0mGET /api/v1/dashboard/activite [36m304[0m 19.951 ms - -[0m
[2026-06-14T10:45:27.462Z] [INFO] [0mGET /api/v1/dashboard/retard [36m304[0m 32.064 ms - -[0m
[2026-06-14T10:45:27.509Z] [INFO] [0mGET /api/v1/soumissions?module=PRODUCTION&limit=8&page=1 [36m304[0m 35.300 ms - -[0m
[2026-06-14T10:45:27.525Z] [INFO] [0mGET /api/v1/dashboard/stats [36m304[0m 252.246 ms - -[0m
[2026-06-14T10:45:27.565Z] [INFO] [0mGET /api/v1/matieres/stats [36m304[0m 277.173 ms - -[0m
[2026-06-14T10:45:27.581Z] [INFO] [0mGET /api/v1/dashboard/kpi [36m304[0m 294.588 ms - -[0m
[2026-06-14T10:45:27.585Z] [INFO] [0mGET /api/v1/dashboard/stats [36m304[0m 35.663 ms - -[0m
[2026-06-14T10:45:27.618Z] [INFO] [0mGET /api/v1/matieres/stats [36m304[0m 18.843 ms - -[0m
[2026-06-14T10:45:27.648Z] [INFO] [0mGET /api/v1/dashboard/kpi [36m304[0m 35.981 ms - -[0m
[2026-06-14T10:45:30.236Z] [INFO] [0mGET /api/v1/alertes/non-lues/count [36m304[0m 14.248 ms - -[0m
[2026-06-14T10:45:30.246Z] [INFO] [0mGET /api/v1/formulaires?module=PRODUCTION&actif=true [36m304[0m 21.449 ms - -[0m
[2026-06-14T10:45:30.268Z] [INFO] [0mGET /api/v1/formulaires?module=PRODUCTION&actif=true [36m304[0m 7.049 ms - -[0m
[2026-06-14T10:45:32.549Z] [INFO] [0mGET /api/v1/alertes/non-lues/count [36m304[0m 12.097 ms - -[0m
[2026-06-14T10:45:32.596Z] [INFO] [0mGET /api/v1/soumissions?page=1&limit=15 [32m200[0m 28.227 ms - 3029[0m
[2026-06-14T10:45:32.606Z] [INFO] [0mGET /api/v1/formulaires?actif=true [36m304[0m 35.851 ms - -[0m
[2026-06-14T10:45:32.618Z] [INFO] [0mGET /api/v1/soumissions?page=1&limit=15&module=PRODUCTION [36m304[0m 45.547 ms - -[0m
[2026-06-14T10:45:32.631Z] [INFO] [0mGET /api/v1/formulaires?actif=true&module=PRODUCTION [36m304[0m 53.360 ms - -[0m
[2026-06-14T10:45:32.649Z] [INFO] [0mGET /api/v1/soumissions?page=1&limit=15 [36m304[0m 27.715 ms - -[0m
[2026-06-14T10:45:32.653Z] [INFO] [0mGET /api/v1/formulaires?actif=true [36m304[0m 15.818 ms - -[0m
[2026-06-14T10:45:35.474Z] [INFO] [0mGET /api/v1/alertes/non-lues/count [36m304[0m 11.291 ms - -[0m
[2026-06-14T10:45:35.480Z] [INFO] [0mGET /api/v1/soumissions?page=1&limit=20&module=PRODUCTION [36m304[0m 12.500 ms - -[0m
[2026-06-14T10:45:35.503Z] [INFO] [0mGET /api/v1/soumissions?page=1&limit=20&module=PRODUCTION [36m304[0m 8.336 ms - -[0m
[2026-06-14T10:46:29.276Z] [INFO] [0mGET /api/v1/alertes/non-lues/count [36m304[0m 7.869 ms - -[0m
[2026-06-14T10:46:29.285Z] [INFO] [0mGET /api/v1/formulaires?module=PRODUCTION&actif=true [36m304[0m 15.493 ms - -[0m
[2026-06-14T10:46:29.310Z] [INFO] [0mGET /api/v1/formulaires?module=PRODUCTION&actif=true [36m304[0m 9.773 ms - -[0m
[2026-06-14T10:46:49.088Z] [INFO] [0mGET /api/v1/alertes/non-lues/count [36m304[0m 7.440 ms - -[0m
[2026-06-14T10:46:49.109Z] [INFO] [0mGET /api/v1/alertes?statut=NON_LUE&module=PRODUCTION&page=1&limit=20 [36m304[0m 25.797 ms - -[0m
[2026-06-14T10:46:49.131Z] [INFO] [0mGET /api/v1/alertes?statut=NON_LUE&module=PRODUCTION&page=1&limit=20 [36m304[0m 9.729 ms - -[0m
[2026-06-14T10:46:57.337Z] [INFO] [0mGET /api/v1/alertes/non-lues/count [36m304[0m 12.605 ms - -[0m
[2026-06-14T10:46:57.346Z] [INFO] [0mGET /api/v1/formulaires?module=PRODUCTION&actif=true [36m304[0m 17.811 ms - -[0m
[2026-06-14T10:46:57.370Z] [INFO] [0mGET /api/v1/formulaires?module=PRODUCTION&actif=true [36m304[0m 10.564 ms - -[0m
[2026-06-14T10:47:59.220Z] [INFO] [0mGET /api/v1/alertes/non-lues/count [36m304[0m 225.981 ms - -[0m
[2026-06-14T10:48:57.775Z] [INFO] [0mGET /api/v1/alertes/non-lues/count [36m304[0m 4.092 ms - -[0m
[2026-06-14T10:53:58.665Z] [INFO] 🚀 InnoFaso démarré sur http://localhost:5000
[2026-06-14T10:53:58.795Z] [INFO] ⏰ Cron des alertes démarré.
[2026-06-14T10:57:30.158Z] [INFO] 🚀 InnoFaso démarré sur http://localhost:5000
[2026-06-14T10:57:30.235Z] [INFO] ⏰ Cron des alertes démarré.
[2026-06-14T11:05:22.239Z] [INFO] ⏰ Cron des alertes démarré.
[2026-06-14T11:05:22.199Z] [INFO] 🚀 InnoFaso démarré sur http://localhost:5000
[2026-06-14T11:36:13.580Z] [INFO] 🚀 InnoFaso démarré sur http://localhost:5000
[2026-06-14T11:36:13.624Z] [INFO] ⏰ Cron des alertes démarré.
[2026-06-14T13:53:28.743Z] [INFO] 🚀 InnoFaso démarré sur http://localhost:5000
[2026-06-14T13:53:28.779Z] [INFO] ⏰ Cron des alertes démarré.
[2026-06-14T13:55:55.451Z] [INFO] [0mGET /api/health [33m404[0m 27.425 ms - 44[0m
[2026-06-14T13:55:58.423Z] [INFO] [0mGET /favicon.ico [33m404[0m 1.862 ms - 45[0m
[2026-06-14T14:10:44.576Z] [INFO] 🚀 InnoFaso backend démarré sur le port 5000 (development)
[2026-06-14T14:10:44.578Z] [INFO]    CORS autorisé : https://imaginative-bombolone-00c56f.netlify.app
[2026-06-14T14:10:44.631Z] [INFO] ⏰ Cron des alertes démarré.
[2026-06-14T14:11:18.010Z] [INFO]    CORS autorisé : https://imaginative-bombolone-00c56f.netlify.app
[2026-06-14T14:11:18.008Z] [INFO] 🚀 InnoFaso backend démarré sur le port 5000 (development)
[2026-06-14T14:11:18.024Z] [INFO] ⏰ Cron des alertes démarré.
[2026-06-14T14:11:20.962Z] [INFO]    CORS autorisé : https://imaginative-bombolone-00c56f.netlify.app
[2026-06-14T14:11:20.961Z] [INFO] 🚀 InnoFaso backend démarré sur le port 5000 (development)
[2026-06-14T14:11:20.986Z] [INFO] ⏰ Cron des alertes démarré.
[2026-06-14T14:18:04.220Z] [INFO] ⏰ Cron des alertes démarré.
[2026-06-14T14:18:04.198Z] [INFO]    CORS autorisé : https://imaginative-bombolone-00c56f.netlify.app
[2026-06-14T14:18:04.196Z] [INFO] 🚀 InnoFaso backend démarré sur le port 5000 (development)
[2026-06-14T14:35:41.926Z] [ERROR] CORS bloqué pour l'origine : https://innofaso.netlify.app {"stack":"Error: CORS bloqué pour l'origine : https://innofaso.netlify.app\n    at origin (C:\\Users\\solan\\OneDrive\\Bureau\\innofaso-final\\backend\\app.js:56:12)\n    at C:\\Users\\solan\\OneDrive\\Bureau\\innofaso-final\\backend\\node_modules\\cors\\lib\\index.js:219:13\n    at optionsCallback (C:\\Users\\solan\\OneDrive\\Bureau\\innofaso-final\\backend\\node_modules\\cors\\lib\\index.js:199:9)\n    at corsMiddleware (C:\\Users\\solan\\OneDrive\\Bureau\\innofaso-final\\backend\\node_modules\\cors\\lib\\index.js:204:7)\n    at Layer.handleRequest (C:\\Users\\solan\\OneDrive\\Bureau\\innofaso-final\\backend\\node_modules\\router\\lib\\layer.js:152:17)\n    at trimPrefix (C:\\Users\\solan\\OneDrive\\Bureau\\innofaso-final\\backend\\node_modules\\router\\index.js:342:13)\n    at C:\\Users\\solan\\OneDrive\\Bureau\\innofaso-final\\backend\\node_modules\\router\\index.js:297:9\n    at processParams (C:\\Users\\solan\\OneDrive\\Bureau\\innofaso-final\\backend\\node_modules\\router\\index.js:582:12)\n    at next (C:\\Users\\solan\\OneDrive\\Bureau\\innofaso-final\\backend\\node_modules\\router\\index.js:291:5)\n    at C:\\Users\\solan\\OneDrive\\Bureau\\innofaso-final\\backend\\node_modules\\express-rate-limit\\dist\\index.cjs:999:7\n    at process.processTicksAndRejections (node:internal/process/task_queues:104:5)\n    at async C:\\Users\\solan\\OneDrive\\Bureau\\innofaso-final\\backend\\node_modules\\express-rate-limit\\dist\\index.cjs:854:5","method":"OPTIONS","url":"/api/v1/auth/login","ip":"102.180.199.4","user":"anonymous"}
[2026-06-14T14:37:25.220Z] [ERROR] CORS bloqué pour l'origine : https://innofaso.netlify.app {"stack":"Error: CORS bloqué pour l'origine : https://innofaso.netlify.app\n    at origin (C:\\Users\\solan\\OneDrive\\Bureau\\innofaso-final\\backend\\app.js:56:12)\n    at C:\\Users\\solan\\OneDrive\\Bureau\\innofaso-final\\backend\\node_modules\\cors\\lib\\index.js:219:13\n    at optionsCallback (C:\\Users\\solan\\OneDrive\\Bureau\\innofaso-final\\backend\\node_modules\\cors\\lib\\index.js:199:9)\n    at corsMiddleware (C:\\Users\\solan\\OneDrive\\Bureau\\innofaso-final\\backend\\node_modules\\cors\\lib\\index.js:204:7)\n    at Layer.handleRequest (C:\\Users\\solan\\OneDrive\\Bureau\\innofaso-final\\backend\\node_modules\\router\\lib\\layer.js:152:17)\n    at trimPrefix (C:\\Users\\solan\\OneDrive\\Bureau\\innofaso-final\\backend\\node_modules\\router\\index.js:342:13)\n    at C:\\Users\\solan\\OneDrive\\Bureau\\innofaso-final\\backend\\node_modules\\router\\index.js:297:9\n    at processParams (C:\\Users\\solan\\OneDrive\\Bureau\\innofaso-final\\backend\\node_modules\\router\\index.js:582:12)\n    at next (C:\\Users\\solan\\OneDrive\\Bureau\\innofaso-final\\backend\\node_modules\\router\\index.js:291:5)\n    at C:\\Users\\solan\\OneDrive\\Bureau\\innofaso-final\\backend\\node_modules\\express-rate-limit\\dist\\index.cjs:999:7\n    at process.processTicksAndRejections (node:internal/process/task_queues:104:5)\n    at async C:\\Users\\solan\\OneDrive\\Bureau\\innofaso-final\\backend\\node_modules\\express-rate-limit\\dist\\index.cjs:854:5","method":"OPTIONS","url":"/api/v1/auth/login","ip":"102.180.199.4","user":"anonymous"}
[2026-06-14T14:38:00.478Z] [INFO] 🚀 InnoFaso backend démarré sur le port 5000 (development)
[2026-06-14T14:38:00.517Z] [INFO] ⏰ Cron des alertes démarré.
[2026-06-14T14:38:00.480Z] [INFO]    CORS autorisé : https://innofaso.netlify.app
[2026-06-14T14:38:10.647Z] [INFO] [0mPOST /api/v1/auth/login [32m200[0m 1412.753 ms - 551[0m
[2026-06-14T14:39:52.029Z] [INFO] [0mGET /favicon.ico [33m404[0m 0.690 ms - 45[0m
[2026-06-14T14:40:19.548Z] [INFO] [0mPOST /api/v1/auth/login [32m200[0m 275.542 ms - 551[0m
[2026-06-14T15:29:13.634Z] [INFO] [0mPOST /api/v1/auth/login [32m200[0m 482.130 ms - 551[0m
[2026-06-14T15:32:18.171Z] [INFO] [0mPOST /api/v1/auth/login [32m200[0m 237.362 ms - 551[0m
[2026-06-14T15:32:48.751Z] [INFO] 🚀 InnoFaso backend démarré sur le port 5000 (development)
[2026-06-14T15:32:48.753Z] [INFO]    CORS autorisé : https://innofaso.netlify.app
[2026-06-14T15:32:48.787Z] [INFO] ⏰ Cron des alertes démarré.
[2026-06-14T15:33:18.320Z] [INFO] [0mPOST /api/v1/auth/login [32m200[0m 179.701 ms - 551[0m
[2026-06-14T15:35:49.455Z] [INFO] [0mGET /api/v1/auth/me [33m401[0m 25.591 ms - 58[0m
[2026-06-14T15:35:49.502Z] [INFO] [0mGET /api/v1/auth/me [33m401[0m 1.948 ms - 58[0m
[2026-06-14T15:35:53.445Z] [ERROR] CORS bloqué pour l'origine : http://localhost:3000 {"stack":"Error: CORS bloqué pour l'origine : http://localhost:3000\n    at origin (C:\\Users\\solan\\OneDrive\\Bureau\\innofaso-final\\backend\\app.js:56:12)\n    at C:\\Users\\solan\\OneDrive\\Bureau\\innofaso-final\\backend\\node_modules\\cors\\lib\\index.js:219:13\n    at optionsCallback (C:\\Users\\solan\\OneDrive\\Bureau\\innofaso-final\\backend\\node_modules\\cors\\lib\\index.js:199:9)\n    at corsMiddleware (C:\\Users\\solan\\OneDrive\\Bureau\\innofaso-final\\backend\\node_modules\\cors\\lib\\index.js:204:7)\n    at Layer.handleRequest (C:\\Users\\solan\\OneDrive\\Bureau\\innofaso-final\\backend\\node_modules\\router\\lib\\layer.js:152:17)\n    at trimPrefix (C:\\Users\\solan\\OneDrive\\Bureau\\innofaso-final\\backend\\node_modules\\router\\index.js:342:13)\n    at C:\\Users\\solan\\OneDrive\\Bureau\\innofaso-final\\backend\\node_modules\\router\\index.js:297:9\n    at processParams (C:\\Users\\solan\\OneDrive\\Bureau\\innofaso-final\\backend\\node_modules\\router\\index.js:582:12)\n    at next (C:\\Users\\solan\\OneDrive\\Bureau\\innofaso-final\\backend\\node_modules\\router\\index.js:291:5)\n    at C:\\Users\\solan\\OneDrive\\Bureau\\innofaso-final\\backend\\node_modules\\express-rate-limit\\dist\\index.cjs:999:7\n    at async C:\\Users\\solan\\OneDrive\\Bureau\\innofaso-final\\backend\\node_modules\\express-rate-limit\\dist\\index.cjs:854:5","method":"POST","url":"/api/v1/auth/login","ip":"127.0.0.1","user":"anonymous"}
[2026-06-14T15:38:19.696Z] [INFO]    CORS autorisé : localhost:3000
[2026-06-14T15:38:19.695Z] [INFO] 🚀 InnoFaso backend démarré sur le port 5000 (development)
[2026-06-14T15:38:19.730Z] [INFO] ⏰ Cron des alertes démarré.
[2026-06-14T15:38:36.442Z] [ERROR] CORS bloqué pour l'origine : http://localhost:3000 {"stack":"Error: CORS bloqué pour l'origine : http://localhost:3000\n    at origin (C:\\Users\\solan\\OneDrive\\Bureau\\innofaso-final\\backend\\app.js:56:12)\n    at C:\\Users\\solan\\OneDrive\\Bureau\\innofaso-final\\backend\\node_modules\\cors\\lib\\index.js:219:13\n    at optionsCallback (C:\\Users\\solan\\OneDrive\\Bureau\\innofaso-final\\backend\\node_modules\\cors\\lib\\index.js:199:9)\n    at corsMiddleware (C:\\Users\\solan\\OneDrive\\Bureau\\innofaso-final\\backend\\node_modules\\cors\\lib\\index.js:204:7)\n    at Layer.handleRequest (C:\\Users\\solan\\OneDrive\\Bureau\\innofaso-final\\backend\\node_modules\\router\\lib\\layer.js:152:17)\n    at trimPrefix (C:\\Users\\solan\\OneDrive\\Bureau\\innofaso-final\\backend\\node_modules\\router\\index.js:342:13)\n    at C:\\Users\\solan\\OneDrive\\Bureau\\innofaso-final\\backend\\node_modules\\router\\index.js:297:9\n    at processParams (C:\\Users\\solan\\OneDrive\\Bureau\\innofaso-final\\backend\\node_modules\\router\\index.js:582:12)\n    at next (C:\\Users\\solan\\OneDrive\\Bureau\\innofaso-final\\backend\\node_modules\\router\\index.js:291:5)\n    at C:\\Users\\solan\\OneDrive\\Bureau\\innofaso-final\\backend\\node_modules\\express-rate-limit\\dist\\index.cjs:999:7\n    at async C:\\Users\\solan\\OneDrive\\Bureau\\innofaso-final\\backend\\node_modules\\express-rate-limit\\dist\\index.cjs:854:5","method":"POST","url":"/api/v1/auth/login","ip":"127.0.0.1","user":"anonymous"}
[2026-06-14T15:40:08.881Z] [INFO] 🚀 InnoFaso backend démarré sur le port 5000 (development)
[2026-06-14T15:40:08.898Z] [INFO] ⏰ Cron des alertes démarré.
[2026-06-14T15:40:08.883Z] [INFO]    CORS autorisé : http://localhost:3000, https://crusher-ambition-drone.ngrok-free.dev, https://innofaso.netlify.app
[2026-06-14T15:40:14.297Z] [INFO] [0mPOST /api/v1/auth/login [32m200[0m 262.683 ms - 551[0m
[2026-06-14T15:40:14.536Z] [INFO] [0mGET /api/v1/alertes/non-lues/count [36m304[0m 62.316 ms - -[0m
[2026-06-14T15:40:14.717Z] [INFO] [0mGET /api/v1/dashboard/retard [36m304[0m 221.495 ms - -[0m
[2026-06-14T15:40:14.694Z] [INFO] [0mGET /api/v1/dashboard/activite [36m304[0m 189.386 ms - -[0m
[2026-06-14T15:40:14.765Z] [INFO] [0mGET /api/v1/soumissions?module=PRODUCTION&limit=8&page=1 [36m304[0m 169.771 ms - -[0m
[2026-06-14T15:40:14.834Z] [INFO] [0mGET /api/v1/alertes/non-lues/count [36m304[0m 34.312 ms - -[0m
[2026-06-14T15:40:14.860Z] [INFO] [0mGET /api/v1/dashboard/activite [36m304[0m 48.444 ms - -[0m
[2026-06-14T15:40:14.880Z] [INFO] [0mGET /api/v1/dashboard/retard [36m304[0m 61.844 ms - -[0m
[2026-06-14T15:40:14.914Z] [INFO] [0mGET /api/v1/soumissions?module=PRODUCTION&limit=8&page=1 [36m304[0m 48.698 ms - -[0m
[2026-06-14T15:40:14.940Z] [INFO] [0mGET /api/v1/dashboard/stats [36m304[0m 449.856 ms - -[0m
[2026-06-14T15:40:14.943Z] [INFO] [0mGET /api/v1/matieres/stats [36m304[0m 425.974 ms - -[0m
[2026-06-14T15:40:14.968Z] [INFO] [0mGET /api/v1/dashboard/kpi [36m304[0m 466.921 ms - -[0m
[2026-06-14T15:40:15.010Z] [INFO] [0mGET /api/v1/matieres/stats [36m304[0m 34.044 ms - -[0m
[2026-06-14T15:40:15.015Z] [INFO] [0mGET /api/v1/dashboard/stats [36m304[0m 44.765 ms - -[0m
[2026-06-14T15:40:15.018Z] [INFO] [0mGET /api/v1/dashboard/kpi [36m304[0m 36.644 ms - -[0m
[2026-06-14T15:40:17.123Z] [INFO] [0mGET /api/v1/alertes/non-lues/count [36m304[0m 6.052 ms - -[0m
[2026-06-14T15:40:17.191Z] [INFO] [0mGET /api/v1/formulaires?module=PRODUCTION&actif=true [36m304[0m 77.819 ms - -[0m
[2026-06-14T15:40:17.209Z] [INFO] [0mGET /api/v1/formulaires?module=PRODUCTION&actif=true [36m304[0m 12.217 ms - -[0m
[2026-06-14T15:41:17.883Z] [INFO] [0mGET /api/v1/alertes/non-lues/count [36m304[0m 78.991 ms - -[0m
[2026-06-14T15:42:17.812Z] [INFO] [0mGET /api/v1/alertes/non-lues/count [36m304[0m 11.427 ms - -[0m
[2026-06-14T15:48:23.613Z] [INFO] 🚀 InnoFaso backend démarré sur le port 5000 (development)
[2026-06-14T15:48:23.614Z] [INFO]    CORS autorisé : http://localhost:3000, https://crusher-ambition-drone.ngrok-free.dev, https://innofaso.netlify.app
[2026-06-14T15:48:23.661Z] [INFO] ⏰ Cron des alertes démarré.
[2026-06-14T15:48:42.598Z] [INFO] [0mPOST /api/v1/auth/login [32m200[0m 419.093 ms - 551[0m
[2026-06-14T16:15:54.554Z] [INFO] ⏰ Cron des alertes démarré.
[2026-06-14T16:15:54.443Z] [INFO] 🚀 InnoFaso backend démarré sur le port 5000 (development)
[2026-06-14T16:15:54.447Z] [INFO]    CORS autorisé : http://localhost:3000, https://crusher-ambition-drone.ngrok-free.dev, https://innofaso.netlify.app
[2026-06-14T16:16:03.826Z] [INFO] [0mPOST /api/v1/auth/login [32m200[0m 407.228 ms - 551[0m
[2026-06-14T16:16:04.065Z] [INFO] [0mGET /api/v1/matieres/stats [36m304[0m 43.772 ms - -[0m
[2026-06-14T16:16:04.105Z] [INFO] [0mGET /api/v1/alertes/non-lues/count [32m200[0m 30.671 ms - 11[0m
[2026-06-14T16:16:04.152Z] [INFO] [0mGET /api/v1/matieres/stats [36m304[0m 11.571 ms - -[0m
[2026-06-14T16:16:04.180Z] [INFO] [0mGET /api/v1/alertes/non-lues/count [36m304[0m 10.102 ms - -[0m
[2026-06-14T16:16:04.266Z] [INFO] [0mGET /api/v1/dashboard/activite [36m304[0m 242.793 ms - -[0m
[2026-06-14T16:16:04.303Z] [INFO] [0mGET /api/v1/dashboard/retard [36m304[0m 264.803 ms - -[0m
[2026-06-14T16:16:04.339Z] [INFO] [0mGET /api/v1/soumissions?module=PRODUCTION&limit=8&page=1 [36m304[0m 298.274 ms - -[0m
[2026-06-14T16:16:04.348Z] [INFO] [0mGET /api/v1/dashboard/activite [36m304[0m 32.139 ms - -[0m
[2026-06-14T16:16:04.397Z] [INFO] [0mGET /api/v1/dashboard/retard [36m304[0m 27.350 ms - -[0m
[2026-06-14T16:16:04.407Z] [INFO] [0mGET /api/v1/soumissions?module=PRODUCTION&limit=8&page=1 [36m304[0m 23.172 ms - -[0m
[2026-06-14T16:16:04.452Z] [INFO] [0mGET /api/v1/dashboard/stats [36m304[0m 422.114 ms - -[0m
[2026-06-14T16:16:04.466Z] [INFO] [0mGET /api/v1/dashboard/kpi [36m304[0m 431.617 ms - -[0m
[2026-06-14T16:16:04.518Z] [INFO] [0mGET /api/v1/dashboard/stats [36m304[0m 38.929 ms - -[0m
[2026-06-14T16:16:04.523Z] [INFO] [0mGET /api/v1/dashboard/kpi [36m304[0m 34.155 ms - -[0m
[2026-06-14T16:16:05.980Z] [INFO] [0mGET /api/v1/alertes/non-lues/count [36m304[0m 16.951 ms - -[0m
[2026-06-14T16:16:06.003Z] [INFO] [0mGET /api/v1/formulaires?module=PRODUCTION&actif=true [36m304[0m 36.703 ms - -[0m
[2026-06-14T16:16:06.027Z] [INFO] [0mGET /api/v1/formulaires?module=PRODUCTION&actif=true [36m304[0m 9.521 ms - -[0m
[2026-06-14T16:16:09.054Z] [INFO] [0mGET /api/v1/alertes/non-lues/count [36m304[0m 9.629 ms - -[0m
[2026-06-14T16:16:09.078Z] [INFO] [0mGET /api/v1/utilisateurs/liste-signataires [36m304[0m 9.871 ms - -[0m
[2026-06-14T16:16:09.087Z] [INFO] [0mGET /api/v1/equipements [36m304[0m 26.116 ms - -[0m
[2026-06-14T16:16:09.100Z] [INFO] [0mGET /api/v1/utilisateurs/liste-signataires [36m304[0m 5.272 ms - -[0m
[2026-06-14T16:16:09.108Z] [INFO] [0mGET /api/v1/formulaires/c7494acc-3dbb-4d07-9357-13e21e60f088 [36m304[0m 45.852 ms - -[0m
[2026-06-14T16:16:09.117Z] [INFO] [0mGET /api/v1/equipements [36m304[0m 13.529 ms - -[0m
[2026-06-14T16:16:09.135Z] [INFO] [0mGET /api/v1/formulaires/c7494acc-3dbb-4d07-9357-13e21e60f088 [36m304[0m 11.232 ms - -[0m
[2026-06-14T16:16:12.543Z] [INFO] [0mGET /api/v1/alertes/non-lues/count [36m304[0m 20.981 ms - -[0m
[2026-06-14T16:16:12.551Z] [INFO] [0mGET /api/v1/utilisateurs/roles [36m304[0m 15.656 ms - -[0m
[2026-06-14T16:16:12.559Z] [INFO] [0mGET /api/v1/utilisateurs [32m200[0m 24.622 ms - 2798[0m
[2026-06-14T16:16:12.582Z] [INFO] [0mGET /api/v1/utilisateurs/roles [36m304[0m 11.321 ms - -[0m
[2026-06-14T16:16:12.590Z] [INFO] [0mGET /api/v1/utilisateurs [36m304[0m 13.285 ms - -[0m
[2026-06-14T16:17:12.489Z] [INFO] [0mGET /api/v1/alertes/non-lues/count [36m304[0m 4.609 ms - -[0m
[2026-06-14T16:26:59.834Z] [INFO] 🚀 InnoFaso backend démarré sur le port 5000 (development)
[2026-06-14T16:26:59.842Z] [INFO]    CORS autorisé : http://localhost:3000, https://crusher-ambition-drone.ngrok-free.dev, https://innofaso.netlify.app
[2026-06-14T16:26:59.944Z] [INFO] ⏰ Cron des alertes démarré.
[2026-06-14T16:30:06.140Z] [INFO] [0mPOST /api/v1/auth/login [32m200[0m 558.022 ms - 551[0m
[2026-06-14T17:00:00.223Z] [INFO] Cron [17h00 — formulaires journaliers non soumis] démarré
[2026-06-14T17:00:00.929Z] [INFO] Cron [17h00 — formulaires journaliers non soumis] terminé
