[2026-06-17T14:31:35.603Z] [INFO] 🚀 InnoFaso backend démarré sur le port 5000 (development)
[2026-06-17T14:31:35.604Z] [INFO]    CORS autorisé : http://localhost:3000
[2026-06-17T14:31:35.823Z] [INFO] ⏰ Cron des alertes démarré.
[2026-06-17T14:31:53.852Z] [INFO] 🚀 InnoFaso backend démarré sur le port 5000 (development)
[2026-06-17T14:31:53.853Z] [INFO]    CORS autorisé : http://localhost:3000
[2026-06-17T14:31:53.875Z] [INFO] ⏰ Cron des alertes démarré.
[2026-06-17T14:34:26.416Z] [ERROR] Email ou mot de passe incorrect. {"stack":"Error: Email ou mot de passe incorrect.\n    at Object.login (D:\\Dossiers\\INNOFASO\\innofasopro1\\innofaso_backend\\src\\modules\\auth\\auth.service.js:29:21)\n    at process.processTicksAndRejections (node:internal/process/task_queues:104:5)\n    at async login (D:\\Dossiers\\INNOFASO\\innofasopro1\\innofaso_backend\\src\\modules\\auth\\auth.controller.js:16:24)","method":"POST","url":"/api/v1/auth/login","ip":"127.0.0.1","user":"anonymous"}
[2026-06-17T14:34:26.422Z] [INFO] [0mPOST /api/v1/auth/login [33m401[0m 180.719 ms - 424[0m
[2026-06-17T14:37:20.475Z] [INFO] 🚀 InnoFaso backend démarré sur le port 5000 (development)
[2026-06-17T14:37:20.495Z] [INFO] ⏰ Cron des alertes démarré.
[2026-06-17T14:37:20.476Z] [INFO]    CORS autorisé : http://localhost:3000
[2026-06-17T14:38:53.361Z] [INFO] [0mPOST /api/v1/auth/login [32m200[0m 580.657 ms - 551[0m
[2026-06-17T14:38:55.241Z] [INFO] [0mGET /api/v1/alertes/non-lues/count [32m200[0m 30.396 ms - 11[0m
[2026-06-17T14:38:55.274Z] [INFO] [0mGET /api/v1/alertes/non-lues/count [36m304[0m 6.955 ms - -[0m
[2026-06-17T14:38:55.356Z] [INFO] [0mGET /api/v1/planning/lignes [32m200[0m 141.408 ms - 472[0m
[2026-06-17T14:38:55.372Z] [INFO] [0mGET /api/v1/planning/lignes [36m304[0m 4.389 ms - -[0m
[2026-06-17T14:38:55.393Z] [INFO] [0mGET /api/v1/planning/suivi-equipements?mois=6&annee=2026 [32m200[0m 169.731 ms - 2[0m
[2026-06-17T14:38:55.407Z] [INFO] [0mGET /api/v1/planning/suivi-equipements?mois=6&annee=2026 [36m304[0m 5.869 ms - -[0m
[2026-06-17T14:38:55.428Z] [INFO] [0mGET /api/v1/planning/graphiques?mois=6&annee=2026 [32m200[0m 207.403 ms - 1133[0m
[2026-06-17T14:38:55.435Z] [INFO] [0mGET /api/v1/planning/synthese?mois=6&annee=2026 [32m200[0m 216.356 ms - 190[0m
[2026-06-17T14:38:55.458Z] [INFO] [0mGET /api/v1/planning/graphiques?mois=6&annee=2026 [36m304[0m 17.701 ms - -[0m
[2026-06-17T14:38:55.463Z] [INFO] [0mGET /api/v1/planning/synthese?mois=6&annee=2026 [36m304[0m 17.145 ms - -[0m
[2026-06-17T14:39:55.326Z] [INFO] [0mGET /api/v1/alertes/non-lues/count [36m304[0m 8.111 ms - -[0m
[2026-06-17T14:40:55.324Z] [INFO] [0mGET /api/v1/alertes/non-lues/count [36m304[0m 5.634 ms - -[0m
[2026-06-17T14:41:55.329Z] [INFO] [0mGET /api/v1/alertes/non-lues/count [36m304[0m 6.308 ms - -[0m
[2026-06-17T14:42:55.323Z] [INFO] [0mGET /api/v1/alertes/non-lues/count [36m304[0m 7.190 ms - -[0m
[2026-06-17T14:43:55.308Z] [INFO] [0mGET /api/v1/alertes/non-lues/count [36m304[0m 4.797 ms - -[0m
[2026-06-17T14:44:55.511Z] [INFO] [0mGET /api/v1/alertes/non-lues/count [36m304[0m 185.528 ms - -[0m
[2026-06-17T14:46:10.514Z] [INFO] [0mGET /api/v1/alertes/non-lues/count [36m304[0m 198.170 ms - -[0m
[2026-06-17T14:47:10.314Z] [INFO] [0mGET /api/v1/alertes/non-lues/count [36m304[0m 3.931 ms - -[0m
[2026-06-17T14:48:10.325Z] [INFO] [0mGET /api/v1/alertes/non-lues/count [36m304[0m 3.480 ms - -[0m
[2026-06-17T14:49:10.333Z] [INFO] [0mGET /api/v1/alertes/non-lues/count [36m304[0m 4.793 ms - -[0m
[2026-06-17T14:50:10.324Z] [INFO] [0mGET /api/v1/alertes/non-lues/count [36m304[0m 5.307 ms - -[0m
[2026-06-17T14:51:10.329Z] [INFO] [0mGET /api/v1/alertes/non-lues/count [36m304[0m 7.300 ms - -[0m
[2026-06-17T14:52:10.328Z] [INFO] [0mGET /api/v1/alertes/non-lues/count [36m304[0m 6.619 ms - -[0m
[2026-06-17T14:52:49.653Z] [INFO] [0mGET /api/v1/formulaires?module=MAINTENANCE&actif=true [32m200[0m 38.296 ms - 14507[0m
[2026-06-17T14:52:49.673Z] [INFO] [0mGET /api/v1/formulaires?module=MAINTENANCE&actif=true [36m304[0m 10.220 ms - -[0m
[2026-06-17T14:52:49.746Z] [INFO] [0mGET /api/v1/alertes/non-lues/count [36m304[0m 125.381 ms - -[0m
[2026-06-17T14:53:50.538Z] [INFO] [0mGET /api/v1/alertes/non-lues/count [36m304[0m 208.179 ms - -[0m
[2026-06-17T14:54:50.320Z] [INFO] [0mGET /api/v1/alertes/non-lues/count [36m304[0m 4.334 ms - -[0m
[2026-06-17T14:55:50.324Z] [INFO] [0mGET /api/v1/alertes/non-lues/count [36m304[0m 4.797 ms - -[0m
[2026-06-17T14:56:37.346Z] [INFO] [0mGET /api/v1/dashboard/activite [32m200[0m 211.969 ms - 192[0m
[2026-06-17T14:56:37.375Z] [INFO] [0mGET /api/v1/soumissions?module=PRODUCTION&limit=8&page=1 [32m200[0m 13.127 ms - 99[0m
[2026-06-17T14:56:37.381Z] [INFO] [0mGET /api/v1/alertes/non-lues/count [36m304[0m 250.181 ms - -[0m
[2026-06-17T14:56:37.403Z] [INFO] [0mGET /api/v1/dashboard/activite [36m304[0m 14.640 ms - -[0m
[2026-06-17T14:56:37.411Z] [INFO] [0mGET /api/v1/soumissions?module=PRODUCTION&limit=8&page=1 [36m304[0m 16.185 ms - -[0m
[2026-06-17T14:56:37.420Z] [INFO] [0mGET /api/v1/alertes/non-lues/count [36m304[0m 3.184 ms - -[0m
[2026-06-17T14:56:37.424Z] [INFO] [0mGET /api/v1/dashboard/stats [32m200[0m 295.148 ms - 164[0m
[2026-06-17T14:56:37.448Z] [INFO] [0mGET /api/v1/dashboard/kpi [32m200[0m 299.406 ms - 164[0m
[2026-06-17T14:56:37.458Z] [INFO] [0mGET /api/v1/dashboard/retard [32m200[0m 320.770 ms - 28[0m
[2026-06-17T14:56:37.463Z] [INFO] [0mGET /api/v1/matieres/stats [32m200[0m 312.188 ms - 66[0m
[2026-06-17T14:56:37.498Z] [INFO] [0mGET /api/v1/dashboard/retard [36m304[0m 18.162 ms - -[0m
[2026-06-17T14:56:37.507Z] [INFO] [0mGET /api/v1/dashboard/kpi [36m304[0m 29.871 ms - -[0m
[2026-06-17T14:56:37.510Z] [INFO] [0mGET /api/v1/matieres/stats [36m304[0m 28.751 ms - -[0m
[2026-06-17T14:56:37.584Z] [INFO] [0mGET /api/v1/dashboard/stats [36m304[0m 149.082 ms - -[0m
[2026-06-17T14:56:39.982Z] [INFO] [0mGET /api/v1/alertes/non-lues/count [36m304[0m 10.829 ms - -[0m
[2026-06-17T14:56:39.995Z] [INFO] [0mGET /api/v1/formulaires?module=PRODUCTION&actif=true [32m200[0m 22.133 ms - 4357[0m
[2026-06-17T14:56:40.018Z] [INFO] [0mGET /api/v1/formulaires?module=PRODUCTION&actif=true [36m304[0m 7.982 ms - -[0m
[2026-06-17T14:57:39.985Z] [INFO] [0mGET /api/v1/alertes/non-lues/count [36m304[0m 8.088 ms - -[0m
[2026-06-17T14:58:01.047Z] [INFO] [0mGET /api/v1/formulaires?module=PRODUCTION&frequence=HEBDO&actif=true [32m200[0m 5.015 ms - 1563[0m
[2026-06-17T14:58:07.079Z] [INFO] [0mGET /api/v1/formulaires?module=PRODUCTION&frequence=JOURNALIER&actif=true [32m200[0m 6.712 ms - 943[0m
[2026-06-17T14:58:09.776Z] [INFO] [0mGET /api/v1/formulaires/00f32e32-6cfc-4d7c-a934-696ec1fc04c3 [32m200[0m 20.851 ms - 18252[0m
[2026-06-17T14:58:09.817Z] [INFO] [0mGET /api/v1/formulaires/00f32e32-6cfc-4d7c-a934-696ec1fc04c3 [36m304[0m 9.716 ms - -[0m
[2026-06-17T14:58:09.899Z] [INFO] [0mGET /api/v1/alertes/non-lues/count [36m304[0m 141.714 ms - -[0m
[2026-06-17T14:58:09.915Z] [INFO] [0mGET /api/v1/equipements [32m200[0m 155.767 ms - 100[0m
[2026-06-17T14:58:09.918Z] [INFO] [0mGET /api/v1/utilisateurs/liste-signataires [32m200[0m 156.535 ms - 122[0m
[2026-06-17T14:58:09.929Z] [INFO] [0mGET /api/v1/utilisateurs/liste-signataires [36m304[0m 1.479 ms - -[0m
[2026-06-17T14:58:09.938Z] [INFO] [0mGET /api/v1/equipements [36m304[0m 11.733 ms - -[0m
[2026-06-17T14:59:10.528Z] [INFO] [0mGET /api/v1/alertes/non-lues/count [36m304[0m 210.564 ms - -[0m
[2026-06-17T15:00:09.767Z] [INFO] [0mGET /api/v1/alertes/non-lues/count [36m304[0m 5.077 ms - -[0m
[2026-06-17T15:01:09.761Z] [INFO] [0mGET /api/v1/alertes/non-lues/count [36m304[0m 5.413 ms - -[0m
[2026-06-17T15:02:09.746Z] [INFO] [0mGET /api/v1/alertes/non-lues/count [36m304[0m 5.463 ms - -[0m
[2026-06-17T15:03:09.765Z] [INFO] [0mGET /api/v1/alertes/non-lues/count [36m304[0m 5.097 ms - -[0m
[2026-06-17T15:04:09.754Z] [INFO] [0mGET /api/v1/alertes/non-lues/count [36m304[0m 5.417 ms - -[0m
[2026-06-17T15:05:09.767Z] [INFO] [0mGET /api/v1/alertes/non-lues/count [36m304[0m 5.847 ms - -[0m
[2026-06-17T15:06:09.774Z] [INFO] [0mGET /api/v1/alertes/non-lues/count [36m304[0m 5.366 ms - -[0m
[2026-06-17T15:07:09.765Z] [INFO] [0mGET /api/v1/alertes/non-lues/count [36m304[0m 5.796 ms - -[0m
[2026-06-17T15:08:09.757Z] [INFO] [0mGET /api/v1/alertes/non-lues/count [36m304[0m 4.466 ms - -[0m
[2026-06-17T15:09:10.383Z] [INFO] [0mGET /api/v1/alertes/non-lues/count [36m304[0m 82.241 ms - -[0m
[2026-06-17T15:09:20.327Z] [INFO] [0mGET /api/v1/alertes/non-lues/count [36m304[0m 4.308 ms - -[0m
[2026-06-17T15:09:20.472Z] [INFO] [0mGET /api/v1/formulaires?module=PRODUCTION&actif=true [36m304[0m 147.728 ms - -[0m
[2026-06-17T15:09:20.487Z] [INFO] [0mGET /api/v1/formulaires?module=PRODUCTION&actif=true [36m304[0m 6.926 ms - -[0m
[2026-06-17T15:09:24.483Z] [INFO] [0mGET /api/v1/formulaires?module=PRODUCTION&frequence=JOURNALIER&actif=true [36m304[0m 6.063 ms - -[0m
[2026-06-17T15:09:31.486Z] [INFO] [0mGET /api/v1/alertes/non-lues/count [36m304[0m 13.095 ms - -[0m
[2026-06-17T15:09:31.497Z] [INFO] [0mGET /api/v1/formulaires/2a4f1c6d-cd42-4184-8fc6-cefb42cd9064 [32m200[0m 22.639 ms - 299[0m
[2026-06-17T15:09:31.516Z] [INFO] [0mGET /api/v1/formulaires/2a4f1c6d-cd42-4184-8fc6-cefb42cd9064 [36m304[0m 7.998 ms - -[0m
[2026-06-17T15:09:31.634Z] [INFO] [0mGET /api/v1/utilisateurs/liste-signataires [36m304[0m 150.498 ms - -[0m
[2026-06-17T15:09:31.649Z] [INFO] [0mGET /api/v1/utilisateurs/liste-signataires [36m304[0m 2.737 ms - -[0m
[2026-06-17T15:09:31.653Z] [INFO] [0mGET /api/v1/equipements [36m304[0m 175.972 ms - -[0m
[2026-06-17T15:09:31.675Z] [INFO] [0mGET /api/v1/equipements [36m304[0m 6.253 ms - -[0m
[2026-06-17T15:09:44.015Z] [INFO] [0mGET /api/v1/alertes/non-lues/count [36m304[0m 6.636 ms - -[0m
[2026-06-17T15:09:44.030Z] [INFO] [0mGET /api/v1/formulaires?module=PRODUCTION&actif=true [36m304[0m 19.800 ms - -[0m
[2026-06-17T15:09:44.050Z] [INFO] [0mGET /api/v1/formulaires?module=PRODUCTION&actif=true [36m304[0m 10.332 ms - -[0m
[2026-06-17T15:09:51.859Z] [INFO] [0mGET /api/v1/alertes/non-lues/count [36m304[0m 4.770 ms - -[0m
[2026-06-17T15:09:51.862Z] [INFO] [0mGET /api/v1/utilisateurs/liste-signataires [36m304[0m 4.411 ms - -[0m
[2026-06-17T15:09:51.865Z] [INFO] [0mGET /api/v1/formulaires/60893c2b-a555-40e3-9c27-da5ea3c64233 [32m200[0m 12.409 ms - 12082[0m
[2026-06-17T15:09:51.874Z] [INFO] [0mGET /api/v1/equipements [36m304[0m 16.628 ms - -[0m
[2026-06-17T15:09:51.881Z] [INFO] [0mGET /api/v1/utilisateurs/liste-signataires [36m304[0m 5.382 ms - -[0m
[2026-06-17T15:09:51.896Z] [INFO] [0mGET /api/v1/formulaires/60893c2b-a555-40e3-9c27-da5ea3c64233 [36m304[0m 10.669 ms - -[0m
[2026-06-17T15:09:51.906Z] [INFO] [0mGET /api/v1/equipements [36m304[0m 13.613 ms - -[0m
[2026-06-17T15:10:52.528Z] [INFO] [0mGET /api/v1/alertes/non-lues/count [36m304[0m 204.202 ms - -[0m
[2026-06-17T15:11:51.862Z] [INFO] [0mGET /api/v1/alertes/non-lues/count [36m304[0m 1.598 ms - -[0m
[2026-06-17T15:12:51.850Z] [INFO] [0mGET /api/v1/alertes/non-lues/count [36m304[0m 1.462 ms - -[0m
[2026-06-17T15:12:59.327Z] [INFO] [0mGET /api/v1/alertes/non-lues/count [36m304[0m 2.066 ms - -[0m
[2026-06-17T15:12:59.364Z] [INFO] [0mGET /api/v1/dashboard/retard [36m304[0m 21.235 ms - -[0m
[2026-06-17T15:12:59.392Z] [INFO] [0mGET /api/v1/alertes/non-lues/count [36m304[0m 4.752 ms - -[0m
[2026-06-17T15:12:59.432Z] [INFO] [0mGET /api/v1/dashboard/retard [36m304[0m 3.733 ms - -[0m
[2026-06-17T15:12:59.498Z] [INFO] [0mGET /api/v1/dashboard/activite [36m304[0m 162.549 ms - -[0m
[2026-06-17T15:12:59.506Z] [INFO] [0mGET /api/v1/dashboard/activite [36m304[0m 2.818 ms - -[0m
[2026-06-17T15:12:59.507Z] [INFO] [0mGET /api/v1/matieres/stats [36m304[0m 160.311 ms - -[0m
[2026-06-17T15:12:59.517Z] [INFO] [0mGET /api/v1/dashboard/stats [36m304[0m 188.094 ms - -[0m
[2026-06-17T15:12:59.518Z] [INFO] [0mGET /api/v1/dashboard/kpi [36m304[0m 182.032 ms - -[0m
[2026-06-17T15:12:59.523Z] [INFO] [0mGET /api/v1/matieres/stats [36m304[0m 6.181 ms - -[0m
[2026-06-17T15:12:59.533Z] [INFO] [0mGET /api/v1/dashboard/stats [36m304[0m 7.581 ms - -[0m
[2026-06-17T15:12:59.537Z] [INFO] [0mGET /api/v1/dashboard/kpi [36m304[0m 7.931 ms - -[0m
[2026-06-17T15:12:59.538Z] [INFO] [0mGET /api/v1/soumissions?module=PRODUCTION&limit=8&page=1 [36m304[0m 182.770 ms - -[0m
[2026-06-17T15:12:59.547Z] [INFO] [0mGET /api/v1/soumissions?module=PRODUCTION&limit=8&page=1 [36m304[0m 3.251 ms - -[0m
[2026-06-17T15:13:01.181Z] [INFO] [0mGET /api/v1/alertes/non-lues/count [36m304[0m 5.634 ms - -[0m
[2026-06-17T15:13:01.188Z] [INFO] [0mGET /api/v1/formulaires?module=PRODUCTION&actif=true [36m304[0m 10.547 ms - -[0m
[2026-06-17T15:13:01.200Z] [INFO] [0mGET /api/v1/formulaires?module=PRODUCTION&actif=true [36m304[0m 3.800 ms - -[0m
[2026-06-17T15:13:07.741Z] [INFO] [0mGET /api/v1/formulaires?search=p&module=PRODUCTION&actif=true [32m200[0m 3.860 ms - 4357[0m
[2026-06-17T15:13:08.255Z] [INFO] [0mGET /api/v1/formulaires?search=pe&module=PRODUCTION&actif=true [32m200[0m 2.612 ms - 1600[0m
[2026-06-17T15:13:08.430Z] [INFO] [0mGET /api/v1/formulaires?search=per&module=PRODUCTION&actif=true [32m200[0m 3.536 ms - 625[0m
[2026-06-17T15:13:08.584Z] [INFO] [0mGET /api/v1/formulaires?search=pert&module=PRODUCTION&actif=true [32m200[0m 2.453 ms - 312[0m
[2026-06-17T15:13:08.843Z] [INFO] [0mGET /api/v1/formulaires?search=perte&module=PRODUCTION&actif=true [32m200[0m 2.301 ms - 312[0m
[2026-06-17T15:14:01.322Z] [INFO] [0mGET /api/v1/alertes/non-lues/count [36m304[0m 4.160 ms - -[0m
[2026-06-17T15:15:01.321Z] [INFO] [0mGET /api/v1/alertes/non-lues/count [36m304[0m 3.498 ms - -[0m
[2026-06-17T15:15:22.583Z] [INFO] [0mGET / [33m404[0m 0.591 ms - 34[0m
[2026-06-17T15:15:27.801Z] [INFO] [0mGET / [33m404[0m 0.276 ms - 34[0m
[2026-06-17T15:15:27.841Z] [INFO] [0mGET /loginMsg.js [33m404[0m 0.108 ms - 45[0m
[2026-06-17T15:15:27.842Z] [INFO] [0mGET /cgi/get.cgi?cmd=home_login [33m404[0m 0.097 ms - 60[0m
[2026-06-17T15:16:01.311Z] [INFO] [0mGET /api/v1/alertes/non-lues/count [36m304[0m 2.334 ms - -[0m
[2026-06-17T15:17:01.307Z] [INFO] [0mGET /api/v1/alertes/non-lues/count [36m304[0m 1.589 ms - -[0m
[2026-06-17T15:18:01.310Z] [INFO] [0mGET /api/v1/alertes/non-lues/count [36m304[0m 1.675 ms - -[0m
[2026-06-17T15:19:01.312Z] [INFO] [0mGET /api/v1/alertes/non-lues/count [36m304[0m 3.028 ms - -[0m
[2026-06-17T15:20:13.266Z] [INFO] [0mGET /api/v1/alertes/non-lues/count [36m304[0m 66.191 ms - -[0m
[2026-06-17T15:21:10.305Z] [INFO] [0mGET /api/v1/alertes/non-lues/count [36m304[0m 1.414 ms - -[0m
[2026-06-17T15:22:10.415Z] [INFO] [0mGET /api/v1/alertes/non-lues/count [36m304[0m 74.314 ms - -[0m
[2026-06-17T15:23:10.322Z] [INFO] [0mGET /api/v1/alertes/non-lues/count [36m304[0m 2.803 ms - -[0m
[2026-06-17T15:24:10.315Z] [INFO] [0mGET /api/v1/alertes/non-lues/count [36m304[0m 1.859 ms - -[0m
[2026-06-17T15:25:10.306Z] [INFO] [0mGET /api/v1/alertes/non-lues/count [36m304[0m 1.367 ms - -[0m
[2026-06-17T15:26:10.389Z] [INFO] [0mGET /api/v1/alertes/non-lues/count [36m304[0m 58.517 ms - -[0m
[2026-06-17T15:27:10.313Z] [INFO] [0mGET /api/v1/alertes/non-lues/count [36m304[0m 1.623 ms - -[0m
[2026-06-17T15:28:10.311Z] [INFO] [0mGET /api/v1/alertes/non-lues/count [36m304[0m 2.292 ms - -[0m
[2026-06-17T15:29:10.320Z] [INFO] [0mGET /api/v1/alertes/non-lues/count [36m304[0m 5.922 ms - -[0m
[2026-06-17T15:30:10.311Z] [INFO] [0mGET /api/v1/alertes/non-lues/count [36m304[0m 2.619 ms - -[0m
[2026-06-17T15:31:10.303Z] [INFO] [0mGET /api/v1/alertes/non-lues/count [36m304[0m 1.625 ms - -[0m
[2026-06-17T15:32:10.306Z] [INFO] [0mGET /api/v1/alertes/non-lues/count [36m304[0m 2.128 ms - -[0m
[2026-06-17T15:33:10.371Z] [INFO] [0mGET /api/v1/alertes/non-lues/count [36m304[0m 58.476 ms - -[0m
[2026-06-17T15:34:10.325Z] [INFO] [0mGET /api/v1/alertes/non-lues/count [36m304[0m 3.397 ms - -[0m
[2026-06-17T15:35:10.321Z] [INFO] [0mGET /api/v1/alertes/non-lues/count [36m304[0m 2.237 ms - -[0m
[2026-06-17T15:36:10.305Z] [INFO] [0mGET /api/v1/alertes/non-lues/count [36m304[0m 1.979 ms - -[0m
[2026-06-17T15:37:10.312Z] [INFO] [0mGET /api/v1/alertes/non-lues/count [36m304[0m 1.846 ms - -[0m
[2026-06-17T15:38:10.388Z] [INFO] [0mGET /api/v1/alertes/non-lues/count [36m304[0m 66.325 ms - -[0m
[2026-06-17T15:39:10.315Z] [INFO] [0mGET /api/v1/alertes/non-lues/count [33m401[0m 0.705 ms - 58[0m
[2026-06-17T16:13:29.245Z] [INFO] [0mPOST /api/v1/auth/login [32m200[0m 520.882 ms - 551[0m
[2026-06-17T16:13:29.355Z] [INFO] [0mGET /api/v1/alertes/non-lues/count [36m304[0m 7.950 ms - -[0m
[2026-06-17T16:13:29.431Z] [INFO] [0mGET /api/v1/soumissions?module=PRODUCTION&limit=8&page=1 [36m304[0m 37.873 ms - -[0m
[2026-06-17T16:13:29.481Z] [INFO] [0mGET /api/v1/alertes/non-lues/count [36m304[0m 16.850 ms - -[0m
[2026-06-17T16:13:29.503Z] [INFO] [0mGET /api/v1/soumissions?module=PRODUCTION&limit=8&page=1 [36m304[0m 9.936 ms - -[0m
[2026-06-17T16:13:29.640Z] [INFO] [0mGET /api/v1/matieres/stats [36m304[0m 272.288 ms - -[0m
[2026-06-17T16:13:29.659Z] [INFO] [0mGET /api/v1/dashboard/activite [36m304[0m 295.746 ms - -[0m
[2026-06-17T16:13:29.668Z] [INFO] [0mGET /api/v1/matieres/stats [36m304[0m 15.344 ms - -[0m
[2026-06-17T16:13:29.679Z] [INFO] [0mGET /api/v1/dashboard/stats [36m304[0m 321.722 ms - -[0m
[2026-06-17T16:13:29.687Z] [INFO] [0mGET /api/v1/dashboard/activite [36m304[0m 15.520 ms - -[0m
[2026-06-17T16:13:29.696Z] [INFO] [0mGET /api/v1/dashboard/kpi [36m304[0m 325.108 ms - -[0m
[2026-06-17T16:13:29.700Z] [INFO] [0mGET /api/v1/dashboard/stats [36m304[0m 10.029 ms - -[0m
[2026-06-17T16:13:29.705Z] [INFO] [0mGET /api/v1/dashboard/retard [36m304[0m 336.574 ms - -[0m
[2026-06-17T16:13:29.713Z] [INFO] [0mGET /api/v1/dashboard/kpi [36m304[0m 4.793 ms - -[0m
[2026-06-17T16:13:29.720Z] [INFO] [0mGET /api/v1/dashboard/retard [36m304[0m 5.228 ms - -[0m
[2026-06-17T16:13:35.783Z] [INFO] [0mGET /api/v1/alertes/non-lues/count [36m304[0m 6.930 ms - -[0m
[2026-06-17T16:13:35.791Z] [INFO] [0mGET /api/v1/planning/lignes [36m304[0m 13.178 ms - -[0m
[2026-06-17T16:13:35.798Z] [INFO] [0mGET /api/v1/alertes/non-lues/count [36m304[0m 3.593 ms - -[0m
[2026-06-17T16:13:35.805Z] [INFO] [0mGET /api/v1/planning/lignes [36m304[0m 2.764 ms - -[0m
[2026-06-17T16:13:35.807Z] [INFO] [0mGET /api/v1/planning/suivi-equipements?mois=6&annee=2026 [36m304[0m 19.918 ms - -[0m
[2026-06-17T16:13:35.819Z] [INFO] [0mGET /api/v1/planning/graphiques?mois=6&annee=2026 [36m304[0m 33.339 ms - -[0m
[2026-06-17T16:13:35.820Z] [INFO] [0mGET /api/v1/planning/suivi-equipements?mois=6&annee=2026 [36m304[0m 5.458 ms - -[0m
[2026-06-17T16:13:35.821Z] [INFO] [0mGET /api/v1/planning/synthese?mois=6&annee=2026 [36m304[0m 41.181 ms - -[0m
[2026-06-17T16:13:35.840Z] [INFO] [0mGET /api/v1/planning/graphiques?mois=6&annee=2026 [36m304[0m 13.413 ms - -[0m
[2026-06-17T16:13:35.855Z] [INFO] [0mGET /api/v1/planning/synthese?mois=6&annee=2026 [36m304[0m 25.717 ms - -[0m
[2026-06-17T16:14:35.786Z] [INFO] [0mGET /api/v1/alertes/non-lues/count [36m304[0m 3.180 ms - -[0m
[2026-06-17T16:15:35.782Z] [INFO] [0mGET /api/v1/alertes/non-lues/count [36m304[0m 3.194 ms - -[0m
[2026-06-17T16:16:36.464Z] [INFO] [0mGET /api/v1/alertes/non-lues/count [36m304[0m 153.856 ms - -[0m
[2026-06-17T16:17:36.303Z] [INFO] [0mGET /api/v1/alertes/non-lues/count [36m304[0m 2.815 ms - -[0m
[2026-06-17T16:18:36.298Z] [INFO] [0mGET /api/v1/alertes/non-lues/count [36m304[0m 3.135 ms - -[0m
[2026-06-17T16:19:36.304Z] [INFO] [0mGET /api/v1/alertes/non-lues/count [36m304[0m 5.073 ms - -[0m
[2026-06-17T16:21:10.370Z] [INFO] [0mGET /api/v1/alertes/non-lues/count [36m304[0m 80.008 ms - -[0m
[2026-06-17T16:22:10.304Z] [INFO] [0mGET /api/v1/alertes/non-lues/count [36m304[0m 2.689 ms - -[0m
[2026-06-17T16:23:10.301Z] [INFO] [0mGET /api/v1/alertes/non-lues/count [36m304[0m 3.027 ms - -[0m
[2026-06-17T16:24:10.393Z] [INFO] [0mGET /api/v1/alertes/non-lues/count [36m304[0m 88.541 ms - -[0m
[2026-06-17T16:25:10.302Z] [INFO] [0mGET /api/v1/alertes/non-lues/count [36m304[0m 2.178 ms - -[0m
[2026-06-17T16:26:10.298Z] [INFO] [0mGET /api/v1/alertes/non-lues/count [36m304[0m 2.446 ms - -[0m
[2026-06-17T16:27:10.289Z] [INFO] [0mGET /api/v1/alertes/non-lues/count [36m304[0m 2.298 ms - -[0m
[2026-06-17T16:28:10.381Z] [INFO] [0mGET /api/v1/alertes/non-lues/count [36m304[0m 78.678 ms - -[0m
[2026-06-17T16:29:10.311Z] [INFO] [0mGET /api/v1/alertes/non-lues/count [36m304[0m 5.012 ms - -[0m
[2026-06-17T16:30:10.307Z] [INFO] [0mGET /api/v1/alertes/non-lues/count [36m304[0m 5.518 ms - -[0m
[2026-06-17T16:31:10.310Z] [INFO] [0mGET /api/v1/alertes/non-lues/count [36m304[0m 5.381 ms - -[0m
[2026-06-17T16:32:10.302Z] [INFO] [0mGET /api/v1/alertes/non-lues/count [36m304[0m 4.411 ms - -[0m
[2026-06-17T16:33:10.307Z] [INFO] [0mGET /api/v1/alertes/non-lues/count [36m304[0m 3.345 ms - -[0m
[2026-06-17T16:34:10.305Z] [INFO] [0mGET /api/v1/alertes/non-lues/count [36m304[0m 3.563 ms - -[0m
[2026-06-17T16:35:10.309Z] [INFO] [0mGET /api/v1/alertes/non-lues/count [36m304[0m 3.943 ms - -[0m
[2026-06-17T16:39:09.249Z] [INFO] [0mGET /api/v1/alertes/non-lues/count [36m304[0m 190.403 ms - -[0m
[2026-06-17T16:40:10.369Z] [INFO] [0mGET /api/v1/alertes/non-lues/count [36m304[0m 80.343 ms - -[0m
[2026-06-17T16:41:10.287Z] [INFO] [0mGET /api/v1/alertes/non-lues/count [36m304[0m 4.037 ms - -[0m
[2026-06-17T16:42:10.372Z] [INFO] [0mGET /api/v1/alertes/non-lues/count [36m304[0m 80.616 ms - -[0m
[2026-06-17T16:43:10.300Z] [INFO] [0mGET /api/v1/alertes/non-lues/count [36m304[0m 4.772 ms - -[0m
[2026-06-17T16:44:10.292Z] [INFO] [0mGET /api/v1/alertes/non-lues/count [36m304[0m 3.745 ms - -[0m
[2026-06-17T16:45:10.281Z] [INFO] [0mGET /api/v1/alertes/non-lues/count [36m304[0m 2.634 ms - -[0m
[2026-06-17T16:45:49.898Z] [INFO] [0mGET /api/v1/alertes/non-lues/count [36m304[0m 3.148 ms - -[0m
[2026-06-17T16:45:50.600Z] [INFO] [0mGET /api/v1/auth/me [32m200[0m 2.436 ms - 145[0m
[2026-06-17T16:45:50.613Z] [INFO] [0mGET /api/v1/auth/me [36m304[0m 3.822 ms - -[0m
[2026-06-17T16:45:50.700Z] [INFO] [0mGET /api/v1/alertes/non-lues/count [36m304[0m 13.212 ms - -[0m
[2026-06-17T16:45:50.714Z] [INFO] [0mGET /api/v1/alertes/non-lues/count [36m304[0m 2.736 ms - -[0m
[2026-06-17T16:45:50.823Z] [INFO] [0mGET /api/v1/planning/lignes [36m304[0m 130.874 ms - -[0m
[2026-06-17T16:45:50.834Z] [INFO] [0mGET /api/v1/planning/lignes [36m304[0m 3.753 ms - -[0m
[2026-06-17T16:45:50.849Z] [INFO] [0mGET /api/v1/planning/suivi-equipements?mois=6&annee=2026 [36m304[0m 151.752 ms - -[0m
[2026-06-17T16:45:50.859Z] [INFO] [0mGET /api/v1/planning/synthese?mois=6&annee=2026 [36m304[0m 165.850 ms - -[0m
[2026-06-17T16:45:50.864Z] [INFO] [0mGET /api/v1/planning/suivi-equipements?mois=6&annee=2026 [36m304[0m 6.250 ms - -[0m
[2026-06-17T16:45:50.874Z] [INFO] [0mGET /api/v1/planning/graphiques?mois=6&annee=2026 [36m304[0m 179.469 ms - -[0m
[2026-06-17T16:45:50.895Z] [INFO] [0mGET /api/v1/planning/synthese?mois=6&annee=2026 [36m304[0m 26.705 ms - -[0m
[2026-06-17T16:45:50.896Z] [INFO] [0mGET /api/v1/planning/graphiques?mois=6&annee=2026 [36m304[0m 15.159 ms - -[0m
[2026-06-17T16:46:00.877Z] [INFO] [0mGET /api/v1/alertes/non-lues/count [36m304[0m 6.858 ms - -[0m
[2026-06-17T16:46:00.883Z] [INFO] [0mGET /api/v1/formulaires?module=MAINTENANCE&actif=true [36m304[0m 9.629 ms - -[0m
[2026-06-17T16:46:00.898Z] [INFO] [0mGET /api/v1/formulaires?module=MAINTENANCE&actif=true [36m304[0m 5.963 ms - -[0m
[2026-06-17T16:46:08.312Z] [INFO] [0mGET /api/v1/formulaires?module=PRODUCTION&actif=true [36m304[0m 4.443 ms - -[0m
[2026-06-17T16:46:15.787Z] [INFO] [0mGET /api/v1/formulaires?module=PRODUCTION&frequence=AU_BESOIN&actif=true [32m200[0m 4.710 ms - 1552[0m
[2026-06-17T16:46:21.506Z] [INFO] [0mGET /api/v1/alertes/non-lues/count [36m304[0m 8.872 ms - -[0m
[2026-06-17T16:46:21.509Z] [INFO] [0mGET /api/v1/utilisateurs/liste-signataires [36m304[0m 3.688 ms - -[0m
[2026-06-17T16:46:21.512Z] [INFO] [0mGET /api/v1/formulaires/8722d5c8-5fa2-4e5b-83e2-e25a2603180f [32m200[0m 11.173 ms - 299[0m
[2026-06-17T16:46:21.518Z] [INFO] [0mGET /api/v1/equipements [36m304[0m 14.101 ms - -[0m
[2026-06-17T16:46:21.531Z] [INFO] [0mGET /api/v1/utilisateurs/liste-signataires [36m304[0m 2.133 ms - -[0m
[2026-06-17T16:46:21.536Z] [INFO] [0mGET /api/v1/formulaires/8722d5c8-5fa2-4e5b-83e2-e25a2603180f [36m304[0m 6.848 ms - -[0m
[2026-06-17T16:46:21.537Z] [INFO] [0mGET /api/v1/equipements [36m304[0m 5.005 ms - -[0m
[2026-06-17T16:46:30.294Z] [INFO] [0mGET /api/v1/alertes/non-lues/count [36m304[0m 2.421 ms - -[0m
[2026-06-17T16:46:30.299Z] [INFO] [0mGET /api/v1/formulaires?module=MAINTENANCE&actif=true [36m304[0m 7.111 ms - -[0m
[2026-06-17T16:46:30.314Z] [INFO] [0mGET /api/v1/formulaires?module=MAINTENANCE&actif=true [36m304[0m 6.277 ms - -[0m
[2026-06-17T16:46:41.787Z] [INFO] [0mGET /api/v1/formulaires?module=MAINTENANCE&frequence=AU_BESOIN&actif=true [32m200[0m 4.415 ms - 312[0m
[2026-06-17T16:46:44.671Z] [INFO] [0mGET /api/v1/formulaires?module=PRODUCTION&frequence=AU_BESOIN&actif=true [36m304[0m 4.535 ms - -[0m
[2026-06-17T16:47:30.310Z] [INFO] [0mGET /api/v1/alertes/non-lues/count [36m304[0m 5.011 ms - -[0m
[2026-06-17T16:48:30.306Z] [INFO] [0mGET /api/v1/alertes/non-lues/count [36m304[0m 2.712 ms - -[0m
[2026-06-17T16:49:30.308Z] [INFO] [0mGET /api/v1/alertes/non-lues/count [36m304[0m 4.838 ms - -[0m
[2026-06-17T16:50:30.301Z] [INFO] [0mGET /api/v1/alertes/non-lues/count [36m304[0m 3.665 ms - -[0m
[2026-06-17T18:00:00.038Z] [INFO] Cron [18h00 — stocks pièces bas] démarré
[2026-06-17T18:00:00.154Z] [INFO] Cron [18h00 — stocks pièces bas] terminé
[2026-06-17T18:15:00.033Z] [INFO] Cron [18h15 — stocks MP bas] démarré
[2026-06-17T18:15:00.210Z] [INFO] Cron [18h15 — stocks MP bas] terminé
[2026-06-17T19:44:26.859Z] [INFO] [0mGET /api/v1/alertes/non-lues/count [33m401[0m 1.096 ms - 58[0m
[2026-06-17T19:48:49.805Z] [INFO] [0mPOST /api/v1/auth/login [32m200[0m 776.049 ms - 551[0m
[2026-06-17T19:48:49.945Z] [INFO] [0mGET /api/v1/alertes/non-lues/count [36m304[0m 20.256 ms - -[0m
[2026-06-17T19:48:49.962Z] [INFO] [0mGET /api/v1/alertes/non-lues/count [36m304[0m 4.013 ms - -[0m
[2026-06-17T19:48:50.070Z] [INFO] [0mGET /api/v1/planning/lignes [36m304[0m 143.332 ms - -[0m
[2026-06-17T19:48:50.081Z] [INFO] [0mGET /api/v1/planning/lignes [36m304[0m 2.523 ms - -[0m
[2026-06-17T19:48:50.105Z] [INFO] [0mGET /api/v1/planning/suivi-equipements?mois=6&annee=2026 [36m304[0m 174.178 ms - -[0m
[2026-06-17T19:48:50.123Z] [INFO] [0mGET /api/v1/planning/suivi-equipements?mois=6&annee=2026 [36m304[0m 6.306 ms - -[0m
[2026-06-17T19:48:50.130Z] [INFO] [0mGET /api/v1/planning/graphiques?mois=6&annee=2026 [36m304[0m 201.126 ms - -[0m
[2026-06-17T19:48:50.141Z] [INFO] [0mGET /api/v1/planning/synthese?mois=6&annee=2026 [36m304[0m 208.596 ms - -[0m
[2026-06-17T19:48:50.161Z] [INFO] [0mGET /api/v1/planning/graphiques?mois=6&annee=2026 [36m304[0m 17.377 ms - -[0m
[2026-06-17T19:48:50.164Z] [INFO] [0mGET /api/v1/planning/synthese?mois=6&annee=2026 [36m304[0m 14.431 ms - -[0m
[2026-06-17T19:48:54.743Z] [INFO] [0mGET /api/v1/alertes/non-lues/count [36m304[0m 6.241 ms - -[0m
[2026-06-17T19:48:54.751Z] [INFO] [0mGET /api/v1/formulaires?module=MAINTENANCE&actif=true [36m304[0m 10.720 ms - -[0m
[2026-06-17T19:48:54.782Z] [INFO] [0mGET /api/v1/formulaires?module=MAINTENANCE&actif=true [36m304[0m 10.464 ms - -[0m
[2026-06-17T19:48:59.749Z] [INFO] [0mGET /api/v1/formulaires?module=PRODUCTION&actif=true [36m304[0m 6.890 ms - -[0m
[2026-06-17T19:49:09.623Z] [INFO] [0mGET /api/v1/formulaires?module=PRODUCTION&frequence=AU_BESOIN&actif=true [36m304[0m 7.867 ms - -[0m
[2026-06-17T19:49:14.923Z] [INFO] [0mGET /api/v1/alertes/non-lues/count [36m304[0m 6.956 ms - -[0m
[2026-06-17T19:49:14.934Z] [INFO] [0mGET /api/v1/utilisateurs/liste-signataires [36m304[0m 3.344 ms - -[0m
[2026-06-17T19:49:14.952Z] [INFO] [0mGET /api/v1/formulaires/8722d5c8-5fa2-4e5b-83e2-e25a2603180f [36m304[0m 30.849 ms - -[0m
[2026-06-17T19:49:14.958Z] [INFO] [0mGET /api/v1/equipements [36m304[0m 29.715 ms - -[0m
[2026-06-17T19:49:14.972Z] [INFO] [0mGET /api/v1/utilisateurs/liste-signataires [36m304[0m 3.020 ms - -[0m
[2026-06-17T19:49:14.988Z] [INFO] [0mGET /api/v1/formulaires/8722d5c8-5fa2-4e5b-83e2-e25a2603180f [36m304[0m 9.907 ms - -[0m
[2026-06-17T19:49:14.991Z] [INFO] [0mGET /api/v1/equipements [36m304[0m 8.993 ms - -[0m
[2026-06-17T19:49:51.983Z] [INFO] [0mGET /api/v1/alertes/non-lues/count [36m304[0m 4.030 ms - -[0m
[2026-06-17T19:49:51.991Z] [INFO] [0mGET /api/v1/formulaires?module=MAINTENANCE&actif=true [36m304[0m 11.067 ms - -[0m
[2026-06-17T19:49:52.017Z] [INFO] [0mGET /api/v1/formulaires?module=MAINTENANCE&actif=true [36m304[0m 10.093 ms - -[0m
[2026-06-17T19:49:59.461Z] [INFO] [0mGET /api/v1/alertes/non-lues/count [36m304[0m 2.741 ms - -[0m
[2026-06-17T19:49:59.500Z] [INFO] [0mGET /api/v1/dashboard/retard [36m304[0m 21.229 ms - -[0m
[2026-06-17T19:49:59.532Z] [INFO] [0mGET /api/v1/alertes/non-lues/count [36m304[0m 9.774 ms - -[0m
[2026-06-17T19:49:59.555Z] [INFO] [0mGET /api/v1/soumissions?module=PRODUCTION&limit=8&page=1 [36m304[0m 59.103 ms - -[0m
[2026-06-17T19:49:59.651Z] [INFO] [0mGET /api/v1/dashboard/retard [36m304[0m 35.665 ms - -[0m
[2026-06-17T19:49:59.673Z] [INFO] [0mGET /api/v1/soumissions?module=PRODUCTION&limit=8&page=1 [36m304[0m 54.521 ms - -[0m
[2026-06-17T19:49:59.725Z] [INFO] [0mGET /api/v1/dashboard/activite [36m304[0m 249.085 ms - -[0m
[2026-06-17T19:49:59.744Z] [INFO] [0mGET /api/v1/dashboard/stats [36m304[0m 274.866 ms - -[0m
[2026-06-17T19:49:59.752Z] [INFO] [0mGET /api/v1/dashboard/kpi [36m304[0m 270.723 ms - -[0m
[2026-06-17T19:49:59.755Z] [INFO] [0mGET /api/v1/dashboard/activite [36m304[0m 15.730 ms - -[0m
[2026-06-17T19:49:59.773Z] [INFO] [0mGET /api/v1/dashboard/stats [36m304[0m 12.804 ms - -[0m
[2026-06-17T19:49:59.783Z] [INFO] [0mGET /api/v1/dashboard/kpi [36m304[0m 7.419 ms - -[0m
[2026-06-17T19:49:59.793Z] [INFO] [0mGET /api/v1/matieres/stats [36m304[0m 299.311 ms - -[0m
[2026-06-17T19:49:59.804Z] [INFO] [0mGET /api/v1/matieres/stats [36m304[0m 2.096 ms - -[0m
[2026-06-17T19:50:01.931Z] [INFO] [0mGET /api/v1/alertes/non-lues/count [36m304[0m 4.941 ms - -[0m
[2026-06-17T19:50:01.943Z] [INFO] [0mGET /api/v1/formulaires?module=PRODUCTION&actif=true [36m304[0m 15.005 ms - -[0m
[2026-06-17T19:50:01.960Z] [INFO] [0mGET /api/v1/formulaires?module=PRODUCTION&actif=true [36m304[0m 4.863 ms - -[0m
[2026-06-17T19:50:05.599Z] [INFO] [0mGET /api/v1/formulaires?module=PRODUCTION&frequence=AU_BESOIN&actif=true [36m304[0m 6.331 ms - -[0m
[2026-06-17T19:50:07.290Z] [INFO] [0mGET /api/v1/alertes/non-lues/count [36m304[0m 3.575 ms - -[0m
[2026-06-17T19:50:07.304Z] [INFO] [0mGET /api/v1/formulaires/8722d5c8-5fa2-4e5b-83e2-e25a2603180f [36m304[0m 15.898 ms - -[0m
[2026-06-17T19:50:07.322Z] [INFO] [0mGET /api/v1/formulaires/8722d5c8-5fa2-4e5b-83e2-e25a2603180f [36m304[0m 6.386 ms - -[0m
[2026-06-17T19:51:07.304Z] [INFO] [0mGET /api/v1/alertes/non-lues/count [36m304[0m 5.087 ms - -[0m
[2026-06-17T19:52:07.297Z] [INFO] [0mGET /api/v1/alertes/non-lues/count [36m304[0m 3.434 ms - -[0m
[2026-06-17T19:52:12.113Z] [INFO] [0mGET /api/v1/alertes/non-lues/count [36m304[0m 3.311 ms - -[0m
[2026-06-17T19:52:12.396Z] [INFO] [0mGET /api/v1/formulaires?module=PRODUCTION&actif=true [36m304[0m 283.649 ms - -[0m
[2026-06-17T19:52:12.417Z] [INFO] [0mGET /api/v1/formulaires?module=PRODUCTION&actif=true [36m304[0m 7.999 ms - -[0m
[2026-06-17T19:52:17.488Z] [INFO] [0mGET /api/v1/formulaires?module=PRODUCTION&frequence=AU_BESOIN&actif=true [36m304[0m 7.313 ms - -[0m
[2026-06-17T19:52:22.705Z] [INFO] [0mGET /api/v1/alertes/non-lues/count [36m304[0m 8.066 ms - -[0m
[2026-06-17T19:52:22.712Z] [INFO] [0mGET /api/v1/formulaires/ded040e9-5680-4030-bd86-b4535fa84eef [32m200[0m 16.061 ms - 10478[0m
[2026-06-17T19:52:22.724Z] [INFO] [0mGET /api/v1/utilisateurs/liste-signataires [36m304[0m 14.489 ms - -[0m
[2026-06-17T19:52:22.737Z] [INFO] [0mGET /api/v1/formulaires/ded040e9-5680-4030-bd86-b4535fa84eef [36m304[0m 10.548 ms - -[0m
[2026-06-17T19:52:22.750Z] [INFO] [0mGET /api/v1/utilisateurs/liste-signataires [36m304[0m 2.055 ms - -[0m
[2026-06-17T19:52:22.821Z] [INFO] [0mGET /api/v1/equipements [36m304[0m 118.546 ms - -[0m
[2026-06-17T19:52:22.831Z] [INFO] [0mGET /api/v1/equipements [36m304[0m 2.980 ms - -[0m
[2026-06-17T19:53:23.408Z] [INFO] [0mGET /api/v1/alertes/non-lues/count [36m304[0m 153.489 ms - -[0m
[2026-06-17T19:54:23.256Z] [INFO] [0mGET /api/v1/alertes/non-lues/count [36m304[0m 5.455 ms - -[0m
[2026-06-17T19:55:22.703Z] [INFO] [0mGET /api/v1/alertes/non-lues/count [36m304[0m 4.838 ms - -[0m
[2026-06-17T19:56:27.590Z] [INFO] [0mGET /api/v1/alertes/non-lues/count [36m304[0m 183.540 ms - -[0m
[2026-06-17T19:57:22.702Z] [INFO] [0mGET /api/v1/alertes/non-lues/count [36m304[0m 3.670 ms - -[0m
[2026-06-17T19:58:23.425Z] [INFO] [0mGET /api/v1/alertes/non-lues/count [36m304[0m 157.222 ms - -[0m
[2026-06-17T19:59:22.706Z] [INFO] [0mGET /api/v1/alertes/non-lues/count [36m304[0m 4.958 ms - -[0m
[2026-06-17T20:00:22.705Z] [INFO] [0mGET /api/v1/alertes/non-lues/count [36m304[0m 5.764 ms - -[0m
[2026-06-17T20:00:32.965Z] [INFO] [0mGET /api/v1/alertes/non-lues/count [36m304[0m 4.651 ms - -[0m
[2026-06-17T20:00:33.101Z] [INFO] [0mGET /api/v1/formulaires?module=PRODUCTION&actif=true [36m304[0m 139.068 ms - -[0m
[2026-06-17T20:00:33.115Z] [INFO] [0mGET /api/v1/formulaires?module=PRODUCTION&actif=true [36m304[0m 6.955 ms - -[0m
[2026-06-17T20:00:37.558Z] [INFO] [0mGET /api/v1/formulaires?module=PRODUCTION&frequence=AU_BESOIN&actif=true [36m304[0m 7.498 ms - -[0m
[2026-06-17T20:00:42.276Z] [INFO] [0mGET /api/v1/alertes/non-lues/count [36m304[0m 8.117 ms - -[0m
[2026-06-17T20:00:42.293Z] [INFO] [0mGET /api/v1/formulaires/ded040e9-5680-4030-bd86-b4535fa84eef [36m304[0m 18.775 ms - -[0m
[2026-06-17T20:00:42.307Z] [INFO] [0mGET /api/v1/formulaires/ded040e9-5680-4030-bd86-b4535fa84eef [36m304[0m 4.931 ms - -[0m
[2026-06-17T20:01:15.153Z] [INFO] [0mGET /api/v1/alertes/non-lues/count [36m304[0m 3.147 ms - -[0m
[2026-06-17T20:01:15.161Z] [INFO] [0mGET /api/v1/formulaires?module=PRODUCTION&actif=true [36m304[0m 12.752 ms - -[0m
[2026-06-17T20:01:15.179Z] [INFO] [0mGET /api/v1/formulaires?module=PRODUCTION&actif=true [36m304[0m 8.078 ms - -[0m
[2026-06-17T20:01:18.215Z] [INFO] [0mGET /api/v1/alertes/non-lues/count [36m304[0m 6.213 ms - -[0m
[2026-06-17T20:01:18.228Z] [INFO] [0mGET /api/v1/formulaires/60893c2b-a555-40e3-9c27-da5ea3c64233 [36m304[0m 17.600 ms - -[0m
[2026-06-17T20:01:18.249Z] [INFO] [0mGET /api/v1/formulaires/60893c2b-a555-40e3-9c27-da5ea3c64233 [36m304[0m 10.091 ms - -[0m
[2026-06-17T20:01:18.343Z] [INFO] [0mGET /api/v1/equipements [36m304[0m 131.186 ms - -[0m
[2026-06-17T20:01:18.355Z] [INFO] [0mGET /api/v1/equipements [36m304[0m 3.930 ms - -[0m
[2026-06-17T20:01:18.451Z] [INFO] [0mGET /api/v1/utilisateurs/liste-signataires [36m304[0m 236.621 ms - -[0m
[2026-06-17T20:01:18.465Z] [INFO] [0mGET /api/v1/utilisateurs/liste-signataires [36m304[0m 1.711 ms - -[0m
[2026-06-17T20:01:20.812Z] [INFO] [0mGET /api/v1/alertes/non-lues/count [36m304[0m 6.356 ms - -[0m
[2026-06-17T20:01:20.819Z] [INFO] [0mGET /api/v1/formulaires?module=PRODUCTION&actif=true [36m304[0m 12.958 ms - -[0m
[2026-06-17T20:01:20.835Z] [INFO] [0mGET /api/v1/formulaires?module=PRODUCTION&actif=true [36m304[0m 4.844 ms - -[0m
[2026-06-17T20:01:23.620Z] [INFO] [0mGET /api/v1/formulaires?module=PRODUCTION&frequence=AU_BESOIN&actif=true [36m304[0m 5.699 ms - -[0m
[2026-06-17T20:01:25.496Z] [INFO] [0mGET /api/v1/alertes/non-lues/count [36m304[0m 5.718 ms - -[0m
[2026-06-17T20:01:25.501Z] [INFO] [0mGET /api/v1/utilisateurs/liste-signataires [36m304[0m 2.197 ms - -[0m
[2026-06-17T20:01:25.507Z] [INFO] [0mGET /api/v1/formulaires/49d05684-3f03-4044-8976-86d7a43028b9 [32m200[0m 17.803 ms - 10830[0m
[2026-06-17T20:01:25.517Z] [INFO] [0mGET /api/v1/equipements [36m304[0m 20.788 ms - -[0m
[2026-06-17T20:01:25.525Z] [INFO] [0mGET /api/v1/utilisateurs/liste-signataires [36m304[0m 2.977 ms - -[0m
[2026-06-17T20:01:25.543Z] [INFO] [0mGET /api/v1/formulaires/49d05684-3f03-4044-8976-86d7a43028b9 [36m304[0m 7.481 ms - -[0m
[2026-06-17T20:01:25.545Z] [INFO] [0mGET /api/v1/equipements [36m304[0m 6.597 ms - -[0m
[2026-06-17T20:02:25.487Z] [INFO] [0mGET /api/v1/alertes/non-lues/count [36m304[0m 1.414 ms - -[0m
[2026-06-17T20:03:25.475Z] [INFO] [0mGET /api/v1/alertes/non-lues/count [36m304[0m 1.382 ms - -[0m
[2026-06-17T20:04:25.481Z] [INFO] [0mGET /api/v1/alertes/non-lues/count [36m304[0m 1.870 ms - -[0m
[2026-06-17T20:05:25.503Z] [INFO] [0mGET /api/v1/alertes/non-lues/count [36m304[0m 4.894 ms - -[0m
[2026-06-17T20:06:25.480Z] [INFO] [0mGET /api/v1/alertes/non-lues/count [36m304[0m 1.479 ms - -[0m
[2026-06-17T20:07:26.309Z] [INFO] [0mGET /api/v1/alertes/non-lues/count [36m304[0m 60.956 ms - -[0m
[2026-06-17T20:09:10.318Z] [INFO] [0mGET /api/v1/alertes/non-lues/count [36m304[0m 70.294 ms - -[0m
[2026-06-17T20:10:10.251Z] [INFO] [0mGET /api/v1/alertes/non-lues/count [36m304[0m 2.804 ms - -[0m
[2026-06-17T20:11:10.246Z] [INFO] [0mGET /api/v1/alertes/non-lues/count [36m304[0m 1.338 ms - -[0m
[2026-06-17T20:12:10.247Z] [INFO] [0mGET /api/v1/alertes/non-lues/count [36m304[0m 1.460 ms - -[0m
[2026-06-17T20:13:10.249Z] [INFO] [0mGET /api/v1/alertes/non-lues/count [36m304[0m 1.386 ms - -[0m
[2026-06-17T20:13:40.305Z] [INFO] [0mGET /api/v1/alertes/non-lues/count [36m304[0m 7.827 ms - -[0m
[2026-06-17T20:14:25.481Z] [INFO] [0mGET /api/v1/alertes/non-lues/count [36m304[0m 2.235 ms - -[0m
[2026-06-17T20:15:25.491Z] [INFO] [0mGET /api/v1/alertes/non-lues/count [36m304[0m 1.981 ms - -[0m
[2026-06-17T20:16:25.479Z] [INFO] [0mGET /api/v1/alertes/non-lues/count [36m304[0m 1.491 ms - -[0m
[2026-06-17T20:17:25.477Z] [INFO] [0mGET /api/v1/alertes/non-lues/count [36m304[0m 1.614 ms - -[0m
[2026-06-17T20:18:25.479Z] [INFO] [0mGET /api/v1/alertes/non-lues/count [36m304[0m 1.402 ms - -[0m
[2026-06-17T20:19:25.485Z] [INFO] [0mGET /api/v1/alertes/non-lues/count [36m304[0m 2.480 ms - -[0m
[2026-06-17T20:20:25.493Z] [INFO] [0mGET /api/v1/alertes/non-lues/count [36m304[0m 1.548 ms - -[0m
[2026-06-17T20:21:25.494Z] [INFO] [0mGET /api/v1/alertes/non-lues/count [36m304[0m 5.071 ms - -[0m
[2026-06-17T20:22:25.479Z] [INFO] [0mGET /api/v1/alertes/non-lues/count [36m304[0m 1.442 ms - -[0m
[2026-06-17T20:23:25.485Z] [INFO] [0mGET /api/v1/alertes/non-lues/count [36m304[0m 1.534 ms - -[0m
[2026-06-17T20:24:25.488Z] [INFO] [0mGET /api/v1/alertes/non-lues/count [36m304[0m 1.737 ms - -[0m
[2026-06-17T20:25:26.410Z] [INFO] [0mGET /api/v1/alertes/non-lues/count [36m304[0m 173.222 ms - -[0m
[2026-06-17T20:27:10.307Z] [INFO] [0mGET /api/v1/alertes/non-lues/count [36m304[0m 55.193 ms - -[0m
[2026-06-17T20:27:25.491Z] [INFO] [0mGET /api/v1/alertes/non-lues/count [36m304[0m 1.790 ms - -[0m
[2026-06-17T20:28:25.475Z] [INFO] [0mGET /api/v1/alertes/non-lues/count [36m304[0m 1.320 ms - -[0m
[2026-06-17T20:29:25.478Z] [INFO] [0mGET /api/v1/alertes/non-lues/count [36m304[0m 1.350 ms - -[0m
[2026-06-17T20:30:25.478Z] [INFO] [0mGET /api/v1/alertes/non-lues/count [36m304[0m 1.350 ms - -[0m
[2026-06-17T20:31:25.544Z] [INFO] [0mGET /api/v1/alertes/non-lues/count [36m304[0m 54.206 ms - -[0m
[2026-06-17T20:32:25.487Z] [INFO] [0mGET /api/v1/alertes/non-lues/count [36m304[0m 1.747 ms - -[0m
[2026-06-17T20:33:25.480Z] [INFO] [0mGET /api/v1/alertes/non-lues/count [36m304[0m 2.040 ms - -[0m
[2026-06-17T20:34:25.486Z] [INFO] [0mGET /api/v1/alertes/non-lues/count [36m304[0m 1.536 ms - -[0m
[2026-06-17T20:35:25.482Z] [INFO] [0mGET /api/v1/alertes/non-lues/count [36m304[0m 1.426 ms - -[0m
[2026-06-17T20:36:25.487Z] [INFO] [0mGET /api/v1/alertes/non-lues/count [36m304[0m 1.554 ms - -[0m
[2026-06-17T20:37:25.479Z] [INFO] [0mGET /api/v1/alertes/non-lues/count [36m304[0m 1.311 ms - -[0m
[2026-06-17T20:38:25.484Z] [INFO] [0mGET /api/v1/alertes/non-lues/count [36m304[0m 2.976 ms - -[0m
[2026-06-17T20:39:26.310Z] [INFO] [0mGET /api/v1/alertes/non-lues/count [36m304[0m 53.852 ms - -[0m
[2026-06-17T20:41:10.309Z] [INFO] [0mGET /api/v1/alertes/non-lues/count [36m304[0m 55.537 ms - -[0m
[2026-06-17T20:41:58.031Z] [INFO] [0mGET /api/v1/alertes/non-lues/count [36m304[0m 2.748 ms - -[0m
[2026-06-17T20:42:14.565Z] [INFO] [0mGET /api/v1/alertes/non-lues/count [36m304[0m 1.886 ms - -[0m
[2026-06-17T20:42:14.638Z] [INFO] [0mGET /api/v1/formulaires?module=PRODUCTION&actif=true [36m304[0m 74.362 ms - -[0m
[2026-06-17T20:42:14.645Z] [INFO] [0mGET /api/v1/formulaires?module=PRODUCTION&actif=true [36m304[0m 2.388 ms - -[0m
[2026-06-17T20:42:19.386Z] [INFO] [0mGET /api/v1/formulaires?module=PRODUCTION&frequence=AU_BESOIN&actif=true [36m304[0m 5.493 ms - -[0m
[2026-06-17T20:42:28.309Z] [INFO] [0mGET /api/v1/alertes/non-lues/count [36m304[0m 5.372 ms - -[0m
[2026-06-17T20:42:28.316Z] [INFO] [0mGET /api/v1/formulaires/994b9705-e449-40df-bd0b-4963ebcd9d92 [32m200[0m 14.087 ms - 285[0m
[2026-06-17T20:42:28.328Z] [INFO] [0mGET /api/v1/formulaires/994b9705-e449-40df-bd0b-4963ebcd9d92 [36m304[0m 4.056 ms - -[0m
[2026-06-17T20:42:28.379Z] [INFO] [0mGET /api/v1/equipements [36m304[0m 73.737 ms - -[0m
[2026-06-17T20:42:28.381Z] [INFO] [0mGET /api/v1/utilisateurs/liste-signataires [36m304[0m 73.911 ms - -[0m
[2026-06-17T20:42:28.388Z] [INFO] [0mGET /api/v1/utilisateurs/liste-signataires [36m304[0m 0.752 ms - -[0m
[2026-06-17T20:42:28.392Z] [INFO] [0mGET /api/v1/equipements [36m304[0m 6.669 ms - -[0m
[2026-06-17T20:43:04.709Z] [INFO] [0mGET /api/v1/alertes/non-lues/count [36m304[0m 2.173 ms - -[0m
[2026-06-17T20:43:04.716Z] [INFO] [0mGET /api/v1/formulaires?module=PRODUCTION&actif=true [36m304[0m 7.649 ms - -[0m
[2026-06-17T20:43:04.726Z] [INFO] [0mGET /api/v1/formulaires?module=PRODUCTION&actif=true [36m304[0m 4.053 ms - -[0m
[2026-06-17T20:43:12.288Z] [INFO] [0mGET /api/v1/formulaires?module=PRODUCTION&frequence=AU_BESOIN&actif=true [36m304[0m 3.634 ms - -[0m
[2026-06-17T20:43:14.696Z] [INFO] [0mGET /api/v1/alertes/non-lues/count [36m304[0m 3.503 ms - -[0m
[2026-06-17T20:43:14.697Z] [INFO] [0mGET /api/v1/utilisateurs/liste-signataires [36m304[0m 2.702 ms - -[0m
[2026-06-17T20:43:14.699Z] [INFO] [0mGET /api/v1/formulaires/5f1d298e-56f4-47f3-98b9-d9dd45a66a15 [32m200[0m 8.250 ms - 4155[0m
[2026-06-17T20:43:14.712Z] [INFO] [0mGET /api/v1/equipements [36m304[0m 16.132 ms - -[0m
[2026-06-17T20:43:14.716Z] [INFO] [0mGET /api/v1/utilisateurs/liste-signataires [36m304[0m 5.762 ms - -[0m
[2026-06-17T20:43:14.722Z] [INFO] [0mGET /api/v1/formulaires/5f1d298e-56f4-47f3-98b9-d9dd45a66a15 [36m304[0m 11.438 ms - -[0m
[2026-06-17T20:43:14.728Z] [INFO] [0mGET /api/v1/equipements [36m304[0m 6.775 ms - -[0m
[2026-06-17T20:44:14.698Z] [INFO] [0mGET /api/v1/alertes/non-lues/count [36m304[0m 2.234 ms - -[0m
[2026-06-17T20:45:15.314Z] [INFO] [0mGET /api/v1/alertes/non-lues/count [36m304[0m 59.495 ms - -[0m
[2026-06-17T20:46:15.255Z] [INFO] [0mGET /api/v1/alertes/non-lues/count [36m304[0m 1.334 ms - -[0m
[2026-06-17T20:47:15.248Z] [INFO] [0mGET /api/v1/alertes/non-lues/count [36m304[0m 1.950 ms - -[0m
[2026-06-17T20:48:15.252Z] [INFO] [0mGET /api/v1/alertes/non-lues/count [36m304[0m 1.562 ms - -[0m
[2026-06-17T20:49:15.253Z] [INFO] [0mGET /api/v1/alertes/non-lues/count [33m401[0m 0.813 ms - 58[0m
[2026-06-17T20:58:50.845Z] [INFO] 🚀 InnoFaso backend démarré sur le port 5000 (development)
[2026-06-17T20:58:50.846Z] [INFO]    CORS autorisé : http://localhost:3000
[2026-06-17T20:58:51.018Z] [INFO] ⏰ Cron des alertes démarré.
[2026-06-17T21:22:20.551Z] [INFO] 🚀 InnoFaso backend démarré sur le port 5000 (development)
[2026-06-17T21:22:20.571Z] [INFO] ⏰ Cron des alertes démarré.
[2026-06-17T21:22:20.554Z] [INFO]    CORS autorisé : http://localhost:3000
[2026-06-17T21:22:44.722Z] [INFO] [0mPOST /api/v1/auth/login [32m200[0m 269.839 ms - 551[0m
[2026-06-17T21:22:44.785Z] [INFO] [0mGET /api/v1/alertes/non-lues/count [36m304[0m 14.031 ms - -[0m
[2026-06-17T21:22:44.806Z] [INFO] [0mGET /api/v1/soumissions?module=PRODUCTION&limit=8&page=1 [36m304[0m 14.641 ms - -[0m
[2026-06-17T21:22:44.858Z] [INFO] [0mGET /api/v1/alertes/non-lues/count [36m304[0m 20.150 ms - -[0m
[2026-06-17T21:22:44.879Z] [INFO] [0mGET /api/v1/soumissions?module=PRODUCTION&limit=8&page=1 [36m304[0m 6.261 ms - -[0m
[2026-06-17T21:22:44.919Z] [INFO] [0mGET /api/v1/dashboard/activite [36m304[0m 143.970 ms - -[0m
[2026-06-17T21:22:44.930Z] [INFO] [0mGET /api/v1/dashboard/retard [36m304[0m 145.005 ms - -[0m
[2026-06-17T21:22:44.935Z] [INFO] [0mGET /api/v1/matieres/stats [36m304[0m 155.505 ms - -[0m
[2026-06-17T21:22:44.981Z] [INFO] [0mGET /api/v1/dashboard/activite [36m304[0m 27.445 ms - -[0m
[2026-06-17T21:22:45.041Z] [INFO] [0mGET /api/v1/dashboard/stats [36m304[0m 267.214 ms - -[0m
[2026-06-17T21:22:45.055Z] [INFO] [0mGET /api/v1/dashboard/stats [36m304[0m 6.683 ms - -[0m
[2026-06-17T21:22:45.072Z] [INFO] [0mGET /api/v1/dashboard/kpi [36m304[0m 291.260 ms - -[0m
[2026-06-17T21:22:45.080Z] [INFO] [0mGET /api/v1/matieres/stats [36m304[0m 115.863 ms - -[0m
[2026-06-17T21:22:45.081Z] [INFO] [0mGET /api/v1/dashboard/retard [36m304[0m 118.363 ms - -[0m
[2026-06-17T21:22:45.087Z] [INFO] [0mGET /api/v1/dashboard/kpi [36m304[0m 8.428 ms - -[0m
[2026-06-17T21:22:51.700Z] [INFO] [0mGET /api/v1/alertes/non-lues/count [36m304[0m 15.402 ms - -[0m
[2026-06-17T21:22:51.712Z] [INFO] [0mGET /api/v1/planning/lignes [36m304[0m 14.132 ms - -[0m
[2026-06-17T21:22:51.720Z] [INFO] [0mGET /api/v1/alertes/non-lues/count [36m304[0m 5.102 ms - -[0m
[2026-06-17T21:22:51.723Z] [INFO] [0mGET /api/v1/planning/suivi-equipements?mois=6&annee=2026 [36m304[0m 14.921 ms - -[0m
[2026-06-17T21:22:51.725Z] [INFO] [0mGET /api/v1/planning/lignes [36m304[0m 5.925 ms - -[0m
[2026-06-17T21:22:51.737Z] [INFO] [0mGET /api/v1/planning/synthese?mois=6&annee=2026 [36m304[0m 35.556 ms - -[0m
[2026-06-17T21:22:51.739Z] [INFO] [0mGET /api/v1/planning/suivi-equipements?mois=6&annee=2026 [36m304[0m 6.373 ms - -[0m
[2026-06-17T21:22:51.741Z] [INFO] [0mGET /api/v1/planning/graphiques?mois=6&annee=2026 [36m304[0m 33.503 ms - -[0m
[2026-06-17T21:22:51.759Z] [INFO] [0mGET /api/v1/planning/synthese?mois=6&annee=2026 [36m304[0m 10.442 ms - -[0m
[2026-06-17T21:22:51.767Z] [INFO] [0mGET /api/v1/planning/graphiques?mois=6&annee=2026 [36m304[0m 17.522 ms - -[0m
[2026-06-17T21:23:00.751Z] [INFO] [0mGET /api/v1/alertes/non-lues/count [36m304[0m 3.184 ms - -[0m
[2026-06-17T21:23:00.752Z] [INFO] [0mGET /api/v1/equipements [36m304[0m 3.347 ms - -[0m
[2026-06-17T21:23:00.764Z] [INFO] [0mGET /api/v1/equipements [36m304[0m 5.782 ms - -[0m
[2026-06-17T21:23:04.189Z] [INFO] [0mGET /api/v1/auth/me [36m304[0m 2.138 ms - -[0m
[2026-06-17T21:23:04.199Z] [INFO] [0mGET /api/v1/auth/me [36m304[0m 2.491 ms - -[0m
[2026-06-17T21:23:04.264Z] [INFO] [0mGET /api/v1/alertes/non-lues/count [36m304[0m 3.085 ms - -[0m
[2026-06-17T21:23:04.266Z] [INFO] [0mGET /api/v1/equipements [36m304[0m 4.083 ms - -[0m
[2026-06-17T21:23:04.273Z] [INFO] [0mGET /api/v1/alertes/non-lues/count [36m304[0m 3.074 ms - -[0m
[2026-06-17T21:23:04.280Z] [INFO] [0mGET /api/v1/equipements [36m304[0m 7.693 ms - -[0m
[2026-06-17T21:24:04.273Z] [INFO] [0mGET /api/v1/alertes/non-lues/count [36m304[0m 5.966 ms - -[0m
[2026-06-17T21:25:04.245Z] [INFO] [0mGET /api/v1/alertes/non-lues/count [36m304[0m 1.645 ms - -[0m
[2026-06-17T21:26:04.244Z] [INFO] [0mGET /api/v1/alertes/non-lues/count [36m304[0m 1.806 ms - -[0m
[2026-06-17T21:27:05.301Z] [INFO] [0mGET /api/v1/alertes/non-lues/count [36m304[0m 60.822 ms - -[0m
[2026-06-17T21:28:05.253Z] [INFO] [0mGET /api/v1/alertes/non-lues/count [36m304[0m 2.867 ms - -[0m
[2026-06-17T21:29:05.245Z] [INFO] [0mGET /api/v1/alertes/non-lues/count [36m304[0m 2.342 ms - -[0m
[2026-06-17T21:30:10.319Z] [INFO] [0mGET /api/v1/alertes/non-lues/count [36m304[0m 63.757 ms - -[0m
[2026-06-17T21:31:10.249Z] [INFO] [0mGET /api/v1/alertes/non-lues/count [36m304[0m 2.137 ms - -[0m
[2026-06-17T21:32:10.260Z] [INFO] [0mGET /api/v1/alertes/non-lues/count [36m304[0m 3.756 ms - -[0m
[2026-06-17T21:33:10.251Z] [INFO] [0mGET /api/v1/alertes/non-lues/count [36m304[0m 2.297 ms - -[0m
[2026-06-17T21:34:10.244Z] [INFO] [0mGET /api/v1/alertes/non-lues/count [36m304[0m 1.713 ms - -[0m
[2026-06-17T21:35:10.250Z] [INFO] [0mGET /api/v1/alertes/non-lues/count [36m304[0m 2.398 ms - -[0m
[2026-06-17T21:36:10.317Z] [INFO] [0mGET /api/v1/alertes/non-lues/count [36m304[0m 61.265 ms - -[0m
[2026-06-17T21:37:10.256Z] [INFO] [0mGET /api/v1/alertes/non-lues/count [36m304[0m 2.357 ms - -[0m
[2026-06-17T21:38:10.244Z] [INFO] [0mGET /api/v1/alertes/non-lues/count [36m304[0m 1.830 ms - -[0m
[2026-06-17T21:39:10.324Z] [INFO] [0mGET /api/v1/alertes/non-lues/count [36m304[0m 62.428 ms - -[0m
[2026-06-17T21:40:10.254Z] [INFO] [0mGET /api/v1/alertes/non-lues/count [36m304[0m 2.107 ms - -[0m
[2026-06-17T21:41:10.262Z] [INFO] [0mGET /api/v1/alertes/non-lues/count [36m304[0m 2.297 ms - -[0m
[2026-06-17T21:42:10.259Z] [INFO] [0mGET /api/v1/alertes/non-lues/count [36m304[0m 1.718 ms - -[0m
[2026-06-17T21:43:10.260Z] [INFO] [0mGET /api/v1/alertes/non-lues/count [36m304[0m 1.583 ms - -[0m
[2026-06-17T21:44:10.255Z] [INFO] [0mGET /api/v1/alertes/non-lues/count [36m304[0m 2.168 ms - -[0m
[2026-06-17T21:45:10.251Z] [INFO] [0mGET /api/v1/alertes/non-lues/count [36m304[0m 2.453 ms - -[0m
[2026-06-17T21:46:10.239Z] [INFO] [0mGET /api/v1/alertes/non-lues/count [36m304[0m 1.876 ms - -[0m
[2026-06-17T21:47:10.321Z] [INFO] [0mGET /api/v1/alertes/non-lues/count [36m304[0m 61.283 ms - -[0m
[2026-06-17T21:48:10.249Z] [INFO] [0mGET /api/v1/alertes/non-lues/count [36m304[0m 1.565 ms - -[0m
[2026-06-17T21:49:10.251Z] [INFO] [0mGET /api/v1/alertes/non-lues/count [36m304[0m 2.172 ms - -[0m
[2026-06-17T21:50:10.250Z] [INFO] [0mGET /api/v1/alertes/non-lues/count [36m304[0m 1.888 ms - -[0m
[2026-06-17T21:51:10.260Z] [INFO] [0mGET /api/v1/alertes/non-lues/count [36m304[0m 2.510 ms - -[0m
[2026-06-17T21:52:10.255Z] [INFO] [0mGET /api/v1/alertes/non-lues/count [36m304[0m 1.816 ms - -[0m
[2026-06-17T21:53:10.248Z] [INFO] [0mGET /api/v1/alertes/non-lues/count [36m304[0m 1.823 ms - -[0m
[2026-06-17T21:54:10.247Z] [INFO] [0mGET /api/v1/alertes/non-lues/count [36m304[0m 1.370 ms - -[0m
[2026-06-17T21:55:10.245Z] [INFO] [0mGET /api/v1/alertes/non-lues/count [36m304[0m 2.004 ms - -[0m
[2026-06-17T21:56:12.627Z] [INFO] [0mGET /api/v1/alertes/non-lues/count [36m304[0m 64.224 ms - -[0m
[2026-06-17T21:57:10.247Z] [INFO] [0mGET /api/v1/alertes/non-lues/count [36m304[0m 2.310 ms - -[0m
[2026-06-17T21:58:10.241Z] [INFO] [0mGET /api/v1/alertes/non-lues/count [36m304[0m 1.904 ms - -[0m
[2026-06-17T21:59:10.253Z] [INFO] [0mGET /api/v1/alertes/non-lues/count [36m304[0m 1.837 ms - -[0m
[2026-06-17T22:00:10.247Z] [INFO] [0mGET /api/v1/alertes/non-lues/count [36m304[0m 1.811 ms - -[0m
[2026-06-17T22:01:10.255Z] [INFO] [0mGET /api/v1/alertes/non-lues/count [36m304[0m 2.631 ms - -[0m
[2026-06-17T22:02:10.248Z] [INFO] [0mGET /api/v1/alertes/non-lues/count [36m304[0m 1.558 ms - -[0m
[2026-06-17T22:03:10.250Z] [INFO] [0mGET /api/v1/alertes/non-lues/count [36m304[0m 2.395 ms - -[0m
[2026-06-17T22:04:10.323Z] [INFO] [0mGET /api/v1/alertes/non-lues/count [36m304[0m 68.286 ms - -[0m
[2026-06-17T22:05:10.242Z] [INFO] [0mGET /api/v1/alertes/non-lues/count [36m304[0m 1.866 ms - -[0m
[2026-06-17T22:06:10.246Z] [INFO] [0mGET /api/v1/alertes/non-lues/count [36m304[0m 1.615 ms - -[0m
[2026-06-17T22:07:10.257Z] [INFO] [0mGET /api/v1/alertes/non-lues/count [36m304[0m 1.587 ms - -[0m
[2026-06-17T22:08:10.247Z] [INFO] [0mGET /api/v1/alertes/non-lues/count [36m304[0m 1.776 ms - -[0m
[2026-06-17T22:09:10.248Z] [INFO] [0mGET /api/v1/alertes/non-lues/count [36m304[0m 1.995 ms - -[0m
[2026-06-17T22:10:10.245Z] [INFO] [0mGET /api/v1/alertes/non-lues/count [36m304[0m 1.646 ms - -[0m
[2026-06-17T22:11:10.318Z] [INFO] [0mGET /api/v1/alertes/non-lues/count [36m304[0m 67.455 ms - -[0m
[2026-06-17T22:12:10.248Z] [INFO] [0mGET /api/v1/alertes/non-lues/count [36m304[0m 1.862 ms - -[0m
[2026-06-17T22:13:10.254Z] [INFO] [0mGET /api/v1/alertes/non-lues/count [36m304[0m 2.245 ms - -[0m
[2026-06-17T22:14:10.254Z] [INFO] [0mGET /api/v1/alertes/non-lues/count [36m304[0m 2.232 ms - -[0m
[2026-06-17T22:15:10.259Z] [INFO] [0mGET /api/v1/alertes/non-lues/count [36m304[0m 2.899 ms - -[0m
[2026-06-17T22:16:10.251Z] [INFO] [0mGET /api/v1/alertes/non-lues/count [36m304[0m 2.104 ms - -[0m
[2026-06-17T22:17:10.256Z] [INFO] [0mGET /api/v1/alertes/non-lues/count [36m304[0m 1.552 ms - -[0m
[2026-06-17T22:18:10.243Z] [INFO] [0mGET /api/v1/alertes/non-lues/count [36m304[0m 1.582 ms - -[0m
[2026-06-17T22:19:10.249Z] [INFO] [0mGET /api/v1/alertes/non-lues/count [36m304[0m 1.656 ms - -[0m
[2026-06-17T22:20:10.245Z] [INFO] [0mGET /api/v1/alertes/non-lues/count [36m304[0m 2.027 ms - -[0m
[2026-06-17T22:21:10.243Z] [INFO] [0mGET /api/v1/alertes/non-lues/count [36m304[0m 2.662 ms - -[0m
[2026-06-17T22:22:10.355Z] [INFO] [0mGET /api/v1/alertes/non-lues/count [36m304[0m 90.789 ms - -[0m
[2026-06-17T22:23:10.248Z] [INFO] [0mGET /api/v1/alertes/non-lues/count [33m401[0m 0.971 ms - 58[0m
[2026-06-17T23:00:00.017Z] [INFO] Cron [23h00 — rappels maintenances demain] démarré
[2026-06-17T23:00:00.097Z] [INFO] Rappels maintenances : 0
[2026-06-17T23:00:00.097Z] [INFO] Cron [23h00 — rappels maintenances demain] terminé
