[2026-06-19T00:01:14.478Z] [INFO] [0mGET /api/v1/alertes/non-lues/count [36m304[0m 957.779 ms - -[0m
[2026-06-19T00:01:20.636Z] [INFO] [0mGET /api/v1/alertes/non-lues/count [36m304[0m 4.136 ms - -[0m
[2026-06-19T00:01:24.959Z] [INFO] [0mGET /api/v1/auth/me [32m200[0m 3.414 ms - 145[0m
[2026-06-19T00:01:25.018Z] [INFO] [0mGET /api/v1/auth/me [36m304[0m 27.912 ms - -[0m
[2026-06-19T00:01:25.092Z] [INFO] [0mGET /api/v1/alertes/non-lues/count [36m304[0m 3.682 ms - -[0m
[2026-06-19T00:01:25.119Z] [INFO] [0mGET /api/v1/alertes/non-lues/count [36m304[0m 3.388 ms - -[0m
[2026-06-19T00:01:25.290Z] [INFO] [0mGET /api/v1/formulaires/7e952210-6e7e-42b6-b423-afa1f0b95b24 [36m304[0m 196.420 ms - -[0m
[2026-06-19T00:01:25.303Z] [INFO] [0mGET /api/v1/formulaires/7e952210-6e7e-42b6-b423-afa1f0b95b24 [36m304[0m 6.691 ms - -[0m
[2026-06-19T00:01:26.541Z] [INFO] [0mGET /api/v1/formulaires/7e952210-6e7e-42b6-b423-afa1f0b95b24/sections [36m304[0m 11.750 ms - -[0m
[2026-06-19T00:01:26.564Z] [INFO] [0mGET /api/v1/formulaires/7e952210-6e7e-42b6-b423-afa1f0b95b24/sections [36m304[0m 13.745 ms - -[0m
[2026-06-19T00:02:25.048Z] [INFO] [0mGET /api/v1/alertes/non-lues/count [33m401[0m 0.421 ms - 58[0m
[2026-06-19T00:03:04.843Z] [INFO] [0mPOST /api/v1/auth/login [32m200[0m 555.148 ms - 551[0m
[2026-06-19T00:03:04.928Z] [INFO] [0mGET /api/v1/alertes/non-lues/count [36m304[0m 7.390 ms - -[0m
[2026-06-19T00:03:04.961Z] [INFO] [0mGET /api/v1/planning/suivi-equipements?mois=6&annee=2026 [36m304[0m 6.159 ms - -[0m
[2026-06-19T00:03:04.948Z] [INFO] [0mGET /api/v1/planning/suivi-equipements?mois=6&annee=2026 [36m304[0m 16.689 ms - -[0m
[2026-06-19T00:03:05.046Z] [INFO] [0mGET /api/v1/planning/lignes [36m304[0m 120.876 ms - -[0m
[2026-06-19T00:03:05.059Z] [INFO] [0mGET /api/v1/planning/lignes [36m304[0m 5.587 ms - -[0m
[2026-06-19T00:03:05.068Z] [INFO] [0mGET /api/v1/alertes/non-lues/count [36m304[0m 123.676 ms - -[0m
[2026-06-19T00:03:05.083Z] [INFO] [0mGET /api/v1/planning/graphiques?mois=6&annee=2026 [36m304[0m 146.933 ms - -[0m
[2026-06-19T00:03:05.085Z] [INFO] [0mGET /api/v1/planning/synthese?mois=6&annee=2026 [36m304[0m 152.641 ms - -[0m
[2026-06-19T00:03:05.102Z] [INFO] [0mGET /api/v1/planning/graphiques?mois=6&annee=2026 [36m304[0m 11.302 ms - -[0m
[2026-06-19T00:03:05.104Z] [INFO] [0mGET /api/v1/planning/synthese?mois=6&annee=2026 [36m304[0m 11.588 ms - -[0m
[2026-06-19T00:03:07.271Z] [INFO] [0mGET /api/v1/alertes/non-lues/count [36m304[0m 7.692 ms - -[0m
[2026-06-19T00:03:07.275Z] [INFO] [0mGET /api/v1/equipements [36m304[0m 8.624 ms - -[0m
[2026-06-19T00:03:07.288Z] [INFO] [0mGET /api/v1/equipements [36m304[0m 4.419 ms - -[0m
[2026-06-19T00:04:07.279Z] [INFO] [0mGET /api/v1/alertes/non-lues/count [36m304[0m 6.198 ms - -[0m
[2026-06-19T00:05:07.288Z] [INFO] [0mGET /api/v1/alertes/non-lues/count [36m304[0m 4.901 ms - -[0m
[2026-06-19T00:06:07.278Z] [INFO] [0mGET /api/v1/alertes/non-lues/count [36m304[0m 5.193 ms - -[0m
[2026-06-19T00:07:07.632Z] [INFO] [0mGET /api/v1/alertes/non-lues/count [36m304[0m 167.602 ms - -[0m
[2026-06-19T00:08:07.468Z] [INFO] [0mGET /api/v1/alertes/non-lues/count [36m304[0m 4.650 ms - -[0m
[2026-06-19T00:09:07.462Z] [INFO] [0mGET /api/v1/alertes/non-lues/count [36m304[0m 5.316 ms - -[0m
[2026-06-19T00:10:59.729Z] [INFO] [0mGET /api/v1/alertes/non-lues/count [36m304[0m 270.113 ms - -[0m
[2026-06-19T00:11:59.466Z] [INFO] [0mGET /api/v1/alertes/non-lues/count [36m304[0m 5.391 ms - -[0m
[2026-06-19T00:12:59.626Z] [INFO] [0mGET /api/v1/alertes/non-lues/count [36m304[0m 153.231 ms - -[0m
[2026-06-19T00:23:42.140Z] [INFO] [0mGET /api/v1/alertes/non-lues/count [36m304[0m 141.551 ms - -[0m
[2026-06-19T00:23:47.836Z] [INFO] [0mGET /api/v1/auth/me [36m304[0m 2.833 ms - -[0m
[2026-06-19T00:23:47.865Z] [INFO] [0mGET /api/v1/auth/me [36m304[0m 2.524 ms - -[0m
[2026-06-19T00:23:48.003Z] [INFO] [0mGET /api/v1/equipements [36m304[0m 23.019 ms - -[0m
[2026-06-19T00:23:48.022Z] [INFO] [0mGET /api/v1/equipements [36m304[0m 5.081 ms - -[0m
[2026-06-19T00:23:48.265Z] [INFO] [0mGET /api/v1/alertes/non-lues/count [36m304[0m 281.990 ms - -[0m
[2026-06-19T00:23:48.278Z] [INFO] [0mGET /api/v1/alertes/non-lues/count [36m304[0m 4.259 ms - -[0m
[2026-06-19T00:24:48.493Z] [INFO] [0mGET /api/v1/alertes/non-lues/count [36m304[0m 64.796 ms - -[0m
[2026-06-19T00:25:48.444Z] [INFO] [0mGET /api/v1/alertes/non-lues/count [36m304[0m 2.994 ms - -[0m
[2026-06-19T00:26:48.631Z] [INFO] [0mGET /api/v1/alertes/non-lues/count [36m304[0m 182.973 ms - -[0m
[2026-06-19T00:27:48.465Z] [INFO] [0mGET /api/v1/alertes/non-lues/count [36m304[0m 8.585 ms - -[0m
[2026-06-19T00:28:48.451Z] [INFO] [0mGET /api/v1/alertes/non-lues/count [36m304[0m 5.485 ms - -[0m
[2026-06-19T00:29:48.443Z] [INFO] [0mGET /api/v1/alertes/non-lues/count [36m304[0m 4.930 ms - -[0m
[2026-06-19T00:30:59.505Z] [INFO] [0mGET /api/v1/alertes/non-lues/count [36m304[0m 61.610 ms - -[0m
[2026-06-19T00:31:59.438Z] [INFO] [0mGET /api/v1/alertes/non-lues/count [36m304[0m 3.829 ms - -[0m
[2026-06-19T00:32:59.437Z] [INFO] [0mGET /api/v1/alertes/non-lues/count [36m304[0m 1.912 ms - -[0m
[2026-06-19T00:33:59.443Z] [INFO] [0mGET /api/v1/alertes/non-lues/count [36m304[0m 1.878 ms - -[0m
[2026-06-19T00:34:59.442Z] [INFO] [0mGET /api/v1/alertes/non-lues/count [36m304[0m 1.555 ms - -[0m
[2026-06-19T00:35:59.439Z] [INFO] [0mGET /api/v1/alertes/non-lues/count [36m304[0m 2.077 ms - -[0m
[2026-06-19T00:36:59.434Z] [INFO] [0mGET /api/v1/alertes/non-lues/count [36m304[0m 1.633 ms - -[0m
[2026-06-19T00:37:59.449Z] [INFO] [0mGET /api/v1/alertes/non-lues/count [36m304[0m 1.526 ms - -[0m
[2026-06-19T00:38:59.438Z] [INFO] [0mGET /api/v1/alertes/non-lues/count [36m304[0m 1.429 ms - -[0m
[2026-06-19T00:39:59.434Z] [INFO] [0mGET /api/v1/alertes/non-lues/count [36m304[0m 1.422 ms - -[0m
[2026-06-19T00:40:59.449Z] [INFO] [0mGET /api/v1/alertes/non-lues/count [36m304[0m 1.676 ms - -[0m
[2026-06-19T00:41:59.438Z] [INFO] [0mGET /api/v1/alertes/non-lues/count [36m304[0m 1.778 ms - -[0m
[2026-06-19T00:42:59.443Z] [INFO] [0mGET /api/v1/alertes/non-lues/count [36m304[0m 1.649 ms - -[0m
[2026-06-19T00:43:59.434Z] [INFO] [0mGET /api/v1/alertes/non-lues/count [36m304[0m 2.420 ms - -[0m
[2026-06-19T00:44:59.437Z] [INFO] [0mGET /api/v1/alertes/non-lues/count [36m304[0m 1.724 ms - -[0m
[2026-06-19T00:45:59.432Z] [INFO] [0mGET /api/v1/alertes/non-lues/count [36m304[0m 1.867 ms - -[0m
[2026-06-19T00:46:59.427Z] [INFO] [0mGET /api/v1/alertes/non-lues/count [36m304[0m 1.410 ms - -[0m
[2026-06-19T00:47:59.432Z] [INFO] [0mGET /api/v1/alertes/non-lues/count [36m304[0m 1.420 ms - -[0m
[2026-06-19T00:48:59.431Z] [INFO] [0mGET /api/v1/alertes/non-lues/count [36m304[0m 1.491 ms - -[0m
[2026-06-19T00:49:59.446Z] [INFO] [0mGET /api/v1/alertes/non-lues/count [36m304[0m 1.504 ms - -[0m
[2026-06-19T00:50:59.441Z] [INFO] [0mGET /api/v1/alertes/non-lues/count [36m304[0m 5.646 ms - -[0m
[2026-06-19T00:51:59.428Z] [INFO] [0mGET /api/v1/alertes/non-lues/count [36m304[0m 2.327 ms - -[0m
[2026-06-19T00:52:59.450Z] [INFO] [0mGET /api/v1/alertes/non-lues/count [36m304[0m 3.460 ms - -[0m
[2026-06-19T00:53:59.446Z] [INFO] [0mGET /api/v1/alertes/non-lues/count [36m304[0m 1.435 ms - -[0m
[2026-06-19T00:54:59.436Z] [INFO] [0mGET /api/v1/alertes/non-lues/count [36m304[0m 1.635 ms - -[0m
[2026-06-19T00:55:59.438Z] [INFO] [0mGET /api/v1/alertes/non-lues/count [36m304[0m 1.426 ms - -[0m
[2026-06-19T00:56:59.450Z] [INFO] [0mGET /api/v1/alertes/non-lues/count [36m304[0m 1.829 ms - -[0m
[2026-06-19T00:57:59.438Z] [INFO] [0mGET /api/v1/alertes/non-lues/count [36m304[0m 1.409 ms - -[0m
[2026-06-19T00:58:59.436Z] [INFO] [0mGET /api/v1/alertes/non-lues/count [36m304[0m 1.261 ms - -[0m
[2026-06-19T00:59:59.431Z] [INFO] [0mGET /api/v1/alertes/non-lues/count [36m304[0m 1.672 ms - -[0m
[2026-06-19T01:00:59.495Z] [INFO] [0mGET /api/v1/alertes/non-lues/count [36m304[0m 58.227 ms - -[0m
[2026-06-19T01:01:59.457Z] [INFO] [0mGET /api/v1/alertes/non-lues/count [36m304[0m 2.990 ms - -[0m
[2026-06-19T01:02:59.433Z] [INFO] [0mGET /api/v1/alertes/non-lues/count [36m304[0m 1.500 ms - -[0m
[2026-06-19T01:03:59.449Z] [INFO] [0mGET /api/v1/alertes/non-lues/count [33m401[0m 1.491 ms - 58[0m
[2026-06-19T07:30:00.032Z] [INFO] Cron [07h30 — plannings en retard] démarré
[2026-06-19T07:30:00.166Z] [INFO] Cron [07h30 — plannings en retard] terminé
[2026-06-19T08:00:00.027Z] [INFO] Cron [08h00 — rappel matinal formulaires] démarré
[2026-06-19T08:00:00.270Z] [INFO] Cron [08h00 — rappel matinal formulaires] terminé
